<?xml version="1.0" encoding="UTF-8"?>
<coverage generated="1767831300539" clover="3.2.0">
  <project timestamp="1767831300539" name="All files">
    <metrics statements="1617" coveredstatements="1031" conditionals="930" coveredconditionals="600" methods="195" coveredmethods="143" elements="2742" coveredelements="1774" complexity="0" loc="1617" ncloc="1617" packages="1" files="12" classes="12"/>
    <file name="background-sync.ts" path="/home/ubuntu/quarrycmms/src/services/sync/background-sync.ts">
      <metrics statements="68" coveredstatements="46" conditionals="21" coveredconditionals="10" methods="6" coveredmethods="5"/>
      <line num="19" count="1" type="stmt"/>
      <line num="36" count="1" type="stmt"/>
      <line num="54" count="1" type="stmt"/>
      <line num="60" count="1" type="stmt"/>
      <line num="61" count="0" type="stmt"/>
      <line num="63" count="0" type="stmt"/>
      <line num="65" count="0" type="stmt"/>
      <line num="66" count="0" type="stmt"/>
      <line num="68" count="0" type="cond" truecount="0" falsecount="5"/>
      <line num="69" count="0" type="stmt"/>
      <line num="70" count="0" type="stmt"/>
      <line num="74" count="0" type="stmt"/>
      <line num="75" count="0" type="cond" truecount="0" falsecount="2"/>
      <line num="76" count="0" type="stmt"/>
      <line num="77" count="0" type="stmt"/>
      <line num="81" count="0" type="stmt"/>
      <line num="82" count="0" type="stmt"/>
      <line num="83" count="0" type="stmt"/>
      <line num="86" count="0" type="cond" truecount="0" falsecount="4"/>
      <line num="87" count="0" type="stmt"/>
      <line num="88" count="0" type="stmt"/>
      <line num="89" count="0" type="stmt"/>
      <line num="94" count="0" type="stmt"/>
      <line num="95" count="0" type="stmt"/>
      <line num="97" count="0" type="stmt"/>
      <line num="98" count="0" type="stmt"/>
      <line num="119" count="6" type="stmt"/>
      <line num="121" count="6" type="stmt"/>
      <line num="123" count="6" type="stmt"/>
      <line num="125" count="6" type="cond" truecount="2" falsecount="0"/>
      <line num="126" count="1" type="stmt"/>
      <line num="127" count="1" type="stmt"/>
      <line num="130" count="5" type="cond" truecount="2" falsecount="0"/>
      <line num="131" count="1" type="stmt"/>
      <line num="132" count="1" type="stmt"/>
      <line num="136" count="4" type="stmt"/>
      <line num="142" count="3" type="stmt"/>
      <line num="146" count="1" type="stmt"/>
      <line num="147" count="1" type="stmt"/>
      <line num="155" count="3" type="stmt"/>
      <line num="156" count="3" type="stmt"/>
      <line num="158" count="3" type="cond" truecount="2" falsecount="0"/>
      <line num="159" count="2" type="stmt"/>
      <line num="160" count="1" type="stmt"/>
      <line num="163" count="1" type="stmt"/>
      <line num="164" count="1" type="stmt"/>
      <line num="174" count="5" type="stmt"/>
      <line num="175" count="5" type="stmt"/>
      <line num="181" count="4" type="cond" truecount="4" falsecount="0"/>
      <line num="183" count="1" type="stmt"/>
      <line num="184" count="1" type="stmt"/>
      <line num="186" count="1" type="stmt"/>
      <line num="187" count="1" type="stmt"/>
      <line num="189" count="1" type="stmt"/>
      <line num="190" count="1" type="stmt"/>
      <line num="192" count="1" type="stmt"/>
      <line num="195" count="4" type="stmt"/>
      <line num="201" count="1" type="stmt"/>
      <line num="202" count="1" type="stmt"/>
      <line num="214" count="4" type="stmt"/>
      <line num="222" count="3" type="stmt"/>
      <line num="224" count="3" type="stmt"/>
      <line num="225" count="3" type="stmt"/>
      <line num="226" count="3" type="stmt"/>
      <line num="228" count="3" type="stmt"/>
      <line num="229" count="2" type="stmt"/>
      <line num="231" count="1" type="stmt"/>
      <line num="232" count="1" type="stmt"/>
    </file>
    <file name="backoff.ts" path="/home/ubuntu/quarrycmms/src/services/sync/backoff.ts">
      <metrics statements="26" coveredstatements="26" conditionals="16" coveredconditionals="16" methods="5" coveredmethods="5"/>
      <line num="27" count="2" type="stmt"/>
      <line num="59" count="19" type="stmt"/>
      <line num="62" count="19" type="stmt"/>
      <line num="65" count="19" type="stmt"/>
      <line num="68" count="19" type="stmt"/>
      <line num="70" count="19" type="stmt"/>
      <line num="90" count="5" type="stmt"/>
      <line num="115" count="23" type="cond" truecount="4" falsecount="0"/>
      <line num="116" count="12" type="stmt"/>
      <line num="120" count="11" type="stmt"/>
      <line num="121" count="11" type="stmt"/>
      <line num="126" count="11" type="stmt"/>
      <line num="142" count="7" type="cond" truecount="4" falsecount="0"/>
      <line num="143" count="2" type="stmt"/>
      <line num="146" count="5" type="stmt"/>
      <line num="147" count="5" type="stmt"/>
      <line num="152" count="5" type="stmt"/>
      <line num="153" count="5" type="stmt"/>
      <line num="155" count="5" type="stmt"/>
      <line num="165" count="21" type="cond" truecount="2" falsecount="0"/>
      <line num="166" count="4" type="stmt"/>
      <line num="167" count="17" type="cond" truecount="2" falsecount="0"/>
      <line num="168" count="8" type="stmt"/>
      <line num="169" count="8" type="cond" truecount="2" falsecount="0"/>
      <line num="171" count="9" type="stmt"/>
      <line num="172" count="9" type="cond" truecount="2" falsecount="0"/>
    </file>
    <file name="conflict-log.ts" path="/home/ubuntu/quarrycmms/src/services/sync/conflict-log.ts">
      <metrics statements="73" coveredstatements="73" conditionals="27" coveredconditionals="27" methods="17" coveredmethods="17"/>
      <line num="16" count="1" type="stmt"/>
      <line num="21" count="1" type="stmt"/>
      <line num="26" count="1" type="stmt"/>
      <line num="58" count="3" type="stmt"/>
      <line num="59" count="3" type="stmt"/>
      <line num="60" count="3" type="stmt"/>
      <line num="67" count="155" type="stmt"/>
      <line num="68" count="155" type="stmt"/>
      <line num="69" count="154" type="cond" truecount="2" falsecount="0"/>
      <line num="70" count="123" type="stmt"/>
      <line num="72" count="2" type="stmt"/>
      <line num="73" count="2" type="stmt"/>
      <line num="81" count="132" type="stmt"/>
      <line num="82" count="132" type="stmt"/>
      <line num="84" count="1" type="stmt"/>
      <line num="96" count="129" type="stmt"/>
      <line num="109" count="129" type="stmt"/>
      <line num="112" count="129" type="stmt"/>
      <line num="115" count="129" type="stmt"/>
      <line num="117" count="129" type="stmt"/>
      <line num="120" count="129" type="cond" truecount="2" falsecount="0"/>
      <line num="127" count="129" type="stmt"/>
      <line num="136" count="7" type="stmt"/>
      <line num="137" count="7" type="stmt"/>
      <line num="150" count="3" type="stmt"/>
      <line num="151" count="12" type="cond" truecount="2" falsecount="0"/>
      <line num="158" count="2" type="stmt"/>
      <line num="159" count="5" type="stmt"/>
      <line num="172" count="3" type="stmt"/>
      <line num="173" count="9" type="cond" truecount="2" falsecount="0"/>
      <line num="187" count="3" type="stmt"/>
      <line num="188" count="3" type="stmt"/>
      <line num="189" count="3" type="stmt"/>
      <line num="190" count="3" type="stmt"/>
      <line num="192" count="3" type="stmt"/>
      <line num="193" count="3" type="stmt"/>
      <line num="194" count="3" type="stmt"/>
      <line num="195" count="3" type="stmt"/>
      <line num="196" count="3" type="stmt"/>
      <line num="198" count="3" type="stmt"/>
      <line num="200" count="9" type="cond" truecount="2" falsecount="0"/>
      <line num="203" count="9" type="cond" truecount="2" falsecount="0"/>
      <line num="204" count="7" type="stmt"/>
      <line num="206" count="2" type="stmt"/>
      <line num="210" count="9" type="cond" truecount="2" falsecount="0"/>
      <line num="211" count="6" type="stmt"/>
      <line num="213" count="9" type="cond" truecount="2" falsecount="0"/>
      <line num="214" count="8" type="stmt"/>
      <line num="218" count="3" type="stmt"/>
      <line num="234" count="4" type="stmt"/>
      <line num="235" count="4" type="stmt"/>
      <line num="237" count="4" type="stmt"/>
      <line num="238" count="5" type="stmt"/>
      <line num="239" count="4" type="stmt"/>
      <line num="241" count="4" type="cond" truecount="2" falsecount="0"/>
      <line num="242" count="1" type="stmt"/>
      <line num="243" count="1" type="stmt"/>
      <line num="246" count="4" type="stmt"/>
      <line num="253" count="2" type="stmt"/>
      <line num="254" count="2" type="stmt"/>
      <line num="269" count="4" type="stmt"/>
      <line num="270" count="4" type="stmt"/>
      <line num="272" count="4" type="cond" truecount="2" falsecount="0"/>
      <line num="273" count="2" type="stmt"/>
      <line num="274" count="2" type="stmt"/>
      <line num="278" count="2" type="stmt"/>
      <line num="284" count="2" type="stmt"/>
      <line num="285" count="2" type="stmt"/>
      <line num="286" count="2" type="cond" truecount="2" falsecount="0"/>
      <line num="287" count="1" type="stmt"/>
      <line num="290" count="2" type="stmt"/>
      <line num="291" count="2" type="stmt"/>
      <line num="292" count="2" type="stmt"/>
    </file>
    <file name="conflict-resolver.ts" path="/home/ubuntu/quarrycmms/src/services/sync/conflict-resolver.ts">
      <metrics statements="274" coveredstatements="240" conditionals="233" coveredconditionals="186" methods="13" coveredmethods="13"/>
      <line num="34" count="1" type="stmt"/>
      <line num="39" count="1" type="stmt"/>
      <line num="44" count="1" type="stmt"/>
      <line num="54" count="45" type="cond" truecount="2" falsecount="0"/>
      <line num="55" count="4" type="stmt"/>
      <line num="58" count="41" type="stmt"/>
      <line num="59" count="41" type="cond" truecount="2" falsecount="0"/>
      <line num="61" count="41" type="stmt"/>
      <line num="68" count="2" type="stmt"/>
      <line num="69" count="2" type="stmt"/>
      <line num="70" count="2" type="cond" truecount="2" falsecount="0"/>
      <line num="77" count="8" type="stmt"/>
      <line num="78" count="8" type="stmt"/>
      <line num="79" count="8" type="cond" truecount="2" falsecount="0"/>
      <line num="86" count="4" type="stmt"/>
      <line num="87" count="4" type="stmt"/>
      <line num="88" count="4" type="cond" truecount="2" falsecount="0"/>
      <line num="100" count="12" type="cond" truecount="3" falsecount="1"/>
      <line num="101" count="12" type="cond" truecount="2" falsecount="0"/>
      <line num="102" count="10" type="cond" truecount="2" falsecount="0"/>
      <line num="103" count="9" type="cond" truecount="1" falsecount="1"/>
      <line num="105" count="9" type="cond" truecount="2" falsecount="0"/>
      <line num="106" count="9" type="cond" truecount="2" falsecount="0"/>
      <line num="108" count="9" type="stmt"/>
      <line num="115" count="11" type="cond" truecount="2" falsecount="0"/>
      <line num="116" count="9" type="cond" truecount="1" falsecount="1"/>
      <line num="117" count="9" type="stmt"/>
      <line num="124" count="13" type="cond" truecount="2" falsecount="0"/>
      <line num="125" count="10" type="cond" truecount="1" falsecount="1"/>
      <line num="126" count="10" type="stmt"/>
      <line num="137" count="28" type="stmt"/>
      <line num="140" count="28" type="cond" truecount="2" falsecount="0"/>
      <line num="147" count="1" type="stmt"/>
      <line num="151" count="28" type="cond" truecount="2" falsecount="0"/>
      <line num="152" count="2" type="stmt"/>
      <line num="153" count="2" type="stmt"/>
      <line num="154" count="2" type="cond" truecount="2" falsecount="0"/>
      <line num="155" count="1" type="stmt"/>
      <line num="160" count="28" type="cond" truecount="2" falsecount="0"/>
      <line num="166" count="1" type="stmt"/>
      <line num="169" count="28" type="stmt"/>
      <line num="180" count="29" type="stmt"/>
      <line num="181" count="29" type="stmt"/>
      <line num="182" count="29" type="stmt"/>
      <line num="185" count="29" type="cond" truecount="2" falsecount="0"/>
      <line num="186" count="1" type="stmt"/>
      <line num="194" count="28" type="stmt"/>
      <line num="197" count="28" type="stmt"/>
      <line num="201" count="28" type="cond" truecount="2" falsecount="0"/>
      <line num="202" count="8" type="stmt"/>
      <line num="203" count="8" type="stmt"/>
      <line num="204" count="8" type="stmt"/>
      <line num="212" count="20" type="cond" truecount="4" falsecount="0"/>
      <line num="215" count="1" type="cond" truecount="1" falsecount="1"/>
      <line num="216" count="1" type="cond" truecount="1" falsecount="1"/>
      <line num="218" count="1" type="cond" truecount="1" falsecount="1"/>
      <line num="220" count="1" type="stmt"/>
      <line num="221" count="1" type="stmt"/>
      <line num="222" count="1" type="cond" truecount="1" falsecount="1"/>
      <line num="224" count="1" type="stmt"/>
      <line num="234" count="1" type="cond" truecount="3" falsecount="1"/>
      <line num="235" count="0" type="stmt"/>
      <line num="241" count="28" type="cond" truecount="2" falsecount="0"/>
      <line num="242" count="2" type="stmt"/>
      <line num="243" count="2" type="stmt"/>
      <line num="244" count="2" type="stmt"/>
      <line num="255" count="28" type="cond" truecount="2" falsecount="0"/>
      <line num="256" count="3" type="stmt"/>
      <line num="257" count="3" type="stmt"/>
      <line num="258" count="3" type="stmt"/>
      <line num="269" count="28" type="cond" truecount="2" falsecount="0"/>
      <line num="270" count="2" type="cond" truecount="2" falsecount="0"/>
      <line num="271" count="2" type="cond" truecount="2" falsecount="0"/>
      <line num="272" count="2" type="stmt"/>
      <line num="278" count="2" type="stmt"/>
      <line num="279" count="2" type="stmt"/>
      <line num="290" count="28" type="cond" truecount="2" falsecount="0"/>
      <line num="291" count="28" type="cond" truecount="2" falsecount="0"/>
      <line num="292" count="1" type="stmt"/>
      <line num="293" count="1" type="cond" truecount="1" falsecount="1"/>
      <line num="294" count="1" type="stmt"/>
      <line num="305" count="28" type="cond" truecount="2" falsecount="0"/>
      <line num="306" count="28" type="cond" truecount="2" falsecount="0"/>
      <line num="307" count="1" type="stmt"/>
      <line num="308" count="1" type="cond" truecount="1" falsecount="1"/>
      <line num="309" count="1" type="stmt"/>
      <line num="320" count="28" type="cond" truecount="2" falsecount="0"/>
      <line num="321" count="28" type="cond" truecount="2" falsecount="0"/>
      <line num="322" count="2" type="stmt"/>
      <line num="323" count="2" type="cond" truecount="1" falsecount="1"/>
      <line num="326" count="2" type="cond" truecount="1" falsecount="1"/>
      <line num="327" count="0" type="stmt"/>
      <line num="329" count="2" type="stmt"/>
      <line num="332" count="2" type="stmt"/>
      <line num="343" count="28" type="cond" truecount="2" falsecount="0"/>
      <line num="344" count="5" type="stmt"/>
      <line num="345" count="5" type="stmt"/>
      <line num="346" count="5" type="stmt"/>
      <line num="357" count="28" type="cond" truecount="1" falsecount="1"/>
      <line num="359" count="0" type="stmt"/>
      <line num="360" count="0" type="stmt"/>
      <line num="362" count="0" type="cond" truecount="0" falsecount="2"/>
      <line num="363" count="0" type="stmt"/>
      <line num="364" count="0" type="stmt"/>
      <line num="375" count="28" type="cond" truecount="2" falsecount="0"/>
      <line num="376" count="1" type="cond" truecount="1" falsecount="1"/>
      <line num="377" count="1" type="stmt"/>
      <line num="378" count="1" type="stmt"/>
      <line num="389" count="28" type="cond" truecount="1" falsecount="1"/>
      <line num="390" count="0" type="stmt"/>
      <line num="391" count="0" type="stmt"/>
      <line num="392" count="0" type="cond" truecount="0" falsecount="2"/>
      <line num="393" count="0" type="stmt"/>
      <line num="394" count="0" type="stmt"/>
      <line num="405" count="28" type="cond" truecount="1" falsecount="1"/>
      <line num="406" count="0" type="stmt"/>
      <line num="407" count="0" type="stmt"/>
      <line num="409" count="0" type="cond" truecount="0" falsecount="2"/>
      <line num="410" count="0" type="stmt"/>
      <line num="411" count="0" type="stmt"/>
      <line num="422" count="28" type="stmt"/>
      <line num="423" count="28" type="stmt"/>
      <line num="425" count="28" type="cond" truecount="4" falsecount="0"/>
      <line num="431" count="4" type="cond" truecount="4" falsecount="0"/>
      <line num="433" count="1" type="stmt"/>
      <line num="434" count="1" type="cond" truecount="1" falsecount="1"/>
      <line num="437" count="1" type="stmt"/>
      <line num="438" count="1" type="stmt"/>
      <line num="439" count="3" type="cond" truecount="4" falsecount="0"/>
      <line num="441" count="1" type="stmt"/>
      <line num="442" count="1" type="stmt"/>
      <line num="443" count="1" type="stmt"/>
      <line num="444" count="1" type="stmt"/>
      <line num="447" count="2" type="cond" truecount="1" falsecount="1"/>
      <line num="448" count="2" type="cond" truecount="1" falsecount="1"/>
      <line num="452" count="2" type="cond" truecount="1" falsecount="1"/>
      <line num="453" count="2" type="stmt"/>
      <line num="454" count="2" type="cond" truecount="1" falsecount="1"/>
      <line num="457" count="2" type="stmt"/>
      <line num="459" count="0" type="stmt"/>
      <line num="460" count="0" type="stmt"/>
      <line num="461" count="0" type="stmt"/>
      <line num="463" count="2" type="stmt"/>
      <line num="466" count="4" type="stmt"/>
      <line num="467" count="4" type="stmt"/>
      <line num="468" count="4" type="stmt"/>
      <line num="470" count="4" type="stmt"/>
      <line num="483" count="28" type="cond" truecount="6" falsecount="0"/>
      <line num="484" count="1" type="cond" truecount="1" falsecount="1"/>
      <line num="486" count="1" type="cond" truecount="1" falsecount="1"/>
      <line num="487" count="1" type="stmt"/>
      <line num="493" count="28" type="cond" truecount="2" falsecount="0"/>
      <line num="497" count="1" type="cond" truecount="1" falsecount="1"/>
      <line num="498" count="0" type="stmt"/>
      <line num="499" count="0" type="stmt"/>
      <line num="500" count="1" type="cond" truecount="1" falsecount="1"/>
      <line num="501" count="0" type="stmt"/>
      <line num="502" count="0" type="stmt"/>
      <line num="506" count="1" type="stmt"/>
      <line num="508" count="1" type="stmt"/>
      <line num="514" count="1" type="stmt"/>
      <line num="515" count="1" type="stmt"/>
      <line num="517" count="1" type="stmt"/>
      <line num="527" count="28" type="stmt"/>
      <line num="539" count="10" type="stmt"/>
      <line num="540" count="10" type="stmt"/>
      <line num="541" count="10" type="stmt"/>
      <line num="544" count="10" type="cond" truecount="2" falsecount="0"/>
      <line num="545" count="1" type="stmt"/>
      <line num="553" count="9" type="stmt"/>
      <line num="556" count="9" type="cond" truecount="2" falsecount="0"/>
      <line num="557" count="4" type="stmt"/>
      <line num="558" count="4" type="stmt"/>
      <line num="559" count="4" type="stmt"/>
      <line num="570" count="9" type="cond" truecount="2" falsecount="0"/>
      <line num="571" count="2" type="stmt"/>
      <line num="575" count="2" type="stmt"/>
      <line num="576" count="2" type="stmt"/>
      <line num="587" count="9" type="cond" truecount="2" falsecount="0"/>
      <line num="588" count="1" type="stmt"/>
      <line num="589" count="1" type="stmt"/>
      <line num="590" count="1" type="stmt"/>
      <line num="601" count="9" type="cond" truecount="2" falsecount="0"/>
      <line num="602" count="2" type="stmt"/>
      <line num="603" count="2" type="stmt"/>
      <line num="604" count="2" type="cond" truecount="2" falsecount="0"/>
      <line num="605" count="2" type="stmt"/>
      <line num="606" count="2" type="stmt"/>
      <line num="617" count="9" type="cond" truecount="1" falsecount="1"/>
      <line num="618" count="0" type="stmt"/>
      <line num="619" count="0" type="stmt"/>
      <line num="621" count="0" type="cond" truecount="0" falsecount="2"/>
      <line num="622" count="0" type="stmt"/>
      <line num="623" count="0" type="stmt"/>
      <line num="634" count="9" type="cond" truecount="1" falsecount="1"/>
      <line num="635" count="0" type="stmt"/>
      <line num="636" count="0" type="stmt"/>
      <line num="637" count="0" type="cond" truecount="0" falsecount="2"/>
      <line num="638" count="0" type="stmt"/>
      <line num="639" count="0" type="stmt"/>
      <line num="649" count="9" type="stmt"/>
      <line num="663" count="13" type="cond" truecount="2" falsecount="0"/>
      <line num="664" count="2" type="stmt"/>
      <line num="668" count="11" type="stmt"/>
      <line num="669" count="11" type="cond" truecount="1" falsecount="1"/>
      <line num="671" count="11" type="stmt"/>
      <line num="677" count="1" type="stmt"/>
      <line num="689" count="10" type="stmt"/>
      <line num="690" count="10" type="stmt"/>
      <line num="691" count="10" type="stmt"/>
      <line num="692" count="10" type="stmt"/>
      <line num="695" count="10" type="cond" truecount="2" falsecount="0"/>
      <line num="696" count="1" type="stmt"/>
      <line num="704" count="9" type="stmt"/>
      <line num="707" count="9" type="stmt"/>
      <line num="708" count="9" type="stmt"/>
      <line num="709" count="9" type="stmt"/>
      <line num="712" count="9" type="cond" truecount="4" falsecount="0"/>
      <line num="713" count="1" type="stmt"/>
      <line num="715" count="1" type="stmt"/>
      <line num="726" count="1" type="stmt"/>
      <line num="735" count="8" type="cond" truecount="2" falsecount="0"/>
      <line num="736" count="6" type="stmt"/>
      <line num="737" count="6" type="stmt"/>
      <line num="740" count="6" type="stmt"/>
      <line num="741" count="6" type="stmt"/>
      <line num="742" count="6" type="cond" truecount="1" falsecount="3"/>
      <line num="744" count="6" type="cond" truecount="2" falsecount="0"/>
      <line num="745" count="1" type="stmt"/>
      <line num="750" count="6" type="stmt"/>
      <line num="751" count="6" type="stmt"/>
      <line num="753" count="6" type="cond" truecount="7" falsecount="0"/>
      <line num="755" count="2" type="cond" truecount="4" falsecount="0"/>
      <line num="756" count="1" type="stmt"/>
      <line num="760" count="6" type="stmt"/>
      <line num="771" count="8" type="cond" truecount="2" falsecount="0"/>
      <line num="772" count="1" type="stmt"/>
      <line num="773" count="1" type="stmt"/>
      <line num="774" count="1" type="stmt"/>
      <line num="785" count="8" type="stmt"/>
      <line num="786" count="8" type="cond" truecount="2" falsecount="0"/>
      <line num="787" count="7" type="stmt"/>
      <line num="788" count="7" type="stmt"/>
      <line num="789" count="7" type="stmt"/>
      <line num="799" count="8" type="stmt"/>
      <line num="852" count="9" type="stmt"/>
      <line num="860" count="9" type="stmt"/>
      <line num="861" count="9" type="stmt"/>
      <line num="862" count="8" type="stmt"/>
      <line num="866" count="9" type="stmt"/>
      <line num="867" count="9" type="stmt"/>
      <line num="868" count="8" type="cond" truecount="1" falsecount="1"/>
      <line num="869" count="8" type="stmt"/>
      <line num="874" count="9" type="stmt"/>
      <line num="877" count="9" type="stmt"/>
      <line num="881" count="9" type="cond" truecount="2" falsecount="0"/>
      <line num="882" count="5" type="stmt"/>
      <line num="886" count="9" type="cond" truecount="4" falsecount="0"/>
      <line num="887" count="1" type="stmt"/>
      <line num="890" count="9" type="cond" truecount="2" falsecount="0"/>
      <line num="892" count="6" type="stmt"/>
      <line num="894" count="6" type="cond" truecount="2" falsecount="0"/>
      <line num="896" count="5" type="stmt"/>
      <line num="897" count="5" type="stmt"/>
      <line num="899" count="5" type="stmt"/>
      <line num="901" count="5" type="stmt"/>
      <line num="908" count="5" type="stmt"/>
      <line num="918" count="1" type="stmt"/>
      <line num="929" count="3" type="stmt"/>
      <line num="941" count="9" type="stmt"/>
      <line num="942" count="8" type="cond" truecount="2" falsecount="0"/>
      <line num="943" count="2" type="stmt"/>
      <line num="944" count="2" type="stmt"/>
      <line num="955" count="9" type="stmt"/>
    </file>
    <file name="error-classifier.ts" path="/home/ubuntu/quarrycmms/src/services/sync/error-classifier.ts">
      <metrics statements="82" coveredstatements="81" conditionals="131" coveredconditionals="124" methods="15" coveredmethods="15"/>
      <line num="62" count="296" type="cond" truecount="2" falsecount="0"/>
      <line num="65" count="281" type="cond" truecount="4" falsecount="0"/>
      <line num="66" count="236" type="stmt"/>
      <line num="69" count="236" type="cond" truecount="2" falsecount="0"/>
      <line num="70" count="138" type="stmt"/>
      <line num="74" count="98" type="cond" truecount="4" falsecount="0"/>
      <line num="75" count="9" type="stmt"/>
      <line num="76" count="9" type="cond" truecount="1" falsecount="1"/>
      <line num="77" count="9" type="stmt"/>
      <line num="82" count="89" type="cond" truecount="4" falsecount="0"/>
      <line num="83" count="6" type="stmt"/>
      <line num="84" count="6" type="cond" truecount="2" falsecount="0"/>
      <line num="85" count="1" type="stmt"/>
      <line num="90" count="88" type="cond" truecount="2" falsecount="0"/>
      <line num="91" count="11" type="stmt"/>
      <line num="92" count="11" type="cond" truecount="2" falsecount="0"/>
      <line num="94" count="10" type="stmt"/>
      <line num="95" count="10" type="cond" truecount="4" falsecount="0"/>
      <line num="96" count="8" type="stmt"/>
      <line num="102" count="125" type="stmt"/>
      <line num="112" count="74" type="cond" truecount="2" falsecount="0"/>
      <line num="115" count="71" type="cond" truecount="2" falsecount="0"/>
      <line num="121" count="71" type="stmt"/>
      <line num="135" count="633" type="stmt"/>
      <line num="145" count="58" type="stmt"/>
      <line num="146" count="58" type="cond" truecount="2" falsecount="0"/>
      <line num="148" count="52" type="cond" truecount="2" falsecount="0"/>
      <line num="151" count="49" type="cond" truecount="2" falsecount="0"/>
      <line num="157" count="49" type="stmt"/>
      <line num="164" count="183" type="stmt"/>
      <line num="174" count="62" type="stmt"/>
      <line num="175" count="62" type="cond" truecount="4" falsecount="0"/>
      <line num="177" count="53" type="cond" truecount="2" falsecount="0"/>
      <line num="180" count="50" type="cond" truecount="2" falsecount="0"/>
      <line num="186" count="50" type="stmt"/>
      <line num="197" count="340" type="stmt"/>
      <line num="207" count="49" type="stmt"/>
      <line num="208" count="49" type="cond" truecount="4" falsecount="0"/>
      <line num="210" count="42" type="cond" truecount="2" falsecount="0"/>
      <line num="213" count="39" type="cond" truecount="2" falsecount="0"/>
      <line num="219" count="39" type="stmt"/>
      <line num="229" count="226" type="stmt"/>
      <line num="239" count="59" type="stmt"/>
      <line num="240" count="59" type="cond" truecount="4" falsecount="0"/>
      <line num="242" count="55" type="cond" truecount="2" falsecount="0"/>
      <line num="245" count="52" type="cond" truecount="2" falsecount="0"/>
      <line num="251" count="52" type="stmt"/>
      <line num="253" count="146" type="stmt"/>
      <line num="263" count="53" type="cond" truecount="2" falsecount="0"/>
      <line num="265" count="52" type="cond" truecount="2" falsecount="0"/>
      <line num="266" count="17" type="stmt"/>
      <line num="269" count="35" type="cond" truecount="2" falsecount="0"/>
      <line num="270" count="1" type="stmt"/>
      <line num="273" count="34" type="cond" truecount="1" falsecount="1"/>
      <line num="274" count="34" type="stmt"/>
      <line num="275" count="34" type="cond" truecount="2" falsecount="0"/>
      <line num="276" count="6" type="stmt"/>
      <line num="278" count="28" type="cond" truecount="1" falsecount="1"/>
      <line num="279" count="0" type="stmt"/>
      <line num="281" count="28" type="cond" truecount="2" falsecount="0"/>
      <line num="286" count="1" type="stmt"/>
      <line num="290" count="27" type="stmt"/>
      <line num="314" count="53" type="stmt"/>
      <line num="315" count="53" type="stmt"/>
      <line num="318" count="53" type="cond" truecount="4" falsecount="0"/>
      <line num="319" count="8" type="stmt"/>
      <line num="332" count="45" type="cond" truecount="2" falsecount="0"/>
      <line num="333" count="5" type="stmt"/>
      <line num="346" count="40" type="cond" truecount="2" falsecount="0"/>
      <line num="347" count="8" type="stmt"/>
      <line num="360" count="32" type="cond" truecount="2" falsecount="0"/>
      <line num="361" count="6" type="stmt"/>
      <line num="374" count="26" type="cond" truecount="2" falsecount="0"/>
      <line num="376" count="14" type="cond" truecount="4" falsecount="0"/>
      <line num="378" count="10" type="cond" truecount="2" falsecount="0"/>
      <line num="379" count="4" type="stmt"/>
      <line num="392" count="6" type="stmt"/>
      <line num="405" count="4" type="cond" truecount="1" falsecount="1"/>
      <line num="406" count="4" type="stmt"/>
      <line num="420" count="12" type="stmt"/>
      <line num="439" count="10" type="stmt"/>
      <line num="449" count="9" type="stmt"/>
    </file>
    <file name="photo-sync.ts" path="/home/ubuntu/quarrycmms/src/services/sync/photo-sync.ts">
      <metrics statements="156" coveredstatements="0" conditionals="48" coveredconditionals="0" methods="9" coveredmethods="0"/>
      <line num="45" count="0" type="stmt"/>
      <line num="53" count="0" type="stmt"/>
      <line num="55" count="0" type="stmt"/>
      <line num="59" count="0" type="stmt"/>
      <line num="60" count="0" type="stmt"/>
      <line num="67" count="0" type="stmt"/>
      <line num="69" count="0" type="stmt"/>
      <line num="70" count="0" type="stmt"/>
      <line num="72" count="0" type="stmt"/>
      <line num="73" count="0" type="stmt"/>
      <line num="76" count="0" type="stmt"/>
      <line num="78" count="0" type="cond" truecount="0" falsecount="2"/>
      <line num="79" count="0" type="stmt"/>
      <line num="80" count="0" type="stmt"/>
      <line num="81" count="0" type="stmt"/>
      <line num="85" count="0" type="stmt"/>
      <line num="86" count="0" type="cond" truecount="0" falsecount="2"/>
      <line num="87" count="0" type="stmt"/>
      <line num="88" count="0" type="stmt"/>
      <line num="89" count="0" type="stmt"/>
      <line num="93" count="0" type="stmt"/>
      <line num="94" count="0" type="stmt"/>
      <line num="97" count="0" type="stmt"/>
      <line num="98" count="0" type="stmt"/>
      <line num="99" count="0" type="stmt"/>
      <line num="100" count="0" type="stmt"/>
      <line num="102" count="0" type="cond" truecount="0" falsecount="4"/>
      <line num="104" count="0" type="stmt"/>
      <line num="105" count="0" type="stmt"/>
      <line num="106" count="0" type="stmt"/>
      <line num="107" count="0" type="cond" truecount="0" falsecount="2"/>
      <line num="108" count="0" type="stmt"/>
      <line num="110" count="0" type="cond" truecount="0" falsecount="2"/>
      <line num="111" count="0" type="stmt"/>
      <line num="112" count="0" type="stmt"/>
      <line num="113" count="0" type="cond" truecount="0" falsecount="2"/>
      <line num="116" count="0" type="cond" truecount="0" falsecount="2"/>
      <line num="117" count="0" type="stmt"/>
      <line num="118" count="0" type="stmt"/>
      <line num="119" count="0" type="stmt"/>
      <line num="123" count="0" type="stmt"/>
      <line num="126" count="0" type="stmt"/>
      <line num="134" count="0" type="stmt"/>
      <line num="136" count="0" type="stmt"/>
      <line num="138" count="0" type="stmt"/>
      <line num="139" count="0" type="stmt"/>
      <line num="143" count="0" type="stmt"/>
      <line num="145" count="0" type="stmt"/>
      <line num="146" count="0" type="stmt"/>
      <line num="148" count="0" type="stmt"/>
      <line num="149" count="0" type="cond" truecount="0" falsecount="2"/>
      <line num="150" count="0" type="stmt"/>
      <line num="151" count="0" type="stmt"/>
      <line num="154" count="0" type="cond" truecount="0" falsecount="2"/>
      <line num="155" count="0" type="stmt"/>
      <line num="156" count="0" type="stmt"/>
      <line num="159" count="0" type="stmt"/>
      <line num="162" count="0" type="stmt"/>
      <line num="164" count="0" type="cond" truecount="0" falsecount="2"/>
      <line num="166" count="0" type="cond" truecount="0" falsecount="2"/>
      <line num="167" count="0" type="stmt"/>
      <line num="168" count="0" type="stmt"/>
      <line num="169" count="0" type="stmt"/>
      <line num="173" count="0" type="stmt"/>
      <line num="174" count="0" type="stmt"/>
      <line num="176" count="0" type="stmt"/>
      <line num="177" count="0" type="stmt"/>
      <line num="180" count="0" type="stmt"/>
      <line num="181" count="0" type="stmt"/>
      <line num="185" count="0" type="stmt"/>
      <line num="188" count="0" type="stmt"/>
      <line num="195" count="0" type="stmt"/>
      <line num="197" count="0" type="stmt"/>
      <line num="199" count="0" type="stmt"/>
      <line num="202" count="0" type="stmt"/>
      <line num="204" count="0" type="stmt"/>
      <line num="206" count="0" type="stmt"/>
      <line num="208" count="0" type="cond" truecount="0" falsecount="2"/>
      <line num="209" count="0" type="stmt"/>
      <line num="210" count="0" type="stmt"/>
      <line num="211" count="0" type="stmt"/>
      <line num="214" count="0" type="stmt"/>
      <line num="216" count="0" type="stmt"/>
      <line num="217" count="0" type="stmt"/>
      <line num="220" count="0" type="stmt"/>
      <line num="222" count="0" type="cond" truecount="0" falsecount="2"/>
      <line num="223" count="0" type="stmt"/>
      <line num="224" count="0" type="stmt"/>
      <line num="225" count="0" type="stmt"/>
      <line num="226" count="0" type="stmt"/>
      <line num="230" count="0" type="cond" truecount="0" falsecount="2"/>
      <line num="231" count="0" type="stmt"/>
      <line num="232" count="0" type="stmt"/>
      <line num="233" count="0" type="stmt"/>
      <line num="234" count="0" type="stmt"/>
      <line num="238" count="0" type="stmt"/>
      <line num="239" count="0" type="stmt"/>
      <line num="242" count="0" type="stmt"/>
      <line num="244" count="0" type="cond" truecount="0" falsecount="2"/>
      <line num="245" count="0" type="stmt"/>
      <line num="246" count="0" type="stmt"/>
      <line num="247" count="0" type="stmt"/>
      <line num="251" count="0" type="stmt"/>
      <line num="252" count="0" type="cond" truecount="0" falsecount="2"/>
      <line num="253" count="0" type="stmt"/>
      <line num="254" count="0" type="stmt"/>
      <line num="255" count="0" type="stmt"/>
      <line num="256" count="0" type="stmt"/>
      <line num="260" count="0" type="stmt"/>
      <line num="261" count="0" type="stmt"/>
      <line num="262" count="0" type="stmt"/>
      <line num="263" count="0" type="stmt"/>
      <line num="264" count="0" type="stmt"/>
      <line num="266" count="0" type="cond" truecount="0" falsecount="4"/>
      <line num="267" count="0" type="stmt"/>
      <line num="268" count="0" type="stmt"/>
      <line num="269" count="0" type="stmt"/>
      <line num="270" count="0" type="cond" truecount="0" falsecount="2"/>
      <line num="271" count="0" type="stmt"/>
      <line num="273" count="0" type="cond" truecount="0" falsecount="2"/>
      <line num="274" count="0" type="stmt"/>
      <line num="275" count="0" type="stmt"/>
      <line num="276" count="0" type="cond" truecount="0" falsecount="2"/>
      <line num="279" count="0" type="cond" truecount="0" falsecount="2"/>
      <line num="280" count="0" type="stmt"/>
      <line num="281" count="0" type="stmt"/>
      <line num="282" count="0" type="stmt"/>
      <line num="286" count="0" type="stmt"/>
      <line num="289" count="0" type="stmt"/>
      <line num="296" count="0" type="stmt"/>
      <line num="298" count="0" type="stmt"/>
      <line num="301" count="0" type="stmt"/>
      <line num="302" count="0" type="stmt"/>
      <line num="303" count="0" type="stmt"/>
      <line num="304" count="0" type="stmt"/>
      <line num="307" count="0" type="stmt"/>
      <line num="308" count="0" type="stmt"/>
      <line num="309" count="0" type="stmt"/>
      <line num="310" count="0" type="stmt"/>
      <line num="313" count="0" type="stmt"/>
      <line num="314" count="0" type="stmt"/>
      <line num="315" count="0" type="stmt"/>
      <line num="316" count="0" type="stmt"/>
      <line num="318" count="0" type="stmt"/>
      <line num="326" count="0" type="stmt"/>
      <line num="333" count="0" type="stmt"/>
      <line num="334" count="0" type="stmt"/>
      <line num="341" count="0" type="stmt"/>
      <line num="349" count="0" type="stmt"/>
      <line num="350" count="0" type="stmt"/>
      <line num="354" count="0" type="stmt"/>
      <line num="355" count="0" type="stmt"/>
      <line num="356" count="0" type="stmt"/>
      <line num="357" count="0" type="cond" truecount="0" falsecount="2"/>
      <line num="358" count="0" type="stmt"/>
      <line num="362" count="0" type="stmt"/>
    </file>
    <file name="retry-queue.ts" path="/home/ubuntu/quarrycmms/src/services/sync/retry-queue.ts">
      <metrics statements="159" coveredstatements="147" conditionals="99" coveredconditionals="93" methods="35" coveredmethods="34"/>
      <line num="15" count="1" type="stmt"/>
      <line num="18" count="1" type="stmt"/>
      <line num="21" count="1" type="stmt"/>
      <line num="118" count="5" type="stmt"/>
      <line num="125" count="50" type="stmt"/>
      <line num="126" count="50" type="stmt"/>
      <line num="127" count="50" type="cond" truecount="2" falsecount="0"/>
      <line num="128" count="46" type="stmt"/>
      <line num="130" count="0" type="stmt"/>
      <line num="131" count="0" type="stmt"/>
      <line num="139" count="20" type="stmt"/>
      <line num="140" count="20" type="stmt"/>
      <line num="142" count="0" type="stmt"/>
      <line num="163" count="12" type="cond" truecount="2" falsecount="0"/>
      <line num="166" count="9" type="cond" truecount="2" falsecount="0"/>
      <line num="169" count="7" type="cond" truecount="4" falsecount="0"/>
      <line num="172" count="4" type="stmt"/>
      <line num="179" count="8" type="cond" truecount="4" falsecount="1"/>
      <line num="181" count="5" type="stmt"/>
      <line num="183" count="1" type="stmt"/>
      <line num="185" count="1" type="stmt"/>
      <line num="187" count="1" type="stmt"/>
      <line num="189" count="0" type="stmt"/>
      <line num="211" count="6" type="stmt"/>
      <line num="214" count="6" type="stmt"/>
      <line num="216" count="4" type="cond" truecount="6" falsecount="0"/>
      <line num="222" count="6" type="cond" truecount="2" falsecount="0"/>
      <line num="223" count="1" type="stmt"/>
      <line num="226" count="1" type="stmt"/>
      <line num="229" count="5" type="stmt"/>
      <line num="244" count="5" type="stmt"/>
      <line num="245" count="5" type="cond" truecount="1" falsecount="1"/>
      <line num="247" count="0" type="stmt"/>
      <line num="248" count="0" type="cond" truecount="0" falsecount="2"/>
      <line num="250" count="0" type="stmt"/>
      <line num="251" count="0" type="stmt"/>
      <line num="253" count="5" type="stmt"/>
      <line num="256" count="5" type="stmt"/>
      <line num="260" count="5" type="stmt"/>
      <line num="271" count="11" type="stmt"/>
      <line num="272" count="11" type="stmt"/>
      <line num="274" count="11" type="stmt"/>
      <line num="276" count="16" type="cond" truecount="4" falsecount="0"/>
      <line num="277" count="4" type="stmt"/>
      <line num="281" count="12" type="cond" truecount="2" falsecount="0"/>
      <line num="282" count="1" type="stmt"/>
      <line num="286" count="11" type="cond" truecount="4" falsecount="0"/>
      <line num="287" count="1" type="stmt"/>
      <line num="290" count="10" type="stmt"/>
      <line num="294" count="11" type="stmt"/>
      <line num="295" count="9" type="cond" truecount="2" falsecount="0"/>
      <line num="296" count="4" type="stmt"/>
      <line num="298" count="5" type="stmt"/>
      <line num="306" count="1" type="stmt"/>
      <line num="307" count="1" type="stmt"/>
      <line num="308" count="4" type="cond" truecount="2" falsecount="0"/>
      <line num="316" count="1" type="stmt"/>
      <line num="317" count="2" type="stmt"/>
      <line num="326" count="2" type="stmt"/>
      <line num="327" count="2" type="stmt"/>
      <line num="329" count="2" type="cond" truecount="2" falsecount="0"/>
      <line num="330" count="1" type="stmt"/>
      <line num="331" count="1" type="stmt"/>
      <line num="334" count="1" type="stmt"/>
      <line num="335" count="1" type="stmt"/>
      <line num="336" count="1" type="stmt"/>
      <line num="338" count="1" type="stmt"/>
      <line num="347" count="2" type="stmt"/>
      <line num="348" count="2" type="stmt"/>
      <line num="350" count="2" type="cond" truecount="2" falsecount="0"/>
      <line num="351" count="1" type="stmt"/>
      <line num="352" count="1" type="stmt"/>
      <line num="356" count="1" type="stmt"/>
      <line num="357" count="1" type="stmt"/>
      <line num="359" count="1" type="stmt"/>
      <line num="374" count="3" type="stmt"/>
      <line num="375" count="3" type="stmt"/>
      <line num="377" count="3" type="cond" truecount="1" falsecount="1"/>
      <line num="378" count="0" type="stmt"/>
      <line num="379" count="0" type="stmt"/>
      <line num="382" count="3" type="stmt"/>
      <line num="383" count="3" type="stmt"/>
      <line num="385" count="3" type="cond" truecount="4" falsecount="0"/>
      <line num="386" count="2" type="stmt"/>
      <line num="387" count="2" type="stmt"/>
      <line num="391" count="1" type="stmt"/>
      <line num="392" count="1" type="stmt"/>
      <line num="393" count="1" type="stmt"/>
      <line num="398" count="3" type="stmt"/>
      <line num="411" count="1" type="stmt"/>
      <line num="412" count="1" type="stmt"/>
      <line num="414" count="1" type="cond" truecount="1" falsecount="1"/>
      <line num="415" count="0" type="stmt"/>
      <line num="416" count="0" type="stmt"/>
      <line num="419" count="1" type="stmt"/>
      <line num="420" count="1" type="stmt"/>
      <line num="422" count="1" type="stmt"/>
      <line num="423" count="1" type="stmt"/>
      <line num="437" count="4" type="stmt"/>
      <line num="438" count="4" type="stmt"/>
      <line num="439" count="4" type="stmt"/>
      <line num="441" count="4" type="stmt"/>
      <line num="442" count="5" type="cond" truecount="4" falsecount="0"/>
      <line num="443" count="3" type="stmt"/>
      <line num="444" count="3" type="cond" truecount="2" falsecount="0"/>
      <line num="445" count="2" type="stmt"/>
      <line num="446" count="2" type="stmt"/>
      <line num="447" count="2" type="stmt"/>
      <line num="448" count="2" type="stmt"/>
      <line num="455" count="4" type="cond" truecount="2" falsecount="0"/>
      <line num="456" count="2" type="stmt"/>
      <line num="459" count="4" type="stmt"/>
      <line num="470" count="4" type="stmt"/>
      <line num="471" count="4" type="stmt"/>
      <line num="474" count="3" type="cond" truecount="5" falsecount="0"/>
      <line num="487" count="2" type="stmt"/>
      <line num="488" count="3" type="stmt"/>
      <line num="489" count="2" type="stmt"/>
      <line num="501" count="5" type="stmt"/>
      <line num="502" count="5" type="stmt"/>
      <line num="503" count="5" type="stmt"/>
      <line num="505" count="5" type="stmt"/>
      <line num="507" count="6" type="cond" truecount="4" falsecount="0"/>
      <line num="508" count="2" type="stmt"/>
      <line num="511" count="4" type="cond" truecount="2" falsecount="0"/>
      <line num="512" count="1" type="stmt"/>
      <line num="515" count="3" type="stmt"/>
      <line num="518" count="5" type="stmt"/>
      <line num="519" count="5" type="stmt"/>
      <line num="521" count="5" type="cond" truecount="2" falsecount="0"/>
      <line num="522" count="3" type="stmt"/>
      <line num="525" count="5" type="stmt"/>
      <line num="532" count="3" type="stmt"/>
      <line num="533" count="3" type="stmt"/>
      <line num="535" count="3" type="stmt"/>
      <line num="557" count="3" type="stmt"/>
      <line num="559" count="3" type="stmt"/>
      <line num="561" count="8" type="cond" truecount="4" falsecount="0"/>
      <line num="563" count="3" type="stmt"/>
      <line num="564" count="3" type="stmt"/>
      <line num="566" count="1" type="stmt"/>
      <line num="567" count="1" type="stmt"/>
      <line num="569" count="2" type="stmt"/>
      <line num="570" count="2" type="stmt"/>
      <line num="572" count="2" type="stmt"/>
      <line num="573" count="2" type="stmt"/>
      <line num="577" count="8" type="stmt"/>
      <line num="580" count="8" type="stmt"/>
      <line num="583" count="8" type="cond" truecount="2" falsecount="0"/>
      <line num="588" count="3" type="stmt"/>
      <line num="592" count="3" type="cond" truecount="2" falsecount="0"/>
      <line num="594" count="3" type="stmt"/>
      <line num="601" count="1" type="stmt"/>
      <line num="602" count="1" type="stmt"/>
      <line num="609" count="1" type="stmt"/>
      <line num="610" count="1" type="stmt"/>
      <line num="622" count="5" type="stmt"/>
      <line num="623" count="5" type="stmt"/>
      <line num="625" count="7" type="cond" truecount="5" falsecount="0"/>
    </file>
    <file name="sync-diagnostics.ts" path="/home/ubuntu/quarrycmms/src/services/sync/sync-diagnostics.ts">
      <metrics statements="59" coveredstatements="57" conditionals="46" coveredconditionals="37" methods="10" coveredmethods="10"/>
      <line num="21" count="1" type="stmt"/>
      <line num="24" count="1" type="stmt"/>
      <line num="88" count="26" type="stmt"/>
      <line num="89" count="26" type="stmt"/>
      <line num="90" count="8" type="cond" truecount="2" falsecount="0"/>
      <line num="92" count="6" type="cond" truecount="2" falsecount="0"/>
      <line num="93" count="2" type="stmt"/>
      <line num="94" count="2" type="stmt"/>
      <line num="95" count="2" type="stmt"/>
      <line num="96" count="2" type="stmt"/>
      <line num="98" count="2" type="stmt"/>
      <line num="100" count="4" type="cond" truecount="1" falsecount="1"/>
      <line num="103" count="18" type="stmt"/>
      <line num="104" count="18" type="stmt"/>
      <line num="115" count="12" type="stmt"/>
      <line num="116" count="12" type="stmt"/>
      <line num="117" count="12" type="stmt"/>
      <line num="119" count="12" type="stmt"/>
      <line num="127" count="12" type="stmt"/>
      <line num="134" count="0" type="stmt"/>
      <line num="135" count="0" type="stmt"/>
      <line num="150" count="70" type="stmt"/>
      <line num="151" count="70" type="stmt"/>
      <line num="156" count="70" type="stmt"/>
      <line num="157" count="70" type="cond" truecount="2" falsecount="0"/>
      <line num="160" count="70" type="stmt"/>
      <line num="163" count="70" type="cond" truecount="2" falsecount="0"/>
      <line num="164" count="1" type="stmt"/>
      <line num="167" count="70" type="stmt"/>
      <line num="169" count="1" type="stmt"/>
      <line num="180" count="13" type="stmt"/>
      <line num="181" count="13" type="stmt"/>
      <line num="182" count="13" type="cond" truecount="2" falsecount="0"/>
      <line num="184" count="5" type="stmt"/>
      <line num="185" count="4" type="stmt"/>
      <line num="187" count="1" type="stmt"/>
      <line num="188" count="1" type="stmt"/>
      <line num="196" count="2" type="stmt"/>
      <line num="224" count="8" type="stmt"/>
      <line num="231" count="8" type="stmt"/>
      <line num="234" count="8" type="stmt"/>
      <line num="285" count="2" type="stmt"/>
      <line num="292" count="8" type="cond" truecount="2" falsecount="0"/>
      <line num="294" count="7" type="stmt"/>
      <line num="295" count="7" type="stmt"/>
      <line num="296" count="7" type="stmt"/>
      <line num="298" count="7" type="stmt"/>
      <line num="305" count="13" type="cond" truecount="2" falsecount="0"/>
      <line num="307" count="12" type="stmt"/>
      <line num="308" count="12" type="stmt"/>
      <line num="309" count="12" type="stmt"/>
      <line num="311" count="12" type="cond" truecount="2" falsecount="0"/>
      <line num="312" count="11" type="cond" truecount="2" falsecount="0"/>
      <line num="314" count="8" type="stmt"/>
      <line num="315" count="8" type="cond" truecount="2" falsecount="0"/>
      <line num="317" count="5" type="stmt"/>
      <line num="318" count="5" type="cond" truecount="2" falsecount="0"/>
      <line num="319" count="3" type="cond" truecount="2" falsecount="0"/>
      <line num="321" count="1" type="stmt"/>
    </file>
    <file name="sync-engine.ts" path="/home/ubuntu/quarrycmms/src/services/sync/sync-engine.ts">
      <metrics statements="532" coveredstatements="251" conditionals="216" coveredconditionals="57" methods="56" coveredmethods="27"/>
      <line num="104" count="1" type="stmt"/>
      <line num="110" count="1" type="stmt"/>
      <line num="116" count="17" type="stmt"/>
      <line num="117" count="17" type="cond" truecount="1" falsecount="1"/>
      <line num="125" count="14" type="stmt"/>
      <line num="126" count="14" type="stmt"/>
      <line num="139" count="19" type="stmt"/>
      <line num="140" count="19" type="stmt"/>
      <line num="143" count="19" type="stmt"/>
      <line num="150" count="19" type="stmt"/>
      <line num="152" count="17" type="cond" truecount="1" falsecount="1"/>
      <line num="153" count="0" type="stmt"/>
      <line num="158" count="0" type="stmt"/>
      <line num="169" count="2" type="stmt"/>
      <line num="185" count="21" type="stmt"/>
      <line num="187" count="21" type="stmt"/>
      <line num="188" count="21" type="stmt"/>
      <line num="189" count="21" type="stmt"/>
      <line num="190" count="21" type="stmt"/>
      <line num="192" count="21" type="stmt"/>
      <line num="194" count="21" type="stmt"/>
      <line num="201" count="19" type="stmt"/>
      <line num="206" count="19" type="stmt"/>
      <line num="208" count="19" type="stmt"/>
      <line num="209" count="19" type="stmt"/>
      <line num="210" count="19" type="stmt"/>
      <line num="213" count="19" type="stmt"/>
      <line num="214" count="19" type="stmt"/>
      <line num="215" count="19" type="stmt"/>
      <line num="218" count="19" type="stmt"/>
      <line num="219" count="19" type="stmt"/>
      <line num="220" count="19" type="stmt"/>
      <line num="223" count="19" type="stmt"/>
      <line num="224" count="19" type="stmt"/>
      <line num="225" count="19" type="stmt"/>
      <line num="229" count="19" type="stmt"/>
      <line num="232" count="19" type="stmt"/>
      <line num="233" count="0" type="stmt"/>
      <line num="236" count="19" type="stmt"/>
      <line num="238" count="19" type="stmt"/>
      <line num="245" count="2" type="cond" truecount="1" falsecount="1"/>
      <line num="246" count="2" type="stmt"/>
      <line num="247" count="2" type="stmt"/>
      <line num="255" count="19" type="stmt"/>
      <line num="256" count="19" type="stmt"/>
      <line num="257" count="19" type="stmt"/>
      <line num="259" count="19" type="stmt"/>
      <line num="260" count="2" type="stmt"/>
      <line num="262" count="2" type="stmt"/>
      <line num="263" count="2" type="cond" truecount="2" falsecount="0"/>
      <line num="265" count="1" type="cond" truecount="1" falsecount="1"/>
      <line num="267" count="1" type="stmt"/>
      <line num="269" count="1" type="cond" truecount="1" falsecount="1"/>
      <line num="271" count="1" type="stmt"/>
      <line num="272" count="1" type="stmt"/>
      <line num="276" count="1" type="stmt"/>
      <line num="285" count="1" type="stmt"/>
      <line num="286" count="0" type="cond" truecount="0" falsecount="2"/>
      <line num="288" count="0" type="stmt"/>
      <line num="290" count="0" type="cond" truecount="0" falsecount="2"/>
      <line num="291" count="0" type="stmt"/>
      <line num="292" count="0" type="cond" truecount="0" falsecount="2"/>
      <line num="293" count="0" type="stmt"/>
      <line num="294" count="0" type="cond" truecount="0" falsecount="2"/>
      <line num="295" count="0" type="stmt"/>
      <line num="296" count="0" type="cond" truecount="0" falsecount="2"/>
      <line num="297" count="0" type="cond" truecount="0" falsecount="2"/>
      <line num="298" count="0" type="stmt"/>
      <line num="299" count="0" type="cond" truecount="0" falsecount="2"/>
      <line num="302" count="0" type="stmt"/>
      <line num="303" count="0" type="stmt"/>
      <line num="307" count="0" type="stmt"/>
      <line num="316" count="0" type="stmt"/>
      <line num="317" count="0" type="stmt"/>
      <line num="319" count="0" type="cond" truecount="0" falsecount="2"/>
      <line num="321" count="0" type="stmt"/>
      <line num="322" count="0" type="stmt"/>
      <line num="323" count="0" type="stmt"/>
      <line num="324" count="0" type="stmt"/>
      <line num="325" count="0" type="stmt"/>
      <line num="326" count="0" type="stmt"/>
      <line num="327" count="0" type="stmt"/>
      <line num="328" count="0" type="stmt"/>
      <line num="329" count="0" type="stmt"/>
      <line num="330" count="0" type="stmt"/>
      <line num="331" count="0" type="stmt"/>
      <line num="332" count="0" type="stmt"/>
      <line num="333" count="0" type="stmt"/>
      <line num="335" count="0" type="stmt"/>
      <line num="340" count="1" type="stmt"/>
      <line num="341" count="1" type="stmt"/>
      <line num="342" count="1" type="stmt"/>
      <line num="343" count="1" type="stmt"/>
      <line num="344" count="1" type="stmt"/>
      <line num="345" count="1" type="stmt"/>
      <line num="346" count="1" type="stmt"/>
      <line num="347" count="1" type="stmt"/>
      <line num="348" count="1" type="stmt"/>
      <line num="349" count="1" type="stmt"/>
      <line num="350" count="1" type="stmt"/>
      <line num="351" count="1" type="stmt"/>
      <line num="352" count="1" type="stmt"/>
      <line num="353" count="1" type="stmt"/>
      <line num="354" count="1" type="stmt"/>
      <line num="355" count="1" type="stmt"/>
      <line num="356" count="1" type="stmt"/>
      <line num="358" count="1" type="stmt"/>
      <line num="362" count="19" type="stmt"/>
      <line num="372" count="19" type="stmt"/>
      <line num="373" count="19" type="stmt"/>
      <line num="374" count="19" type="stmt"/>
      <line num="376" count="19" type="stmt"/>
      <line num="377" count="1" type="stmt"/>
      <line num="379" count="1" type="stmt"/>
      <line num="380" count="1" type="cond" truecount="1" falsecount="1"/>
      <line num="382" count="1" type="cond" truecount="1" falsecount="1"/>
      <line num="384" count="1" type="stmt"/>
      <line num="386" count="1" type="cond" truecount="1" falsecount="1"/>
      <line num="388" count="0" type="stmt"/>
      <line num="389" count="0" type="stmt"/>
      <line num="393" count="0" type="stmt"/>
      <line num="402" count="0" type="stmt"/>
      <line num="403" count="1" type="cond" truecount="1" falsecount="1"/>
      <line num="405" count="1" type="stmt"/>
      <line num="407" count="1" type="cond" truecount="1" falsecount="1"/>
      <line num="408" count="0" type="stmt"/>
      <line num="409" count="1" type="cond" truecount="1" falsecount="1"/>
      <line num="410" count="0" type="stmt"/>
      <line num="411" count="1" type="cond" truecount="1" falsecount="1"/>
      <line num="412" count="1" type="stmt"/>
      <line num="413" count="1" type="cond" truecount="1" falsecount="1"/>
      <line num="414" count="0" type="stmt"/>
      <line num="415" count="1" type="cond" truecount="1" falsecount="1"/>
      <line num="416" count="0" type="cond" truecount="0" falsecount="2"/>
      <line num="419" count="1" type="cond" truecount="1" falsecount="1"/>
      <line num="420" count="0" type="cond" truecount="0" falsecount="2"/>
      <line num="423" count="1" type="cond" truecount="1" falsecount="1"/>
      <line num="424" count="0" type="cond" truecount="0" falsecount="2"/>
      <line num="427" count="1" type="cond" truecount="1" falsecount="1"/>
      <line num="428" count="0" type="stmt"/>
      <line num="429" count="1" type="cond" truecount="1" falsecount="1"/>
      <line num="430" count="0" type="stmt"/>
      <line num="431" count="1" type="cond" truecount="1" falsecount="1"/>
      <line num="432" count="0" type="stmt"/>
      <line num="433" count="1" type="cond" truecount="1" falsecount="1"/>
      <line num="434" count="0" type="stmt"/>
      <line num="435" count="1" type="cond" truecount="1" falsecount="1"/>
      <line num="436" count="1" type="cond" truecount="1" falsecount="1"/>
      <line num="437" count="0" type="stmt"/>
      <line num="440" count="1" type="cond" truecount="1" falsecount="1"/>
      <line num="441" count="0" type="stmt"/>
      <line num="442" count="1" type="cond" truecount="1" falsecount="1"/>
      <line num="443" count="0" type="cond" truecount="0" falsecount="2"/>
      <line num="446" count="1" type="cond" truecount="1" falsecount="1"/>
      <line num="447" count="0" type="stmt"/>
      <line num="450" count="1" type="cond" truecount="1" falsecount="1"/>
      <line num="451" count="0" type="stmt"/>
      <line num="452" count="1" type="cond" truecount="1" falsecount="1"/>
      <line num="453" count="0" type="stmt"/>
      <line num="456" count="1" type="stmt"/>
      <line num="457" count="1" type="stmt"/>
      <line num="461" count="1" type="stmt"/>
      <line num="470" count="1" type="stmt"/>
      <line num="471" count="1" type="stmt"/>
      <line num="473" count="0" type="cond" truecount="0" falsecount="2"/>
      <line num="475" count="0" type="stmt"/>
      <line num="476" count="0" type="stmt"/>
      <line num="477" count="0" type="stmt"/>
      <line num="478" count="0" type="stmt"/>
      <line num="479" count="0" type="stmt"/>
      <line num="480" count="0" type="stmt"/>
      <line num="481" count="0" type="stmt"/>
      <line num="482" count="0" type="stmt"/>
      <line num="483" count="0" type="cond" truecount="0" falsecount="2"/>
      <line num="484" count="0" type="cond" truecount="0" falsecount="2"/>
      <line num="485" count="0" type="cond" truecount="0" falsecount="2"/>
      <line num="486" count="0" type="stmt"/>
      <line num="487" count="0" type="stmt"/>
      <line num="488" count="0" type="stmt"/>
      <line num="489" count="0" type="stmt"/>
      <line num="490" count="0" type="stmt"/>
      <line num="491" count="0" type="cond" truecount="0" falsecount="2"/>
      <line num="494" count="0" type="stmt"/>
      <line num="495" count="0" type="stmt"/>
      <line num="496" count="0" type="stmt"/>
      <line num="497" count="0" type="stmt"/>
      <line num="498" count="0" type="stmt"/>
      <line num="499" count="0" type="stmt"/>
      <line num="500" count="0" type="stmt"/>
      <line num="502" count="0" type="stmt"/>
      <line num="507" count="0" type="stmt"/>
      <line num="508" count="0" type="stmt"/>
      <line num="509" count="0" type="stmt"/>
      <line num="510" count="0" type="stmt"/>
      <line num="511" count="0" type="stmt"/>
      <line num="512" count="0" type="stmt"/>
      <line num="513" count="0" type="stmt"/>
      <line num="514" count="0" type="stmt"/>
      <line num="515" count="0" type="stmt"/>
      <line num="516" count="0" type="stmt"/>
      <line num="517" count="0" type="stmt"/>
      <line num="518" count="0" type="stmt"/>
      <line num="519" count="0" type="cond" truecount="0" falsecount="2"/>
      <line num="520" count="0" type="cond" truecount="0" falsecount="2"/>
      <line num="521" count="0" type="cond" truecount="0" falsecount="2"/>
      <line num="522" count="0" type="stmt"/>
      <line num="523" count="0" type="stmt"/>
      <line num="524" count="0" type="stmt"/>
      <line num="525" count="0" type="stmt"/>
      <line num="526" count="0" type="stmt"/>
      <line num="527" count="0" type="cond" truecount="0" falsecount="2"/>
      <line num="530" count="0" type="stmt"/>
      <line num="531" count="0" type="stmt"/>
      <line num="532" count="0" type="stmt"/>
      <line num="533" count="0" type="stmt"/>
      <line num="534" count="0" type="stmt"/>
      <line num="535" count="0" type="stmt"/>
      <line num="536" count="0" type="stmt"/>
      <line num="537" count="0" type="stmt"/>
      <line num="539" count="0" type="stmt"/>
      <line num="543" count="19" type="stmt"/>
      <line num="553" count="19" type="stmt"/>
      <line num="554" count="19" type="stmt"/>
      <line num="555" count="19" type="stmt"/>
      <line num="557" count="19" type="stmt"/>
      <line num="558" count="0" type="stmt"/>
      <line num="560" count="0" type="stmt"/>
      <line num="561" count="0" type="cond" truecount="0" falsecount="2"/>
      <line num="563" count="0" type="cond" truecount="0" falsecount="2"/>
      <line num="565" count="0" type="stmt"/>
      <line num="568" count="0" type="cond" truecount="0" falsecount="2"/>
      <line num="570" count="0" type="stmt"/>
      <line num="571" count="0" type="stmt"/>
      <line num="572" count="0" type="stmt"/>
      <line num="573" count="0" type="stmt"/>
      <line num="574" count="0" type="stmt"/>
      <line num="575" count="0" type="stmt"/>
      <line num="576" count="0" type="stmt"/>
      <line num="577" count="0" type="cond" truecount="0" falsecount="2"/>
      <line num="580" count="0" type="stmt"/>
      <line num="581" count="0" type="stmt"/>
      <line num="585" count="0" type="stmt"/>
      <line num="586" count="0" type="stmt"/>
      <line num="587" count="0" type="cond" truecount="0" falsecount="2"/>
      <line num="593" count="0" type="stmt"/>
      <line num="602" count="0" type="stmt"/>
      <line num="603" count="0" type="stmt"/>
      <line num="604" count="0" type="cond" truecount="0" falsecount="2"/>
      <line num="606" count="0" type="stmt"/>
      <line num="607" count="0" type="stmt"/>
      <line num="611" count="0" type="stmt"/>
      <line num="620" count="0" type="stmt"/>
      <line num="621" count="0" type="cond" truecount="0" falsecount="2"/>
      <line num="623" count="0" type="stmt"/>
      <line num="625" count="0" type="cond" truecount="0" falsecount="2"/>
      <line num="626" count="0" type="stmt"/>
      <line num="627" count="0" type="cond" truecount="0" falsecount="2"/>
      <line num="628" count="0" type="stmt"/>
      <line num="629" count="0" type="cond" truecount="0" falsecount="2"/>
      <line num="631" count="0" type="stmt"/>
      <line num="635" count="0" type="stmt"/>
      <line num="644" count="0" type="stmt"/>
      <line num="645" count="0" type="stmt"/>
      <line num="647" count="0" type="cond" truecount="0" falsecount="2"/>
      <line num="649" count="0" type="stmt"/>
      <line num="650" count="0" type="stmt"/>
      <line num="651" count="0" type="stmt"/>
      <line num="652" count="0" type="stmt"/>
      <line num="653" count="0" type="stmt"/>
      <line num="654" count="0" type="stmt"/>
      <line num="656" count="0" type="stmt"/>
      <line num="661" count="0" type="stmt"/>
      <line num="662" count="0" type="stmt"/>
      <line num="663" count="0" type="stmt"/>
      <line num="664" count="0" type="stmt"/>
      <line num="665" count="0" type="stmt"/>
      <line num="666" count="0" type="stmt"/>
      <line num="667" count="0" type="stmt"/>
      <line num="668" count="0" type="stmt"/>
      <line num="669" count="0" type="stmt"/>
      <line num="670" count="0" type="stmt"/>
      <line num="672" count="0" type="stmt"/>
      <line num="676" count="19" type="stmt"/>
      <line num="687" count="19" type="stmt"/>
      <line num="688" count="19" type="stmt"/>
      <line num="689" count="19" type="stmt"/>
      <line num="692" count="19" type="stmt"/>
      <line num="693" count="19" type="stmt"/>
      <line num="694" count="0" type="cond" truecount="0" falsecount="2"/>
      <line num="695" count="0" type="stmt"/>
      <line num="696" count="0" type="stmt"/>
      <line num="700" count="19" type="stmt"/>
      <line num="702" count="0" type="stmt"/>
      <line num="707" count="0" type="stmt"/>
      <line num="717" count="0" type="stmt"/>
      <line num="719" count="0" type="cond" truecount="0" falsecount="2"/>
      <line num="720" count="0" type="stmt"/>
      <line num="723" count="0" type="stmt"/>
      <line num="724" count="0" type="cond" truecount="0" falsecount="2"/>
      <line num="726" count="0" type="stmt"/>
      <line num="727" count="0" type="stmt"/>
      <line num="728" count="0" type="stmt"/>
      <line num="729" count="0" type="stmt"/>
      <line num="730" count="0" type="cond" truecount="0" falsecount="2"/>
      <line num="731" count="0" type="stmt"/>
      <line num="732" count="0" type="stmt"/>
      <line num="733" count="0" type="stmt"/>
      <line num="734" count="0" type="stmt"/>
      <line num="736" count="0" type="stmt"/>
      <line num="737" count="0" type="cond" truecount="0" falsecount="2"/>
      <line num="739" count="0" type="stmt"/>
      <line num="740" count="0" type="cond" truecount="0" falsecount="2"/>
      <line num="742" count="0" type="cond" truecount="0" falsecount="2"/>
      <line num="743" count="0" type="stmt"/>
      <line num="744" count="0" type="stmt"/>
      <line num="745" count="0" type="stmt"/>
      <line num="747" count="0" type="stmt"/>
      <line num="753" count="0" type="cond" truecount="0" falsecount="4"/>
      <line num="754" count="0" type="stmt"/>
      <line num="758" count="0" type="stmt"/>
      <line num="772" count="0" type="stmt"/>
      <line num="773" count="0" type="stmt"/>
      <line num="777" count="0" type="cond" truecount="0" falsecount="2"/>
      <line num="779" count="0" type="stmt"/>
      <line num="780" count="0" type="stmt"/>
      <line num="781" count="0" type="stmt"/>
      <line num="782" count="0" type="stmt"/>
      <line num="783" count="0" type="cond" truecount="0" falsecount="2"/>
      <line num="784" count="0" type="stmt"/>
      <line num="785" count="0" type="stmt"/>
      <line num="786" count="0" type="stmt"/>
      <line num="787" count="0" type="stmt"/>
      <line num="789" count="0" type="stmt"/>
      <line num="790" count="0" type="cond" truecount="0" falsecount="2"/>
      <line num="792" count="0" type="stmt"/>
      <line num="793" count="0" type="stmt"/>
      <line num="794" count="0" type="stmt"/>
      <line num="795" count="0" type="stmt"/>
      <line num="797" count="0" type="stmt"/>
      <line num="803" count="19" type="stmt"/>
      <line num="810" count="19" type="stmt"/>
      <line num="812" count="19" type="stmt"/>
      <line num="813" count="19" type="stmt"/>
      <line num="814" count="19" type="stmt"/>
      <line num="816" count="19" type="stmt"/>
      <line num="818" count="19" type="stmt"/>
      <line num="827" count="18" type="stmt"/>
      <line num="832" count="18" type="stmt"/>
      <line num="833" count="1" type="stmt"/>
      <line num="834" count="1" type="stmt"/>
      <line num="835" count="1" type="stmt"/>
      <line num="839" count="18" type="stmt"/>
      <line num="840" count="2" type="stmt"/>
      <line num="841" count="2" type="stmt"/>
      <line num="856" count="1" type="stmt"/>
      <line num="857" count="1" type="stmt"/>
      <line num="858" count="1" type="stmt"/>
      <line num="859" count="1" type="stmt"/>
      <line num="860" count="1" type="stmt"/>
      <line num="863" count="1" type="stmt"/>
      <line num="865" count="1" type="stmt"/>
      <line num="866" count="1" type="stmt"/>
      <line num="867" count="1" type="cond" truecount="1" falsecount="1"/>
      <line num="868" count="1" type="stmt"/>
      <line num="875" count="1" type="stmt"/>
      <line num="881" count="18" type="stmt"/>
      <line num="882" count="2" type="stmt"/>
      <line num="883" count="2" type="stmt"/>
      <line num="912" count="2" type="stmt"/>
      <line num="913" count="2" type="stmt"/>
      <line num="914" count="2" type="stmt"/>
      <line num="915" count="2" type="stmt"/>
      <line num="916" count="2" type="stmt"/>
      <line num="919" count="2" type="stmt"/>
      <line num="921" count="0" type="stmt"/>
      <line num="922" count="0" type="stmt"/>
      <line num="923" count="0" type="cond" truecount="0" falsecount="2"/>
      <line num="924" count="0" type="stmt"/>
      <line num="931" count="0" type="stmt"/>
      <line num="937" count="18" type="stmt"/>
      <line num="938" count="1" type="stmt"/>
      <line num="939" count="1" type="stmt"/>
      <line num="948" count="1" type="stmt"/>
      <line num="949" count="1" type="stmt"/>
      <line num="950" count="1" type="stmt"/>
      <line num="951" count="1" type="stmt"/>
      <line num="954" count="1" type="stmt"/>
      <line num="956" count="0" type="stmt"/>
      <line num="957" count="0" type="stmt"/>
      <line num="958" count="0" type="cond" truecount="0" falsecount="2"/>
      <line num="959" count="0" type="stmt"/>
      <line num="966" count="0" type="stmt"/>
      <line num="972" count="18" type="stmt"/>
      <line num="977" count="18" type="stmt"/>
      <line num="979" count="18" type="stmt"/>
      <line num="980" count="0" type="stmt"/>
      <line num="982" count="0" type="stmt"/>
      <line num="983" count="0" type="stmt"/>
      <line num="984" count="0" type="stmt"/>
      <line num="986" count="0" type="cond" truecount="0" falsecount="2"/>
      <line num="987" count="0" type="stmt"/>
      <line num="988" count="0" type="stmt"/>
      <line num="991" count="0" type="stmt"/>
      <line num="1000" count="0" type="stmt"/>
      <line num="1001" count="0" type="stmt"/>
      <line num="1002" count="0" type="stmt"/>
      <line num="1003" count="0" type="stmt"/>
      <line num="1006" count="0" type="stmt"/>
      <line num="1008" count="0" type="stmt"/>
      <line num="1009" count="0" type="stmt"/>
      <line num="1010" count="0" type="cond" truecount="0" falsecount="2"/>
      <line num="1011" count="0" type="stmt"/>
      <line num="1018" count="0" type="stmt"/>
      <line num="1023" count="18" type="stmt"/>
      <line num="1025" count="18" type="stmt"/>
      <line num="1033" count="1" type="cond" truecount="1" falsecount="1"/>
      <line num="1034" count="1" type="stmt"/>
      <line num="1035" count="1" type="stmt"/>
      <line num="1043" count="17" type="stmt"/>
      <line num="1056" count="17" type="stmt"/>
      <line num="1063" count="4" type="stmt"/>
      <line num="1071" count="4" type="cond" truecount="2" falsecount="0"/>
      <line num="1072" count="1" type="stmt"/>
      <line num="1073" count="3" type="cond" truecount="2" falsecount="0"/>
      <line num="1074" count="1" type="stmt"/>
      <line num="1076" count="2" type="stmt"/>
      <line num="1079" count="4" type="stmt"/>
      <line num="1092" count="12" type="stmt"/>
      <line num="1094" count="12" type="stmt"/>
      <line num="1095" count="12" type="stmt"/>
      <line num="1098" count="12" type="stmt"/>
      <line num="1099" count="12" type="cond" truecount="1" falsecount="1"/>
      <line num="1100" count="0" type="stmt"/>
      <line num="1104" count="12" type="stmt"/>
      <line num="1105" count="12" type="stmt"/>
      <line num="1107" count="12" type="stmt"/>
      <line num="1108" count="2" type="stmt"/>
      <line num="1109" count="2" type="stmt"/>
      <line num="1110" count="2" type="stmt"/>
      <line num="1111" count="1" type="stmt"/>
      <line num="1112" count="1" type="stmt"/>
      <line num="1113" count="1" type="stmt"/>
      <line num="1115" count="1" type="stmt"/>
      <line num="1116" count="1" type="stmt"/>
      <line num="1117" count="1" type="stmt"/>
      <line num="1118" count="1" type="stmt"/>
      <line num="1122" count="12" type="stmt"/>
      <line num="1129" count="2" type="cond" truecount="1" falsecount="3"/>
      <line num="1131" count="2" type="stmt"/>
      <line num="1132" count="1" type="cond" truecount="1" falsecount="1"/>
      <line num="1134" count="0" type="stmt"/>
      <line num="1136" count="1" type="stmt"/>
      <line num="1164" count="1" type="stmt"/>
      <line num="1165" count="1" type="stmt"/>
      <line num="1166" count="1" type="stmt"/>
      <line num="1167" count="1" type="stmt"/>
      <line num="1168" count="1" type="stmt"/>
      <line num="1171" count="1" type="stmt"/>
      <line num="1174" count="0" type="stmt"/>
      <line num="1175" count="0" type="cond" truecount="0" falsecount="2"/>
      <line num="1176" count="0" type="stmt"/>
      <line num="1178" count="0" type="stmt"/>
      <line num="1192" count="0" type="stmt"/>
      <line num="1193" count="0" type="stmt"/>
      <line num="1194" count="0" type="stmt"/>
      <line num="1195" count="0" type="stmt"/>
      <line num="1196" count="0" type="stmt"/>
      <line num="1199" count="0" type="stmt"/>
      <line num="1202" count="0" type="stmt"/>
      <line num="1203" count="0" type="cond" truecount="0" falsecount="2"/>
      <line num="1204" count="0" type="stmt"/>
      <line num="1206" count="0" type="stmt"/>
      <line num="1214" count="0" type="stmt"/>
      <line num="1215" count="0" type="stmt"/>
      <line num="1216" count="0" type="stmt"/>
      <line num="1217" count="0" type="stmt"/>
      <line num="1220" count="0" type="stmt"/>
      <line num="1223" count="0" type="stmt"/>
      <line num="1224" count="0" type="cond" truecount="0" falsecount="2"/>
      <line num="1225" count="0" type="stmt"/>
      <line num="1228" count="0" type="stmt"/>
      <line num="1229" count="0" type="stmt"/>
      <line num="1230" count="0" type="stmt"/>
      <line num="1231" count="0" type="cond" truecount="0" falsecount="2"/>
      <line num="1232" count="0" type="stmt"/>
      <line num="1234" count="0" type="stmt"/>
      <line num="1242" count="0" type="stmt"/>
      <line num="1243" count="0" type="stmt"/>
      <line num="1244" count="0" type="stmt"/>
      <line num="1245" count="0" type="stmt"/>
      <line num="1248" count="0" type="stmt"/>
      <line num="1263" count="13" type="stmt"/>
      <line num="1264" count="13" type="stmt"/>
      <line num="1267" count="13" type="stmt"/>
      <line num="1270" count="13" type="stmt"/>
      <line num="1271" count="13" type="cond" truecount="2" falsecount="0"/>
      <line num="1272" count="1" type="stmt"/>
      <line num="1273" count="1" type="stmt"/>
      <line num="1274" count="1" type="stmt"/>
      <line num="1283" count="12" type="stmt"/>
      <line num="1285" count="12" type="stmt"/>
      <line num="1287" count="12" type="stmt"/>
      <line num="1290" count="12" type="stmt"/>
      <line num="1291" count="12" type="stmt"/>
      <line num="1294" count="11" type="stmt"/>
      <line num="1295" count="11" type="stmt"/>
      <line num="1297" count="11" type="cond" truecount="2" falsecount="0"/>
      <line num="1298" count="10" type="stmt"/>
      <line num="1299" count="10" type="stmt"/>
      <line num="1301" count="1" type="stmt"/>
      <line num="1305" count="11" type="stmt"/>
      <line num="1306" count="11" type="stmt"/>
      <line num="1308" count="11" type="stmt"/>
      <line num="1310" count="11" type="stmt"/>
      <line num="1324" count="11" type="stmt"/>
      <line num="1325" count="11" type="stmt"/>
      <line num="1326" count="11" type="stmt"/>
      <line num="1327" count="11" type="stmt"/>
      <line num="1328" count="11" type="stmt"/>
      <line num="1331" count="11" type="stmt"/>
      <line num="1332" count="11" type="stmt"/>
      <line num="1334" count="11" type="stmt"/>
      <line num="1342" count="11" type="stmt"/>
      <line num="1344" count="1" type="cond" truecount="1" falsecount="1"/>
      <line num="1345" count="1" type="stmt"/>
      <line num="1347" count="1" type="stmt"/>
      <line num="1348" count="1" type="stmt"/>
      <line num="1349" count="1" type="stmt"/>
      <line num="1350" count="1" type="stmt"/>
      <line num="1352" count="1" type="stmt"/>
      <line num="1353" count="1" type="stmt"/>
      <line num="1355" count="1" type="stmt"/>
    </file>
    <file name="sync-export.ts" path="/home/ubuntu/quarrycmms/src/services/sync/sync-export.ts">
      <metrics statements="70" coveredstatements="0" conditionals="35" coveredconditionals="0" methods="12" coveredmethods="0"/>
      <line num="22" count="0" type="stmt"/>
      <line num="25" count="0" type="stmt"/>
      <line num="84" count="0" type="stmt"/>
      <line num="85" count="0" type="cond" truecount="0" falsecount="2"/>
      <line num="86" count="0" type="stmt"/>
      <line num="94" count="0" type="stmt"/>
      <line num="95" count="0" type="stmt"/>
      <line num="96" count="0" type="stmt"/>
      <line num="103" count="0" type="stmt"/>
      <line num="104" count="0" type="stmt"/>
      <line num="105" count="0" type="cond" truecount="0" falsecount="2"/>
      <line num="107" count="0" type="stmt"/>
      <line num="108" count="0" type="stmt"/>
      <line num="110" count="0" type="stmt"/>
      <line num="111" count="0" type="stmt"/>
      <line num="112" count="0" type="stmt"/>
      <line num="114" count="0" type="cond" truecount="0" falsecount="4"/>
      <line num="115" count="0" type="stmt"/>
      <line num="116" count="0" type="cond" truecount="0" falsecount="2"/>
      <line num="117" count="0" type="stmt"/>
      <line num="118" count="0" type="stmt"/>
      <line num="123" count="0" type="stmt"/>
      <line num="131" count="0" type="stmt"/>
      <line num="145" count="0" type="stmt"/>
      <line num="173" count="0" type="stmt"/>
      <line num="175" count="0" type="stmt"/>
      <line num="176" count="0" type="stmt"/>
      <line num="179" count="0" type="stmt"/>
      <line num="188" count="0" type="stmt"/>
      <line num="200" count="0" type="stmt"/>
      <line num="217" count="0" type="stmt"/>
      <line num="218" count="0" type="stmt"/>
      <line num="219" count="0" type="stmt"/>
      <line num="221" count="0" type="stmt"/>
      <line num="226" count="0" type="stmt"/>
      <line num="227" count="0" type="cond" truecount="0" falsecount="4"/>
      <line num="229" count="0" type="stmt"/>
      <line num="231" count="0" type="stmt"/>
      <line num="238" count="0" type="stmt"/>
      <line num="239" count="0" type="stmt"/>
      <line num="256" count="0" type="stmt"/>
      <line num="258" count="0" type="cond" truecount="0" falsecount="2"/>
      <line num="259" count="0" type="stmt"/>
      <line num="263" count="0" type="stmt"/>
      <line num="264" count="0" type="cond" truecount="0" falsecount="2"/>
      <line num="265" count="0" type="stmt"/>
      <line num="268" count="0" type="stmt"/>
      <line num="274" count="0" type="stmt"/>
      <line num="281" count="0" type="stmt"/>
      <line num="282" count="0" type="stmt"/>
      <line num="283" count="0" type="cond" truecount="0" falsecount="2"/>
      <line num="285" count="0" type="stmt"/>
      <line num="286" count="0" type="stmt"/>
      <line num="288" count="0" type="stmt"/>
      <line num="289" count="0" type="cond" truecount="0" falsecount="2"/>
      <line num="290" count="0" type="stmt"/>
      <line num="291" count="0" type="stmt"/>
      <line num="292" count="0" type="cond" truecount="0" falsecount="2"/>
      <line num="293" count="0" type="stmt"/>
      <line num="304" count="0" type="stmt"/>
      <line num="306" count="0" type="stmt"/>
      <line num="307" count="0" type="stmt"/>
      <line num="315" count="0" type="stmt"/>
      <line num="316" count="0" type="stmt"/>
      <line num="323" count="0" type="stmt"/>
      <line num="324" count="0" type="stmt"/>
      <line num="325" count="0" type="cond" truecount="0" falsecount="2"/>
      <line num="326" count="0" type="stmt"/>
      <line num="327" count="0" type="stmt"/>
      <line num="330" count="0" type="stmt"/>
    </file>
    <file name="sync-queries.ts" path="/home/ubuntu/quarrycmms/src/services/sync/sync-queries.ts">
      <metrics statements="91" coveredstatements="83" conditionals="52" coveredconditionals="44" methods="12" coveredmethods="12"/>
      <line num="155" count="14" type="stmt"/>
      <line num="156" count="14" type="cond" truecount="2" falsecount="0"/>
      <line num="157" count="1" type="stmt"/>
      <line num="159" count="13" type="stmt"/>
      <line num="166" count="5" type="stmt"/>
      <line num="167" count="5" type="stmt"/>
      <line num="169" count="4" type="stmt"/>
      <line num="175" count="4" type="cond" truecount="2" falsecount="0"/>
      <line num="176" count="1" type="stmt"/>
      <line num="179" count="4" type="stmt"/>
      <line num="181" count="4" type="cond" truecount="2" falsecount="0"/>
      <line num="182" count="1" type="stmt"/>
      <line num="183" count="1" type="stmt"/>
      <line num="186" count="3" type="cond" truecount="2" falsecount="0"/>
      <line num="193" count="3" type="stmt"/>
      <line num="194" count="3" type="stmt"/>
      <line num="196" count="3" type="stmt"/>
      <line num="202" count="3" type="cond" truecount="1" falsecount="1"/>
      <line num="203" count="0" type="stmt"/>
      <line num="206" count="3" type="stmt"/>
      <line num="208" count="3" type="cond" truecount="2" falsecount="0"/>
      <line num="209" count="1" type="stmt"/>
      <line num="210" count="1" type="stmt"/>
      <line num="213" count="2" type="cond" truecount="2" falsecount="0"/>
      <line num="223" count="3" type="stmt"/>
      <line num="224" count="3" type="stmt"/>
      <line num="227" count="3" type="stmt"/>
      <line num="232" count="3" type="cond" truecount="2" falsecount="0"/>
      <line num="233" count="1" type="stmt"/>
      <line num="234" count="1" type="stmt"/>
      <line num="237" count="2" type="cond" truecount="4" falsecount="0"/>
      <line num="238" count="1" type="stmt"/>
      <line num="241" count="2" type="stmt"/>
      <line num="243" count="1" type="stmt"/>
      <line num="249" count="1" type="cond" truecount="1" falsecount="1"/>
      <line num="250" count="0" type="stmt"/>
      <line num="253" count="1" type="stmt"/>
      <line num="255" count="1" type="cond" truecount="1" falsecount="1"/>
      <line num="256" count="0" type="stmt"/>
      <line num="257" count="0" type="stmt"/>
      <line num="260" count="1" type="cond" truecount="1" falsecount="1"/>
      <line num="270" count="2" type="stmt"/>
      <line num="272" count="2" type="stmt"/>
      <line num="278" count="2" type="cond" truecount="2" falsecount="0"/>
      <line num="279" count="1" type="stmt"/>
      <line num="280" count="1" type="stmt"/>
      <line num="283" count="1" type="stmt"/>
      <line num="293" count="2" type="stmt"/>
      <line num="295" count="2" type="stmt"/>
      <line num="301" count="2" type="cond" truecount="2" falsecount="0"/>
      <line num="302" count="1" type="stmt"/>
      <line num="303" count="1" type="stmt"/>
      <line num="306" count="1" type="stmt"/>
      <line num="316" count="2" type="stmt"/>
      <line num="318" count="2" type="stmt"/>
      <line num="324" count="2" type="cond" truecount="2" falsecount="0"/>
      <line num="325" count="1" type="stmt"/>
      <line num="326" count="1" type="stmt"/>
      <line num="329" count="1" type="stmt"/>
      <line num="339" count="3" type="stmt"/>
      <line num="341" count="3" type="stmt"/>
      <line num="347" count="3" type="cond" truecount="1" falsecount="1"/>
      <line num="348" count="0" type="stmt"/>
      <line num="351" count="3" type="stmt"/>
      <line num="353" count="3" type="cond" truecount="2" falsecount="0"/>
      <line num="354" count="1" type="stmt"/>
      <line num="355" count="1" type="stmt"/>
      <line num="358" count="2" type="cond" truecount="2" falsecount="0"/>
      <line num="368" count="3" type="stmt"/>
      <line num="369" count="3" type="stmt"/>
      <line num="372" count="3" type="stmt"/>
      <line num="377" count="3" type="cond" truecount="2" falsecount="0"/>
      <line num="378" count="1" type="stmt"/>
      <line num="379" count="1" type="stmt"/>
      <line num="382" count="2" type="cond" truecount="4" falsecount="0"/>
      <line num="383" count="1" type="stmt"/>
      <line num="386" count="2" type="stmt"/>
      <line num="388" count="1" type="stmt"/>
      <line num="394" count="1" type="cond" truecount="1" falsecount="1"/>
      <line num="395" count="0" type="stmt"/>
      <line num="398" count="1" type="stmt"/>
      <line num="400" count="1" type="cond" truecount="1" falsecount="1"/>
      <line num="401" count="0" type="stmt"/>
      <line num="402" count="0" type="stmt"/>
      <line num="405" count="1" type="cond" truecount="1" falsecount="1"/>
      <line num="415" count="2" type="stmt"/>
      <line num="417" count="2" type="stmt"/>
      <line num="423" count="2" type="cond" truecount="2" falsecount="0"/>
      <line num="424" count="1" type="stmt"/>
      <line num="425" count="1" type="stmt"/>
      <line num="428" count="1" type="stmt"/>
    </file>
    <file name="sync-storage.ts" path="/home/ubuntu/quarrycmms/src/services/sync/sync-storage.ts">
      <metrics statements="27" coveredstatements="27" conditionals="6" coveredconditionals="6" methods="5" coveredmethods="5"/>
      <line num="13" count="1" type="stmt"/>
      <line num="23" count="6" type="stmt"/>
      <line num="24" count="6" type="stmt"/>
      <line num="25" count="5" type="cond" truecount="2" falsecount="0"/>
      <line num="26" count="2" type="stmt"/>
      <line num="28" count="3" type="stmt"/>
      <line num="29" count="3" type="cond" truecount="2" falsecount="0"/>
      <line num="31" count="1" type="stmt"/>
      <line num="32" count="1" type="stmt"/>
      <line num="41" count="5" type="stmt"/>
      <line num="42" count="5" type="stmt"/>
      <line num="44" count="1" type="stmt"/>
      <line num="45" count="1" type="stmt"/>
      <line num="54" count="6" type="stmt"/>
      <line num="55" count="6" type="stmt"/>
      <line num="57" count="1" type="stmt"/>
      <line num="58" count="1" type="stmt"/>
      <line num="67" count="8" type="stmt"/>
      <line num="68" count="8" type="cond" truecount="2" falsecount="0"/>
      <line num="69" count="3" type="stmt"/>
      <line num="71" count="5" type="stmt"/>
      <line num="74" count="2" type="stmt"/>
      <line num="75" count="2" type="stmt"/>
      <line num="83" count="4" type="stmt"/>
      <line num="84" count="4" type="stmt"/>
      <line num="86" count="1" type="stmt"/>
      <line num="87" count="1" type="stmt"/>
    </file>
  </project>
</coverage>
