{"/home/ubuntu/quarrycmms/src/services/sync/background-sync.ts": {"path":"/home/ubuntu/quarrycmms/src/services/sync/background-sync.ts","statementMap":{"0":{"start":{"line":19,"column":29},"end":{"line":19,"column":57}},"1":{"start":{"line":36,"column":45},"end":{"line":40,"column":1}},"2":{"start":{"line":54,"column":39},"end":{"line":54,"column":60}},"3":{"start":{"line":60,"column":0},"end":{"line":100,"column":3}},"4":{"start":{"line":61,"column":2},"end":{"line":61,"column":47}},"5":{"start":{"line":63,"column":2},"end":{"line":99,"column":3}},"6":{"start":{"line":65,"column":18},"end":{"line":65,"column":39}},"7":{"start":{"line":66,"column":27},"end":{"line":66,"column":52}},"8":{"start":{"line":68,"column":4},"end":{"line":71,"column":5}},"9":{"start":{"line":69,"column":6},"end":{"line":69,"column":69}},"10":{"start":{"line":70,"column":6},"end":{"line":70,"column":58}},"11":{"start":{"line":74,"column":21},"end":{"line":74,"column":42}},"12":{"start":{"line":75,"column":4},"end":{"line":78,"column":5}},"13":{"start":{"line":76,"column":6},"end":{"line":76,"column":70}},"14":{"start":{"line":77,"column":6},"end":{"line":77,"column":58}},"15":{"start":{"line":81,"column":4},"end":{"line":81,"column":60}},"16":{"start":{"line":82,"column":23},"end":{"line":82,"column":42}},"17":{"start":{"line":83,"column":4},"end":{"line":83,"column":80}},"18":{"start":{"line":86,"column":4},"end":{"line":92,"column":5}},"19":{"start":{"line":87,"column":6},"end":{"line":87,"column":63}},"20":{"start":{"line":88,"column":26},"end":{"line":88,"column":44}},"21":{"start":{"line":89,"column":6},"end":{"line":91,"column":8}},"22":{"start":{"line":94,"column":4},"end":{"line":94,"column":64}},"23":{"start":{"line":95,"column":4},"end":{"line":95,"column":57}},"24":{"start":{"line":97,"column":4},"end":{"line":97,"column":58}},"25":{"start":{"line":98,"column":4},"end":{"line":98,"column":56}},"26":{"start":{"line":119,"column":2},"end":{"line":119,"column":48}},"27":{"start":{"line":121,"column":2},"end":{"line":148,"column":3}},"28":{"start":{"line":123,"column":19},"end":{"line":123,"column":57}},"29":{"start":{"line":125,"column":4},"end":{"line":128,"column":5}},"30":{"start":{"line":126,"column":6},"end":{"line":126,"column":84}},"31":{"start":{"line":127,"column":6},"end":{"line":127,"column":13}},"32":{"start":{"line":130,"column":4},"end":{"line":133,"column":5}},"33":{"start":{"line":131,"column":6},"end":{"line":131,"column":74}},"34":{"start":{"line":132,"column":6},"end":{"line":132,"column":13}},"35":{"start":{"line":136,"column":4},"end":{"line":140,"column":7}},"36":{"start":{"line":142,"column":4},"end":{"line":144,"column":6}},"37":{"start":{"line":146,"column":4},"end":{"line":146,"column":65}},"38":{"start":{"line":147,"column":4},"end":{"line":147,"column":16}},"39":{"start":{"line":155,"column":2},"end":{"line":165,"column":3}},"40":{"start":{"line":156,"column":25},"end":{"line":156,"column":86}},"41":{"start":{"line":158,"column":4},"end":{"line":161,"column":5}},"42":{"start":{"line":159,"column":6},"end":{"line":159,"column":70}},"43":{"start":{"line":160,"column":6},"end":{"line":160,"column":67}},"44":{"start":{"line":163,"column":4},"end":{"line":163,"column":67}},"45":{"start":{"line":164,"column":4},"end":{"line":164,"column":16}},"46":{"start":{"line":174,"column":2},"end":{"line":207,"column":3}},"47":{"start":{"line":175,"column":33},"end":{"line":178,"column":6}},"48":{"start":{"line":181,"column":4},"end":{"line":193,"column":5}},"49":{"start":{"line":183,"column":8},"end":{"line":183,"column":40}},"50":{"start":{"line":184,"column":8},"end":{"line":184,"column":14}},"51":{"start":{"line":186,"column":8},"end":{"line":186,"column":90}},"52":{"start":{"line":187,"column":8},"end":{"line":187,"column":14}},"53":{"start":{"line":189,"column":8},"end":{"line":189,"column":57}},"54":{"start":{"line":190,"column":8},"end":{"line":190,"column":14}},"55":{"start":{"line":192,"column":8},"end":{"line":192,"column":45}},"56":{"start":{"line":195,"column":4},"end":{"line":199,"column":6}},"57":{"start":{"line":201,"column":4},"end":{"line":201,"column":69}},"58":{"start":{"line":202,"column":4},"end":{"line":206,"column":6}},"59":{"start":{"line":214,"column":2},"end":{"line":214,"column":27}},"60":{"start":{"line":222,"column":2},"end":{"line":222,"column":70}},"61":{"start":{"line":224,"column":2},"end":{"line":233,"column":3}},"62":{"start":{"line":225,"column":18},"end":{"line":225,"column":39}},"63":{"start":{"line":226,"column":4},"end":{"line":226,"column":74}},"64":{"start":{"line":228,"column":23},"end":{"line":228,"column":42}},"65":{"start":{"line":229,"column":4},"end":{"line":229,"column":84}},"66":{"start":{"line":231,"column":4},"end":{"line":231,"column":68}},"67":{"start":{"line":232,"column":4},"end":{"line":232,"column":16}}},"fnMap":{"0":{"name":"(anonymous_0)","decl":{"start":{"line":60,"column":45},"end":{"line":60,"column":46}},"loc":{"start":{"line":60,"column":57},"end":{"line":100,"column":1}},"line":60},"1":{"name":"registerBackgroundSync","decl":{"start":{"line":116,"column":22},"end":{"line":116,"column":44}},"loc":{"start":{"line":118,"column":17},"end":{"line":149,"column":1}},"line":118},"2":{"name":"unregisterBackgroundSync","decl":{"start":{"line":154,"column":22},"end":{"line":154,"column":46}},"loc":{"start":{"line":154,"column":64},"end":{"line":166,"column":1}},"line":154},"3":{"name":"isBackgroundSyncAvailable","decl":{"start":{"line":173,"column":22},"end":{"line":173,"column":47}},"loc":{"start":{"line":173,"column":81},"end":{"line":208,"column":1}},"line":173},"4":{"name":"getBackgroundSyncConfig","decl":{"start":{"line":213,"column":16},"end":{"line":213,"column":39}},"loc":{"start":{"line":213,"column":64},"end":{"line":215,"column":1}},"line":213},"5":{"name":"triggerBackgroundSync","decl":{"start":{"line":221,"column":22},"end":{"line":221,"column":43}},"loc":{"start":{"line":221,"column":61},"end":{"line":234,"column":1}},"line":221}},"branchMap":{"0":{"loc":{"start":{"line":68,"column":4},"end":{"line":71,"column":5}},"type":"if","locations":[{"start":{"line":68,"column":4},"end":{"line":71,"column":5}},{"start":{},"end":{}}],"line":68},"1":{"loc":{"start":{"line":68,"column":8},"end":{"line":68,"column":80}},"type":"binary-expr","locations":[{"start":{"line":68,"column":8},"end":{"line":68,"column":27}},{"start":{"line":68,"column":31},"end":{"line":68,"column":49}},{"start":{"line":68,"column":53},"end":{"line":68,"column":80}}],"line":68},"2":{"loc":{"start":{"line":75,"column":4},"end":{"line":78,"column":5}},"type":"if","locations":[{"start":{"line":75,"column":4},"end":{"line":78,"column":5}},{"start":{},"end":{}}],"line":75},"3":{"loc":{"start":{"line":86,"column":4},"end":{"line":92,"column":5}},"type":"if","locations":[{"start":{"line":86,"column":4},"end":{"line":92,"column":5}},{"start":{},"end":{}}],"line":86},"4":{"loc":{"start":{"line":86,"column":8},"end":{"line":86,"column":78}},"type":"binary-expr","locations":[{"start":{"line":86,"column":8},"end":{"line":86,"column":35}},{"start":{"line":86,"column":39},"end":{"line":86,"column":78}}],"line":86},"5":{"loc":{"start":{"line":125,"column":4},"end":{"line":128,"column":5}},"type":"if","locations":[{"start":{"line":125,"column":4},"end":{"line":128,"column":5}},{"start":{},"end":{}}],"line":125},"6":{"loc":{"start":{"line":130,"column":4},"end":{"line":133,"column":5}},"type":"if","locations":[{"start":{"line":130,"column":4},"end":{"line":133,"column":5}},{"start":{},"end":{}}],"line":130},"7":{"loc":{"start":{"line":158,"column":4},"end":{"line":161,"column":5}},"type":"if","locations":[{"start":{"line":158,"column":4},"end":{"line":161,"column":5}},{"start":{},"end":{}}],"line":158},"8":{"loc":{"start":{"line":181,"column":4},"end":{"line":193,"column":5}},"type":"switch","locations":[{"start":{"line":182,"column":6},"end":{"line":184,"column":14}},{"start":{"line":185,"column":6},"end":{"line":187,"column":14}},{"start":{"line":188,"column":6},"end":{"line":190,"column":14}},{"start":{"line":191,"column":6},"end":{"line":192,"column":45}}],"line":181}},"s":{"0":1,"1":1,"2":1,"3":1,"4":0,"5":0,"6":0,"7":0,"8":0,"9":0,"10":0,"11":0,"12":0,"13":0,"14":0,"15":0,"16":0,"17":0,"18":0,"19":0,"20":0,"21":0,"22":0,"23":0,"24":0,"25":0,"26":6,"27":6,"28":6,"29":6,"30":1,"31":1,"32":5,"33":1,"34":1,"35":4,"36":3,"37":1,"38":1,"39":3,"40":3,"41":3,"42":2,"43":1,"44":1,"45":1,"46":5,"47":5,"48":4,"49":1,"50":1,"51":1,"52":1,"53":1,"54":1,"55":1,"56":4,"57":1,"58":1,"59":4,"60":3,"61":3,"62":3,"63":3,"64":3,"65":2,"66":1,"67":1},"f":{"0":0,"1":6,"2":3,"3":5,"4":4,"5":3},"b":{"0":[0,0],"1":[0,0,0],"2":[0,0],"3":[0,0],"4":[0,0],"5":[1,5],"6":[1,4],"7":[2,1],"8":[1,1,1,1]},"_coverageSchema":"1a1c01bbd47fc00a2c39e90264f33305004495a9","hash":"02a294fa970067c6eff749351ac902aec9f977c9"}
,"/home/ubuntu/quarrycmms/src/services/sync/backoff.ts": {"path":"/home/ubuntu/quarrycmms/src/services/sync/backoff.ts","statementMap":{"0":{"start":{"line":27,"column":53},"end":{"line":32,"column":1}},"1":{"start":{"line":59,"column":14},"end":{"line":59,"column":54}},"2":{"start":{"line":62,"column":27},"end":{"line":62,"column":78}},"3":{"start":{"line":65,"column":22},"end":{"line":65,"column":64}},"4":{"start":{"line":68,"column":17},"end":{"line":68,"column":63}},"5":{"start":{"line":70,"column":2},"end":{"line":70,"column":42}},"6":{"start":{"line":90,"column":2},"end":{"line":90,"column":56}},"7":{"start":{"line":115,"column":2},"end":{"line":117,"column":3}},"8":{"start":{"line":116,"column":4},"end":{"line":116,"column":16}},"9":{"start":{"line":120,"column":14},"end":{"line":120,"column":54}},"10":{"start":{"line":121,"column":16},"end":{"line":124,"column":3}},"11":{"start":{"line":126,"column":2},"end":{"line":126,"column":47}},"12":{"start":{"line":142,"column":2},"end":{"line":144,"column":3}},"13":{"start":{"line":143,"column":4},"end":{"line":143,"column":13}},"14":{"start":{"line":146,"column":14},"end":{"line":146,"column":54}},"15":{"start":{"line":147,"column":16},"end":{"line":150,"column":3}},"16":{"start":{"line":152,"column":22},"end":{"line":152,"column":45}},"17":{"start":{"line":153,"column":20},"end":{"line":153,"column":44}},"18":{"start":{"line":155,"column":2},"end":{"line":155,"column":32}},"19":{"start":{"line":165,"column":2},"end":{"line":173,"column":3}},"20":{"start":{"line":166,"column":4},"end":{"line":166,"column":26}},"21":{"start":{"line":167,"column":9},"end":{"line":173,"column":3}},"22":{"start":{"line":168,"column":20},"end":{"line":168,"column":46}},"23":{"start":{"line":169,"column":4},"end":{"line":169,"column":58}},"24":{"start":{"line":171,"column":20},"end":{"line":171,"column":47}},"25":{"start":{"line":172,"column":4},"end":{"line":172,"column":58}}},"fnMap":{"0":{"name":"calculateBackoff","decl":{"start":{"line":55,"column":16},"end":{"line":55,"column":32}},"loc":{"start":{"line":58,"column":10},"end":{"line":71,"column":1}},"line":58},"1":{"name":"getNextRetryTime","decl":{"start":{"line":86,"column":16},"end":{"line":86,"column":32}},"loc":{"start":{"line":89,"column":10},"end":{"line":91,"column":1}},"line":89},"2":{"name":"isReadyForRetry","decl":{"start":{"line":109,"column":16},"end":{"line":109,"column":31}},"loc":{"start":{"line":113,"column":11},"end":{"line":127,"column":1}},"line":113},"3":{"name":"getTimeUntilRetry","decl":{"start":{"line":137,"column":16},"end":{"line":137,"column":33}},"loc":{"start":{"line":141,"column":10},"end":{"line":156,"column":1}},"line":141},"4":{"name":"formatBackoffDelay","decl":{"start":{"line":164,"column":16},"end":{"line":164,"column":34}},"loc":{"start":{"line":164,"column":60},"end":{"line":174,"column":1}},"line":164}},"branchMap":{"0":{"loc":{"start":{"line":115,"column":2},"end":{"line":117,"column":3}},"type":"if","locations":[{"start":{"line":115,"column":2},"end":{"line":117,"column":3}},{"start":{},"end":{}}],"line":115},"1":{"loc":{"start":{"line":115,"column":6},"end":{"line":115,"column":39}},"type":"binary-expr","locations":[{"start":{"line":115,"column":6},"end":{"line":115,"column":22}},{"start":{"line":115,"column":26},"end":{"line":115,"column":39}}],"line":115},"2":{"loc":{"start":{"line":142,"column":2},"end":{"line":144,"column":3}},"type":"if","locations":[{"start":{"line":142,"column":2},"end":{"line":144,"column":3}},{"start":{},"end":{}}],"line":142},"3":{"loc":{"start":{"line":142,"column":6},"end":{"line":142,"column":39}},"type":"binary-expr","locations":[{"start":{"line":142,"column":6},"end":{"line":142,"column":22}},{"start":{"line":142,"column":26},"end":{"line":142,"column":39}}],"line":142},"4":{"loc":{"start":{"line":165,"column":2},"end":{"line":173,"column":3}},"type":"if","locations":[{"start":{"line":165,"column":2},"end":{"line":173,"column":3}},{"start":{"line":167,"column":9},"end":{"line":173,"column":3}}],"line":165},"5":{"loc":{"start":{"line":167,"column":9},"end":{"line":173,"column":3}},"type":"if","locations":[{"start":{"line":167,"column":9},"end":{"line":173,"column":3}},{"start":{"line":170,"column":9},"end":{"line":173,"column":3}}],"line":167},"6":{"loc":{"start":{"line":169,"column":31},"end":{"line":169,"column":55}},"type":"cond-expr","locations":[{"start":{"line":169,"column":47},"end":{"line":169,"column":49}},{"start":{"line":169,"column":52},"end":{"line":169,"column":55}}],"line":169},"7":{"loc":{"start":{"line":172,"column":31},"end":{"line":172,"column":55}},"type":"cond-expr","locations":[{"start":{"line":172,"column":47},"end":{"line":172,"column":49}},{"start":{"line":172,"column":52},"end":{"line":172,"column":55}}],"line":172}},"s":{"0":2,"1":19,"2":19,"3":19,"4":19,"5":19,"6":5,"7":23,"8":12,"9":11,"10":11,"11":11,"12":7,"13":2,"14":5,"15":5,"16":5,"17":5,"18":5,"19":21,"20":4,"21":17,"22":8,"23":8,"24":9,"25":9},"f":{"0":19,"1":5,"2":23,"3":7,"4":21},"b":{"0":[12,11],"1":[23,12],"2":[2,5],"3":[7,6],"4":[4,17],"5":[8,9],"6":[4,4],"7":[4,5]},"_coverageSchema":"1a1c01bbd47fc00a2c39e90264f33305004495a9","hash":"51513278606561d408090628b999731ca77725a4"}
,"/home/ubuntu/quarrycmms/src/services/sync/conflict-log.ts": {"path":"/home/ubuntu/quarrycmms/src/services/sync/conflict-log.ts","statementMap":{"0":{"start":{"line":16,"column":25},"end":{"line":16,"column":51}},"1":{"start":{"line":21,"column":21},"end":{"line":21,"column":45}},"2":{"start":{"line":26,"column":20},"end":{"line":26,"column":23}},"3":{"start":{"line":58,"column":20},"end":{"line":58,"column":43}},"4":{"start":{"line":59,"column":17},"end":{"line":59,"column":59}},"5":{"start":{"line":60,"column":2},"end":{"line":60,"column":43}},"6":{"start":{"line":67,"column":2},"end":{"line":74,"column":3}},"7":{"start":{"line":68,"column":19},"end":{"line":68,"column":63}},"8":{"start":{"line":69,"column":4},"end":{"line":69,"column":27}},"9":{"start":{"line":69,"column":17},"end":{"line":69,"column":27}},"10":{"start":{"line":70,"column":4},"end":{"line":70,"column":52}},"11":{"start":{"line":72,"column":4},"end":{"line":72,"column":63}},"12":{"start":{"line":73,"column":4},"end":{"line":73,"column":14}},"13":{"start":{"line":81,"column":2},"end":{"line":85,"column":3}},"14":{"start":{"line":82,"column":4},"end":{"line":82,"column":74}},"15":{"start":{"line":84,"column":4},"end":{"line":84,"column":63}},"16":{"start":{"line":96,"column":37},"end":{"line":107,"column":3}},"17":{"start":{"line":109,"column":14},"end":{"line":109,"column":29}},"18":{"start":{"line":112,"column":2},"end":{"line":112,"column":24}},"19":{"start":{"line":115,"column":18},"end":{"line":115,"column":43}},"20":{"start":{"line":117,"column":2},"end":{"line":117,"column":25}},"21":{"start":{"line":120,"column":2},"end":{"line":125,"column":5}},"22":{"start":{"line":127,"column":2},"end":{"line":127,"column":21}},"23":{"start":{"line":136,"column":14},"end":{"line":136,"column":29}},"24":{"start":{"line":137,"column":2},"end":{"line":137,"column":29}},"25":{"start":{"line":150,"column":14},"end":{"line":150,"column":29}},"26":{"start":{"line":151,"column":2},"end":{"line":151,"column":91}},"27":{"start":{"line":151,"column":29},"end":{"line":151,"column":89}},"28":{"start":{"line":158,"column":14},"end":{"line":158,"column":29}},"29":{"start":{"line":159,"column":2},"end":{"line":159,"column":50}},"30":{"start":{"line":159,"column":29},"end":{"line":159,"column":48}},"31":{"start":{"line":172,"column":14},"end":{"line":172,"column":29}},"32":{"start":{"line":173,"column":2},"end":{"line":173,"column":89}},"33":{"start":{"line":173,"column":29},"end":{"line":173,"column":87}},"34":{"start":{"line":187,"column":14},"end":{"line":187,"column":29}},"35":{"start":{"line":188,"column":14},"end":{"line":188,"column":24}},"36":{"start":{"line":189,"column":20},"end":{"line":189,"column":45}},"37":{"start":{"line":190,"column":21},"end":{"line":190,"column":50}},"38":{"start":{"line":192,"column":42},"end":{"line":192,"column":44}},"39":{"start":{"line":193,"column":21},"end":{"line":193,"column":22}},"40":{"start":{"line":194,"column":18},"end":{"line":194,"column":19}},"41":{"start":{"line":195,"column":20},"end":{"line":195,"column":21}},"42":{"start":{"line":196,"column":18},"end":{"line":196,"column":19}},"43":{"start":{"line":198,"column":2},"end":{"line":216,"column":3}},"44":{"start":{"line":200,"column":4},"end":{"line":200,"column":67}},"45":{"start":{"line":203,"column":4},"end":{"line":207,"column":5}},"46":{"start":{"line":204,"column":6},"end":{"line":204,"column":21}},"47":{"start":{"line":206,"column":6},"end":{"line":206,"column":18}},"48":{"start":{"line":210,"column":4},"end":{"line":212,"column":5}},"49":{"start":{"line":211,"column":6},"end":{"line":211,"column":20}},"50":{"start":{"line":213,"column":4},"end":{"line":215,"column":5}},"51":{"start":{"line":214,"column":6},"end":{"line":214,"column":18}},"52":{"start":{"line":218,"column":2},"end":{"line":225,"column":4}},"53":{"start":{"line":234,"column":14},"end":{"line":234,"column":29}},"54":{"start":{"line":235,"column":17},"end":{"line":235,"column":42}},"55":{"start":{"line":237,"column":17},"end":{"line":237,"column":27}},"56":{"start":{"line":238,"column":17},"end":{"line":238,"column":63}},"57":{"start":{"line":238,"column":37},"end":{"line":238,"column":62}},"58":{"start":{"line":239,"column":18},"end":{"line":239,"column":40}},"59":{"start":{"line":241,"column":2},"end":{"line":244,"column":3}},"60":{"start":{"line":242,"column":4},"end":{"line":242,"column":26}},"61":{"start":{"line":243,"column":4},"end":{"line":243,"column":64}},"62":{"start":{"line":246,"column":2},"end":{"line":246,"column":17}},"63":{"start":{"line":253,"column":2},"end":{"line":253,"column":50}},"64":{"start":{"line":254,"column":2},"end":{"line":254,"column":58}},"65":{"start":{"line":269,"column":14},"end":{"line":269,"column":29}},"66":{"start":{"line":270,"column":16},"end":{"line":270,"column":63}},"67":{"start":{"line":270,"column":39},"end":{"line":270,"column":62}},"68":{"start":{"line":272,"column":2},"end":{"line":275,"column":3}},"69":{"start":{"line":273,"column":4},"end":{"line":273,"column":68}},"70":{"start":{"line":274,"column":4},"end":{"line":274,"column":17}},"71":{"start":{"line":278,"column":16},"end":{"line":282,"column":3}},"72":{"start":{"line":284,"column":2},"end":{"line":284,"column":32}},"73":{"start":{"line":285,"column":2},"end":{"line":285,"column":32}},"74":{"start":{"line":286,"column":2},"end":{"line":288,"column":3}},"75":{"start":{"line":287,"column":4},"end":{"line":287,"column":30}},"76":{"start":{"line":290,"column":2},"end":{"line":290,"column":21}},"77":{"start":{"line":291,"column":2},"end":{"line":291,"column":74}},"78":{"start":{"line":292,"column":2},"end":{"line":292,"column":14}}},"fnMap":{"0":{"name":"generateLogId","decl":{"start":{"line":57,"column":9},"end":{"line":57,"column":22}},"loc":{"start":{"line":57,"column":33},"end":{"line":61,"column":1}},"line":57},"1":{"name":"loadLog","decl":{"start":{"line":66,"column":15},"end":{"line":66,"column":22}},"loc":{"start":{"line":66,"column":54},"end":{"line":75,"column":1}},"line":66},"2":{"name":"saveLog","decl":{"start":{"line":80,"column":15},"end":{"line":80,"column":22}},"loc":{"start":{"line":80,"column":67},"end":{"line":86,"column":1}},"line":80},"3":{"name":"logConflict","decl":{"start":{"line":93,"column":22},"end":{"line":93,"column":33}},"loc":{"start":{"line":95,"column":19},"end":{"line":128,"column":1}},"line":95},"4":{"name":"getRecentConflicts","decl":{"start":{"line":135,"column":22},"end":{"line":135,"column":40}},"loc":{"start":{"line":135,"column":90},"end":{"line":138,"column":1}},"line":135},"5":{"name":"getConflictsForRecord","decl":{"start":{"line":146,"column":22},"end":{"line":146,"column":43}},"loc":{"start":{"line":149,"column":31},"end":{"line":152,"column":1}},"line":149},"6":{"name":"(anonymous_6)","decl":{"start":{"line":151,"column":20},"end":{"line":151,"column":21}},"loc":{"start":{"line":151,"column":29},"end":{"line":151,"column":89}},"line":151},"7":{"name":"getEscalatedConflicts","decl":{"start":{"line":157,"column":22},"end":{"line":157,"column":43}},"loc":{"start":{"line":157,"column":75},"end":{"line":160,"column":1}},"line":157},"8":{"name":"(anonymous_8)","decl":{"start":{"line":159,"column":20},"end":{"line":159,"column":21}},"loc":{"start":{"line":159,"column":29},"end":{"line":159,"column":48}},"line":159},"9":{"name":"getConflictsByTimeRange","decl":{"start":{"line":168,"column":22},"end":{"line":168,"column":45}},"loc":{"start":{"line":171,"column":31},"end":{"line":174,"column":1}},"line":171},"10":{"name":"(anonymous_10)","decl":{"start":{"line":173,"column":20},"end":{"line":173,"column":21}},"loc":{"start":{"line":173,"column":29},"end":{"line":173,"column":87}},"line":173},"11":{"name":"getConflictStats","decl":{"start":{"line":179,"column":22},"end":{"line":179,"column":38}},"loc":{"start":{"line":186,"column":3},"end":{"line":226,"column":1}},"line":186},"12":{"name":"pruneConflictLogs","decl":{"start":{"line":233,"column":22},"end":{"line":233,"column":39}},"loc":{"start":{"line":233,"column":59},"end":{"line":247,"column":1}},"line":233},"13":{"name":"(anonymous_13)","decl":{"start":{"line":238,"column":28},"end":{"line":238,"column":29}},"loc":{"start":{"line":238,"column":37},"end":{"line":238,"column":62}},"line":238},"14":{"name":"clearConflictLogs","decl":{"start":{"line":252,"column":22},"end":{"line":252,"column":39}},"loc":{"start":{"line":252,"column":57},"end":{"line":255,"column":1}},"line":252},"15":{"name":"markConflictReviewed","decl":{"start":{"line":264,"column":22},"end":{"line":264,"column":42}},"loc":{"start":{"line":268,"column":20},"end":{"line":293,"column":1}},"line":268},"16":{"name":"(anonymous_16)","decl":{"start":{"line":270,"column":30},"end":{"line":270,"column":31}},"loc":{"start":{"line":270,"column":39},"end":{"line":270,"column":62}},"line":270}},"branchMap":{"0":{"loc":{"start":{"line":69,"column":4},"end":{"line":69,"column":27}},"type":"if","locations":[{"start":{"line":69,"column":4},"end":{"line":69,"column":27}},{"start":{},"end":{}}],"line":69},"1":{"loc":{"start":{"line":97,"column":8},"end":{"line":97,"column":35}},"type":"binary-expr","locations":[{"start":{"line":97,"column":8},"end":{"line":97,"column":16}},{"start":{"line":97,"column":20},"end":{"line":97,"column":35}}],"line":97},"2":{"loc":{"start":{"line":98,"column":15},"end":{"line":98,"column":44}},"type":"binary-expr","locations":[{"start":{"line":98,"column":15},"end":{"line":98,"column":30}},{"start":{"line":98,"column":34},"end":{"line":98,"column":44}}],"line":98},"3":{"loc":{"start":{"line":120,"column":32},"end":{"line":120,"column":85}},"type":"cond-expr","locations":[{"start":{"line":120,"column":56},"end":{"line":120,"column":71}},{"start":{"line":120,"column":74},"end":{"line":120,"column":85}}],"line":120},"4":{"loc":{"start":{"line":135,"column":41},"end":{"line":135,"column":59}},"type":"default-arg","locations":[{"start":{"line":135,"column":57},"end":{"line":135,"column":59}}],"line":135},"5":{"loc":{"start":{"line":151,"column":29},"end":{"line":151,"column":89}},"type":"binary-expr","locations":[{"start":{"line":151,"column":29},"end":{"line":151,"column":58}},{"start":{"line":151,"column":62},"end":{"line":151,"column":89}}],"line":151},"6":{"loc":{"start":{"line":173,"column":29},"end":{"line":173,"column":87}},"type":"binary-expr","locations":[{"start":{"line":173,"column":29},"end":{"line":173,"column":57}},{"start":{"line":173,"column":61},"end":{"line":173,"column":87}}],"line":173},"7":{"loc":{"start":{"line":200,"column":32},"end":{"line":200,"column":61}},"type":"binary-expr","locations":[{"start":{"line":200,"column":32},"end":{"line":200,"column":56}},{"start":{"line":200,"column":60},"end":{"line":200,"column":61}}],"line":200},"8":{"loc":{"start":{"line":203,"column":4},"end":{"line":207,"column":5}},"type":"if","locations":[{"start":{"line":203,"column":4},"end":{"line":207,"column":5}},{"start":{"line":205,"column":11},"end":{"line":207,"column":5}}],"line":203},"9":{"loc":{"start":{"line":210,"column":4},"end":{"line":212,"column":5}},"type":"if","locations":[{"start":{"line":210,"column":4},"end":{"line":212,"column":5}},{"start":{},"end":{}}],"line":210},"10":{"loc":{"start":{"line":213,"column":4},"end":{"line":215,"column":5}},"type":"if","locations":[{"start":{"line":213,"column":4},"end":{"line":215,"column":5}},{"start":{},"end":{}}],"line":213},"11":{"loc":{"start":{"line":241,"column":2},"end":{"line":244,"column":3}},"type":"if","locations":[{"start":{"line":241,"column":2},"end":{"line":244,"column":3}},{"start":{},"end":{}}],"line":241},"12":{"loc":{"start":{"line":272,"column":2},"end":{"line":275,"column":3}},"type":"if","locations":[{"start":{"line":272,"column":2},"end":{"line":275,"column":3}},{"start":{},"end":{}}],"line":272},"13":{"loc":{"start":{"line":286,"column":2},"end":{"line":288,"column":3}},"type":"if","locations":[{"start":{"line":286,"column":2},"end":{"line":288,"column":3}},{"start":{},"end":{}}],"line":286}},"s":{"0":1,"1":1,"2":1,"3":3,"4":3,"5":3,"6":155,"7":155,"8":154,"9":31,"10":123,"11":2,"12":2,"13":132,"14":132,"15":1,"16":129,"17":129,"18":129,"19":129,"20":129,"21":129,"22":129,"23":7,"24":7,"25":3,"26":3,"27":12,"28":2,"29":2,"30":5,"31":3,"32":3,"33":9,"34":3,"35":3,"36":3,"37":3,"38":3,"39":3,"40":3,"41":3,"42":3,"43":3,"44":9,"45":9,"46":7,"47":2,"48":9,"49":6,"50":9,"51":8,"52":3,"53":4,"54":4,"55":4,"56":4,"57":5,"58":4,"59":4,"60":1,"61":1,"62":4,"63":2,"64":2,"65":4,"66":4,"67":2,"68":4,"69":2,"70":2,"71":2,"72":2,"73":2,"74":2,"75":1,"76":2,"77":2,"78":2},"f":{"0":3,"1":155,"2":132,"3":129,"4":7,"5":3,"6":12,"7":2,"8":5,"9":3,"10":9,"11":3,"12":4,"13":5,"14":2,"15":4,"16":2},"b":{"0":[31,123],"1":[129,3],"2":[129,3],"3":[121,8],"4":[6],"5":[12,7],"6":[9,4],"7":[9,4],"8":[7,2],"9":[6,3],"10":[8,1],"11":[1,3],"12":[2,2],"13":[1,1]},"_coverageSchema":"1a1c01bbd47fc00a2c39e90264f33305004495a9","hash":"b682d7f40990721f43a0c0cb71935f8fd996aad7"}
,"/home/ubuntu/quarrycmms/src/services/sync/conflict-resolver.ts": {"path":"/home/ubuntu/quarrycmms/src/services/sync/conflict-resolver.ts","statementMap":{"0":{"start":{"line":34,"column":23},"end":{"line":34,"column":70}},"1":{"start":{"line":39,"column":24},"end":{"line":39,"column":69}},"2":{"start":{"line":44,"column":27},"end":{"line":44,"column":70}},"3":{"start":{"line":54,"column":2},"end":{"line":56,"column":3}},"4":{"start":{"line":55,"column":4},"end":{"line":55,"column":17}},"5":{"start":{"line":58,"column":26},"end":{"line":58,"column":61}},"6":{"start":{"line":59,"column":31},"end":{"line":59,"column":57}},"7":{"start":{"line":61,"column":2},"end":{"line":61,"column":48}},"8":{"start":{"line":68,"column":19},"end":{"line":68,"column":83}},"9":{"start":{"line":69,"column":20},"end":{"line":69,"column":85}},"10":{"start":{"line":70,"column":2},"end":{"line":70,"column":47}},"11":{"start":{"line":77,"column":19},"end":{"line":77,"column":85}},"12":{"start":{"line":78,"column":20},"end":{"line":78,"column":87}},"13":{"start":{"line":79,"column":2},"end":{"line":79,"column":47}},"14":{"start":{"line":86,"column":19},"end":{"line":86,"column":91}},"15":{"start":{"line":87,"column":20},"end":{"line":87,"column":93}},"16":{"start":{"line":88,"column":2},"end":{"line":88,"column":47}},"17":{"start":{"line":100,"column":2},"end":{"line":100,"column":37}},"18":{"start":{"line":100,"column":25},"end":{"line":100,"column":37}},"19":{"start":{"line":101,"column":2},"end":{"line":101,"column":28}},"20":{"start":{"line":101,"column":14},"end":{"line":101,"column":28}},"21":{"start":{"line":102,"column":2},"end":{"line":102,"column":28}},"22":{"start":{"line":102,"column":15},"end":{"line":102,"column":28}},"23":{"start":{"line":103,"column":2},"end":{"line":103,"column":37}},"24":{"start":{"line":103,"column":24},"end":{"line":103,"column":37}},"25":{"start":{"line":105,"column":22},"end":{"line":105,"column":57}},"26":{"start":{"line":106,"column":23},"end":{"line":106,"column":60}},"27":{"start":{"line":108,"column":2},"end":{"line":108,"column":65}},"28":{"start":{"line":115,"column":2},"end":{"line":115,"column":36}},"29":{"start":{"line":115,"column":22},"end":{"line":115,"column":36}},"30":{"start":{"line":116,"column":2},"end":{"line":116,"column":36}},"31":{"start":{"line":116,"column":23},"end":{"line":116,"column":36}},"32":{"start":{"line":117,"column":2},"end":{"line":117,"column":33}},"33":{"start":{"line":124,"column":2},"end":{"line":124,"column":36}},"34":{"start":{"line":124,"column":22},"end":{"line":124,"column":36}},"35":{"start":{"line":125,"column":2},"end":{"line":125,"column":36}},"36":{"start":{"line":125,"column":23},"end":{"line":125,"column":36}},"37":{"start":{"line":126,"column":2},"end":{"line":126,"column":33}},"38":{"start":{"line":137,"column":32},"end":{"line":137,"column":34}},"39":{"start":{"line":140,"column":2},"end":{"line":148,"column":3}},"40":{"start":{"line":147,"column":4},"end":{"line":147,"column":44}},"41":{"start":{"line":151,"column":2},"end":{"line":157,"column":3}},"42":{"start":{"line":152,"column":26},"end":{"line":152,"column":65}},"43":{"start":{"line":153,"column":28},"end":{"line":153,"column":78}},"44":{"start":{"line":154,"column":4},"end":{"line":156,"column":5}},"45":{"start":{"line":155,"column":6},"end":{"line":155,"column":47}},"46":{"start":{"line":160,"column":2},"end":{"line":167,"column":3}},"47":{"start":{"line":166,"column":4},"end":{"line":166,"column":50}},"48":{"start":{"line":169,"column":2},"end":{"line":169,"column":21}},"49":{"start":{"line":180,"column":40},"end":{"line":180,"column":42}},"50":{"start":{"line":181,"column":44},"end":{"line":181,"column":46}},"51":{"start":{"line":182,"column":25},"end":{"line":182,"column":30}},"52":{"start":{"line":185,"column":2},"end":{"line":192,"column":3}},"53":{"start":{"line":186,"column":4},"end":{"line":191,"column":6}},"54":{"start":{"line":194,"column":2},"end":{"line":194,"column":26}},"55":{"start":{"line":197,"column":22},"end":{"line":197,"column":78}},"56":{"start":{"line":201,"column":2},"end":{"line":238,"column":3}},"57":{"start":{"line":202,"column":27},"end":{"line":202,"column":78}},"58":{"start":{"line":203,"column":4},"end":{"line":203,"column":35}},"59":{"start":{"line":204,"column":4},"end":{"line":211,"column":7}},"60":{"start":{"line":212,"column":9},"end":{"line":238,"column":3}},"61":{"start":{"line":215,"column":28},"end":{"line":215,"column":89}},"62":{"start":{"line":216,"column":27},"end":{"line":216,"column":47}},"63":{"start":{"line":218,"column":4},"end":{"line":237,"column":5}},"64":{"start":{"line":220,"column":32},"end":{"line":220,"column":64}},"65":{"start":{"line":221,"column":32},"end":{"line":221,"column":73}},"66":{"start":{"line":222,"column":6},"end":{"line":222,"column":95}},"67":{"start":{"line":224,"column":6},"end":{"line":231,"column":9}},"68":{"start":{"line":234,"column":6},"end":{"line":236,"column":7}},"69":{"start":{"line":235,"column":8},"end":{"line":235,"column":46}},"70":{"start":{"line":241,"column":2},"end":{"line":252,"column":3}},"71":{"start":{"line":242,"column":29},"end":{"line":242,"column":77}},"72":{"start":{"line":243,"column":4},"end":{"line":243,"column":39}},"73":{"start":{"line":244,"column":4},"end":{"line":251,"column":7}},"74":{"start":{"line":255,"column":2},"end":{"line":266,"column":3}},"75":{"start":{"line":256,"column":32},"end":{"line":256,"column":81}},"76":{"start":{"line":257,"column":4},"end":{"line":257,"column":45}},"77":{"start":{"line":258,"column":4},"end":{"line":265,"column":7}},"78":{"start":{"line":269,"column":2},"end":{"line":287,"column":3}},"79":{"start":{"line":270,"column":22},"end":{"line":270,"column":65}},"80":{"start":{"line":271,"column":23},"end":{"line":271,"column":69}},"81":{"start":{"line":272,"column":26},"end":{"line":277,"column":5}},"82":{"start":{"line":278,"column":4},"end":{"line":278,"column":44}},"83":{"start":{"line":279,"column":4},"end":{"line":286,"column":7}},"84":{"start":{"line":290,"column":24},"end":{"line":290,"column":84}},"85":{"start":{"line":291,"column":2},"end":{"line":302,"column":3}},"86":{"start":{"line":292,"column":28},"end":{"line":292,"column":81}},"87":{"start":{"line":293,"column":4},"end":{"line":293,"column":87}},"88":{"start":{"line":294,"column":4},"end":{"line":301,"column":7}},"89":{"start":{"line":305,"column":26},"end":{"line":305,"column":90}},"90":{"start":{"line":306,"column":2},"end":{"line":317,"column":3}},"91":{"start":{"line":307,"column":30},"end":{"line":307,"column":87}},"92":{"start":{"line":308,"column":4},"end":{"line":308,"column":93}},"93":{"start":{"line":309,"column":4},"end":{"line":316,"column":7}},"94":{"start":{"line":320,"column":28},"end":{"line":320,"column":96}},"95":{"start":{"line":321,"column":2},"end":{"line":340,"column":3}},"96":{"start":{"line":322,"column":32},"end":{"line":322,"column":93}},"97":{"start":{"line":323,"column":4},"end":{"line":323,"column":99}},"98":{"start":{"line":326,"column":4},"end":{"line":330,"column":5}},"99":{"start":{"line":327,"column":6},"end":{"line":327,"column":46}},"100":{"start":{"line":329,"column":6},"end":{"line":329,"column":48}},"101":{"start":{"line":332,"column":4},"end":{"line":339,"column":7}},"102":{"start":{"line":343,"column":2},"end":{"line":354,"column":3}},"103":{"start":{"line":344,"column":25},"end":{"line":344,"column":95}},"104":{"start":{"line":345,"column":4},"end":{"line":345,"column":45}},"105":{"start":{"line":346,"column":4},"end":{"line":353,"column":7}},"106":{"start":{"line":357,"column":2},"end":{"line":372,"column":3}},"107":{"start":{"line":359,"column":27},"end":{"line":359,"column":47}},"108":{"start":{"line":360,"column":28},"end":{"line":360,"column":65}},"109":{"start":{"line":362,"column":6},"end":{"line":362,"column":78}},"110":{"start":{"line":363,"column":4},"end":{"line":363,"column":44}},"111":{"start":{"line":364,"column":4},"end":{"line":371,"column":7}},"112":{"start":{"line":375,"column":2},"end":{"line":386,"column":3}},"113":{"start":{"line":376,"column":31},"end":{"line":376,"column":79}},"114":{"start":{"line":377,"column":4},"end":{"line":377,"column":49}},"115":{"start":{"line":378,"column":4},"end":{"line":385,"column":7}},"116":{"start":{"line":389,"column":2},"end":{"line":402,"column":3}},"117":{"start":{"line":390,"column":27},"end":{"line":390,"column":47}},"118":{"start":{"line":391,"column":28},"end":{"line":391,"column":65}},"119":{"start":{"line":392,"column":26},"end":{"line":392,"column":87}},"120":{"start":{"line":393,"column":4},"end":{"line":393,"column":33}},"121":{"start":{"line":394,"column":4},"end":{"line":401,"column":7}},"122":{"start":{"line":405,"column":2},"end":{"line":419,"column":3}},"123":{"start":{"line":406,"column":27},"end":{"line":406,"column":47}},"124":{"start":{"line":407,"column":28},"end":{"line":407,"column":65}},"125":{"start":{"line":409,"column":6},"end":{"line":409,"column":80}},"126":{"start":{"line":410,"column":4},"end":{"line":410,"column":46}},"127":{"start":{"line":411,"column":4},"end":{"line":418,"column":7}},"128":{"start":{"line":422,"column":22},"end":{"line":422,"column":47}},"129":{"start":{"line":423,"column":23},"end":{"line":423,"column":51}},"130":{"start":{"line":425,"column":2},"end":{"line":478,"column":3}},"131":{"start":{"line":431,"column":4},"end":{"line":464,"column":5}},"132":{"start":{"line":433,"column":6},"end":{"line":433,"column":53}},"133":{"start":{"line":434,"column":6},"end":{"line":436,"column":15}},"134":{"start":{"line":437,"column":6},"end":{"line":437,"column":50}},"135":{"start":{"line":438,"column":6},"end":{"line":438,"column":27}},"136":{"start":{"line":439,"column":11},"end":{"line":464,"column":5}},"137":{"start":{"line":441,"column":6},"end":{"line":441,"column":56}},"138":{"start":{"line":442,"column":6},"end":{"line":442,"column":62}},"139":{"start":{"line":443,"column":6},"end":{"line":443,"column":52}},"140":{"start":{"line":444,"column":6},"end":{"line":444,"column":27}},"141":{"start":{"line":447,"column":27},"end":{"line":447,"column":63}},"142":{"start":{"line":448,"column":28},"end":{"line":450,"column":18}},"143":{"start":{"line":452,"column":6},"end":{"line":462,"column":7}},"144":{"start":{"line":453,"column":8},"end":{"line":453,"column":55}},"145":{"start":{"line":454,"column":8},"end":{"line":456,"column":17}},"146":{"start":{"line":457,"column":8},"end":{"line":457,"column":52}},"147":{"start":{"line":459,"column":8},"end":{"line":459,"column":58}},"148":{"start":{"line":460,"column":8},"end":{"line":460,"column":64}},"149":{"start":{"line":461,"column":8},"end":{"line":461,"column":54}},"150":{"start":{"line":463,"column":6},"end":{"line":463,"column":38}},"151":{"start":{"line":466,"column":4},"end":{"line":466,"column":54}},"152":{"start":{"line":467,"column":4},"end":{"line":467,"column":60}},"153":{"start":{"line":468,"column":4},"end":{"line":468,"column":50}},"154":{"start":{"line":470,"column":4},"end":{"line":477,"column":7}},"155":{"start":{"line":483,"column":2},"end":{"line":490,"column":3}},"156":{"start":{"line":484,"column":4},"end":{"line":489,"column":5}},"157":{"start":{"line":486,"column":6},"end":{"line":488,"column":7}},"158":{"start":{"line":487,"column":8},"end":{"line":487,"column":47}},"159":{"start":{"line":493,"column":2},"end":{"line":525,"column":3}},"160":{"start":{"line":497,"column":4},"end":{"line":512,"column":5}},"161":{"start":{"line":498,"column":6},"end":{"line":498,"column":51}},"162":{"start":{"line":499,"column":6},"end":{"line":499,"column":65}},"163":{"start":{"line":500,"column":11},"end":{"line":512,"column":5}},"164":{"start":{"line":501,"column":6},"end":{"line":501,"column":48}},"165":{"start":{"line":502,"column":6},"end":{"line":502,"column":62}},"166":{"start":{"line":506,"column":6},"end":{"line":506,"column":78}},"167":{"start":{"line":508,"column":6},"end":{"line":511,"column":70}},"168":{"start":{"line":514,"column":4},"end":{"line":514,"column":49}},"169":{"start":{"line":515,"column":4},"end":{"line":515,"column":63}},"170":{"start":{"line":517,"column":4},"end":{"line":524,"column":7}},"171":{"start":{"line":527,"column":2},"end":{"line":532,"column":4}},"172":{"start":{"line":539,"column":36},"end":{"line":539,"column":38}},"173":{"start":{"line":540,"column":44},"end":{"line":540,"column":46}},"174":{"start":{"line":541,"column":25},"end":{"line":541,"column":30}},"175":{"start":{"line":544,"column":2},"end":{"line":551,"column":3}},"176":{"start":{"line":545,"column":4},"end":{"line":550,"column":6}},"177":{"start":{"line":553,"column":2},"end":{"line":553,"column":26}},"178":{"start":{"line":556,"column":2},"end":{"line":567,"column":3}},"179":{"start":{"line":557,"column":27},"end":{"line":557,"column":74}},"180":{"start":{"line":558,"column":4},"end":{"line":558,"column":35}},"181":{"start":{"line":559,"column":4},"end":{"line":566,"column":7}},"182":{"start":{"line":570,"column":2},"end":{"line":584,"column":3}},"183":{"start":{"line":571,"column":28},"end":{"line":574,"column":5}},"184":{"start":{"line":575,"column":4},"end":{"line":575,"column":51}},"185":{"start":{"line":576,"column":4},"end":{"line":583,"column":7}},"186":{"start":{"line":587,"column":2},"end":{"line":598,"column":3}},"187":{"start":{"line":588,"column":32},"end":{"line":588,"column":81}},"188":{"start":{"line":589,"column":4},"end":{"line":589,"column":45}},"189":{"start":{"line":590,"column":4},"end":{"line":597,"column":7}},"190":{"start":{"line":601,"column":2},"end":{"line":614,"column":3}},"191":{"start":{"line":602,"column":27},"end":{"line":602,"column":47}},"192":{"start":{"line":603,"column":28},"end":{"line":603,"column":65}},"193":{"start":{"line":604,"column":25},"end":{"line":604,"column":84}},"194":{"start":{"line":605,"column":4},"end":{"line":605,"column":31}},"195":{"start":{"line":606,"column":4},"end":{"line":613,"column":7}},"196":{"start":{"line":617,"column":2},"end":{"line":631,"column":3}},"197":{"start":{"line":618,"column":27},"end":{"line":618,"column":47}},"198":{"start":{"line":619,"column":28},"end":{"line":619,"column":65}},"199":{"start":{"line":621,"column":6},"end":{"line":621,"column":96}},"200":{"start":{"line":622,"column":4},"end":{"line":622,"column":51}},"201":{"start":{"line":623,"column":4},"end":{"line":630,"column":7}},"202":{"start":{"line":634,"column":2},"end":{"line":647,"column":3}},"203":{"start":{"line":635,"column":27},"end":{"line":635,"column":47}},"204":{"start":{"line":636,"column":28},"end":{"line":636,"column":65}},"205":{"start":{"line":637,"column":29},"end":{"line":637,"column":97}},"206":{"start":{"line":638,"column":4},"end":{"line":638,"column":40}},"207":{"start":{"line":639,"column":4},"end":{"line":646,"column":7}},"208":{"start":{"line":649,"column":2},"end":{"line":654,"column":4}},"209":{"start":{"line":663,"column":2},"end":{"line":665,"column":3}},"210":{"start":{"line":664,"column":4},"end":{"line":664,"column":17}},"211":{"start":{"line":668,"column":26},"end":{"line":668,"column":61}},"212":{"start":{"line":669,"column":25},"end":{"line":669,"column":50}},"213":{"start":{"line":671,"column":2},"end":{"line":671,"column":42}},"214":{"start":{"line":677,"column":31},"end":{"line":677,"column":44}},"215":{"start":{"line":689,"column":43},"end":{"line":689,"column":45}},"216":{"start":{"line":690,"column":44},"end":{"line":690,"column":46}},"217":{"start":{"line":691,"column":32},"end":{"line":691,"column":34}},"218":{"start":{"line":692,"column":25},"end":{"line":692,"column":30}},"219":{"start":{"line":695,"column":2},"end":{"line":702,"column":3}},"220":{"start":{"line":696,"column":4},"end":{"line":701,"column":6}},"221":{"start":{"line":704,"column":2},"end":{"line":704,"column":26}},"222":{"start":{"line":707,"column":28},"end":{"line":707,"column":67}},"223":{"start":{"line":708,"column":27},"end":{"line":708,"column":44}},"224":{"start":{"line":709,"column":19},"end":{"line":709,"column":65}},"225":{"start":{"line":712,"column":2},"end":{"line":732,"column":3}},"226":{"start":{"line":713,"column":4},"end":{"line":713,"column":51}},"227":{"start":{"line":715,"column":4},"end":{"line":722,"column":7}},"228":{"start":{"line":726,"column":4},"end":{"line":731,"column":6}},"229":{"start":{"line":735,"column":2},"end":{"line":768,"column":3}},"230":{"start":{"line":736,"column":26},"end":{"line":736,"column":87}},"231":{"start":{"line":737,"column":4},"end":{"line":737,"column":42}},"232":{"start":{"line":740,"column":19},"end":{"line":740,"column":69}},"233":{"start":{"line":741,"column":19},"end":{"line":741,"column":69}},"234":{"start":{"line":742,"column":18},"end":{"line":742,"column":74}},"235":{"start":{"line":744,"column":4},"end":{"line":746,"column":5}},"236":{"start":{"line":745,"column":6},"end":{"line":745,"column":47}},"237":{"start":{"line":750,"column":25},"end":{"line":750,"column":61}},"238":{"start":{"line":751,"column":25},"end":{"line":751,"column":66}},"239":{"start":{"line":753,"column":4},"end":{"line":758,"column":5}},"240":{"start":{"line":755,"column":6},"end":{"line":757,"column":7}},"241":{"start":{"line":756,"column":8},"end":{"line":756,"column":49}},"242":{"start":{"line":760,"column":4},"end":{"line":767,"column":7}},"243":{"start":{"line":771,"column":2},"end":{"line":782,"column":3}},"244":{"start":{"line":772,"column":26},"end":{"line":772,"column":63}},"245":{"start":{"line":773,"column":4},"end":{"line":773,"column":33}},"246":{"start":{"line":774,"column":4},"end":{"line":781,"column":7}},"247":{"start":{"line":785,"column":28},"end":{"line":785,"column":67}},"248":{"start":{"line":786,"column":2},"end":{"line":797,"column":3}},"249":{"start":{"line":787,"column":25},"end":{"line":787,"column":86}},"250":{"start":{"line":788,"column":4},"end":{"line":788,"column":64}},"251":{"start":{"line":789,"column":4},"end":{"line":796,"column":7}},"252":{"start":{"line":799,"column":2},"end":{"line":804,"column":4}},"253":{"start":{"line":852,"column":38},"end":{"line":857,"column":3}},"254":{"start":{"line":860,"column":27},"end":{"line":860,"column":63}},"255":{"start":{"line":861,"column":2},"end":{"line":863,"column":3}},"256":{"start":{"line":862,"column":4},"end":{"line":862,"column":36}},"257":{"start":{"line":866,"column":22},"end":{"line":866,"column":58}},"258":{"start":{"line":867,"column":2},"end":{"line":871,"column":3}},"259":{"start":{"line":868,"column":4},"end":{"line":870,"column":5}},"260":{"start":{"line":869,"column":6},"end":{"line":869,"column":41}},"261":{"start":{"line":874,"column":27},"end":{"line":874,"column":44}},"262":{"start":{"line":877,"column":2},"end":{"line":938,"column":3}},"263":{"start":{"line":881,"column":4},"end":{"line":883,"column":5}},"264":{"start":{"line":882,"column":6},"end":{"line":882,"column":59}},"265":{"start":{"line":886,"column":4},"end":{"line":888,"column":5}},"266":{"start":{"line":887,"column":6},"end":{"line":887,"column":55}},"267":{"start":{"line":890,"column":4},"end":{"line":937,"column":5}},"268":{"start":{"line":892,"column":6},"end":{"line":892,"column":45}},"269":{"start":{"line":894,"column":6},"end":{"line":926,"column":7}},"270":{"start":{"line":896,"column":8},"end":{"line":896,"column":34}},"271":{"start":{"line":897,"column":8},"end":{"line":897,"column":35}},"272":{"start":{"line":899,"column":30},"end":{"line":899,"column":78}},"273":{"start":{"line":901,"column":8},"end":{"line":906,"column":11}},"274":{"start":{"line":908,"column":8},"end":{"line":915,"column":11}},"275":{"start":{"line":918,"column":8},"end":{"line":925,"column":11}},"276":{"start":{"line":929,"column":6},"end":{"line":936,"column":9}},"277":{"start":{"line":941,"column":2},"end":{"line":953,"column":3}},"278":{"start":{"line":942,"column":4},"end":{"line":952,"column":5}},"279":{"start":{"line":943,"column":6},"end":{"line":943,"column":32}},"280":{"start":{"line":944,"column":6},"end":{"line":951,"column":9}},"281":{"start":{"line":955,"column":2},"end":{"line":955,"column":16}}},"fnMap":{"0":{"name":"hasConflict","decl":{"start":{"line":49,"column":16},"end":{"line":49,"column":27}},"loc":{"start":{"line":52,"column":11},"end":{"line":62,"column":1}},"line":52},"1":{"name":"resolvePriority","decl":{"start":{"line":67,"column":9},"end":{"line":67,"column":24}},"loc":{"start":{"line":67,"column":64},"end":{"line":71,"column":1}},"line":67},"2":{"name":"resolveWorkOrderStatus","decl":{"start":{"line":76,"column":9},"end":{"line":76,"column":31}},"loc":{"start":{"line":76,"column":71},"end":{"line":80,"column":1}},"line":76},"3":{"name":"resolveAssetStatus","decl":{"start":{"line":85,"column":9},"end":{"line":85,"column":27}},"loc":{"start":{"line":85,"column":67},"end":{"line":89,"column":1}},"line":85},"4":{"name":"appendText","decl":{"start":{"line":94,"column":9},"end":{"line":94,"column":19}},"loc":{"start":{"line":99,"column":17},"end":{"line":109,"column":1}},"line":99},"5":{"name":"resolveEarlierTimestamp","decl":{"start":{"line":114,"column":9},"end":{"line":114,"column":32}},"loc":{"start":{"line":114,"column":93},"end":{"line":118,"column":1}},"line":114},"6":{"name":"resolveHigherNumber","decl":{"start":{"line":123,"column":9},"end":{"line":123,"column":28}},"loc":{"start":{"line":123,"column":89},"end":{"line":127,"column":1}},"line":123},"7":{"name":"detectWorkOrderEscalations","decl":{"start":{"line":132,"column":9},"end":{"line":132,"column":35}},"loc":{"start":{"line":136,"column":12},"end":{"line":170,"column":1}},"line":136},"8":{"name":"resolveWorkOrderConflict","decl":{"start":{"line":175,"column":16},"end":{"line":175,"column":40}},"loc":{"start":{"line":179,"column":32},"end":{"line":533,"column":1}},"line":179},"9":{"name":"resolveAssetConflict","decl":{"start":{"line":538,"column":16},"end":{"line":538,"column":36}},"loc":{"start":{"line":538,"column":95},"end":{"line":655,"column":1}},"line":538},"10":{"name":"hasMeterReadingConflict","decl":{"start":{"line":661,"column":16},"end":{"line":661,"column":39}},"loc":{"start":{"line":661,"column":95},"end":{"line":672,"column":1}},"line":661},"11":{"name":"resolveMeterReadingConflict","decl":{"start":{"line":685,"column":16},"end":{"line":685,"column":43}},"loc":{"start":{"line":688,"column":35},"end":{"line":805,"column":1}},"line":688},"12":{"name":"resolveWorkOrderPhotoConflict","decl":{"start":{"line":841,"column":16},"end":{"line":841,"column":45}},"loc":{"start":{"line":851,"column":23},"end":{"line":956,"column":1}},"line":851}},"branchMap":{"0":{"loc":{"start":{"line":54,"column":2},"end":{"line":56,"column":3}},"type":"if","locations":[{"start":{"line":54,"column":2},"end":{"line":56,"column":3}},{"start":{},"end":{}}],"line":54},"1":{"loc":{"start":{"line":59,"column":31},"end":{"line":59,"column":57}},"type":"binary-expr","locations":[{"start":{"line":59,"column":31},"end":{"line":59,"column":52}},{"start":{"line":59,"column":56},"end":{"line":59,"column":57}}],"line":59},"2":{"loc":{"start":{"line":70,"column":9},"end":{"line":70,"column":46}},"type":"cond-expr","locations":[{"start":{"line":70,"column":32},"end":{"line":70,"column":37}},{"start":{"line":70,"column":40},"end":{"line":70,"column":46}}],"line":70},"3":{"loc":{"start":{"line":79,"column":9},"end":{"line":79,"column":46}},"type":"cond-expr","locations":[{"start":{"line":79,"column":32},"end":{"line":79,"column":37}},{"start":{"line":79,"column":40},"end":{"line":79,"column":46}}],"line":79},"4":{"loc":{"start":{"line":88,"column":9},"end":{"line":88,"column":46}},"type":"cond-expr","locations":[{"start":{"line":88,"column":32},"end":{"line":88,"column":37}},{"start":{"line":88,"column":40},"end":{"line":88,"column":46}}],"line":88},"5":{"loc":{"start":{"line":100,"column":2},"end":{"line":100,"column":37}},"type":"if","locations":[{"start":{"line":100,"column":2},"end":{"line":100,"column":37}},{"start":{},"end":{}}],"line":100},"6":{"loc":{"start":{"line":100,"column":6},"end":{"line":100,"column":23}},"type":"binary-expr","locations":[{"start":{"line":100,"column":6},"end":{"line":100,"column":12}},{"start":{"line":100,"column":16},"end":{"line":100,"column":23}}],"line":100},"7":{"loc":{"start":{"line":101,"column":2},"end":{"line":101,"column":28}},"type":"if","locations":[{"start":{"line":101,"column":2},"end":{"line":101,"column":28}},{"start":{},"end":{}}],"line":101},"8":{"loc":{"start":{"line":102,"column":2},"end":{"line":102,"column":28}},"type":"if","locations":[{"start":{"line":102,"column":2},"end":{"line":102,"column":28}},{"start":{},"end":{}}],"line":102},"9":{"loc":{"start":{"line":103,"column":2},"end":{"line":103,"column":37}},"type":"if","locations":[{"start":{"line":103,"column":2},"end":{"line":103,"column":37}},{"start":{},"end":{}}],"line":103},"10":{"loc":{"start":{"line":105,"column":22},"end":{"line":105,"column":57}},"type":"cond-expr","locations":[{"start":{"line":105,"column":34},"end":{"line":105,"column":52}},{"start":{"line":105,"column":55},"end":{"line":105,"column":57}}],"line":105},"11":{"loc":{"start":{"line":106,"column":23},"end":{"line":106,"column":60}},"type":"cond-expr","locations":[{"start":{"line":106,"column":36},"end":{"line":106,"column":55}},{"start":{"line":106,"column":58},"end":{"line":106,"column":60}}],"line":106},"12":{"loc":{"start":{"line":115,"column":2},"end":{"line":115,"column":36}},"type":"if","locations":[{"start":{"line":115,"column":2},"end":{"line":115,"column":36}},{"start":{},"end":{}}],"line":115},"13":{"loc":{"start":{"line":116,"column":2},"end":{"line":116,"column":36}},"type":"if","locations":[{"start":{"line":116,"column":2},"end":{"line":116,"column":36}},{"start":{},"end":{}}],"line":116},"14":{"loc":{"start":{"line":124,"column":2},"end":{"line":124,"column":36}},"type":"if","locations":[{"start":{"line":124,"column":2},"end":{"line":124,"column":36}},{"start":{},"end":{}}],"line":124},"15":{"loc":{"start":{"line":125,"column":2},"end":{"line":125,"column":36}},"type":"if","locations":[{"start":{"line":125,"column":2},"end":{"line":125,"column":36}},{"start":{},"end":{}}],"line":125},"16":{"loc":{"start":{"line":140,"column":2},"end":{"line":148,"column":3}},"type":"if","locations":[{"start":{"line":140,"column":2},"end":{"line":148,"column":3}},{"start":{},"end":{}}],"line":140},"17":{"loc":{"start":{"line":141,"column":4},"end":{"line":145,"column":45}},"type":"binary-expr","locations":[{"start":{"line":141,"column":4},"end":{"line":141,"column":32}},{"start":{"line":142,"column":4},"end":{"line":142,"column":33}},{"start":{"line":143,"column":4},"end":{"line":143,"column":21}},{"start":{"line":144,"column":4},"end":{"line":144,"column":23}},{"start":{"line":145,"column":4},"end":{"line":145,"column":45}}],"line":141},"18":{"loc":{"start":{"line":151,"column":2},"end":{"line":157,"column":3}},"type":"if","locations":[{"start":{"line":151,"column":2},"end":{"line":157,"column":3}},{"start":{},"end":{}}],"line":151},"19":{"loc":{"start":{"line":154,"column":4},"end":{"line":156,"column":5}},"type":"if","locations":[{"start":{"line":154,"column":4},"end":{"line":156,"column":5}},{"start":{},"end":{}}],"line":154},"20":{"loc":{"start":{"line":160,"column":2},"end":{"line":167,"column":3}},"type":"if","locations":[{"start":{"line":160,"column":2},"end":{"line":167,"column":3}},{"start":{},"end":{}}],"line":160},"21":{"loc":{"start":{"line":161,"column":4},"end":{"line":164,"column":28}},"type":"binary-expr","locations":[{"start":{"line":161,"column":4},"end":{"line":161,"column":33}},{"start":{"line":162,"column":4},"end":{"line":162,"column":38}},{"start":{"line":163,"column":4},"end":{"line":163,"column":33}},{"start":{"line":164,"column":4},"end":{"line":164,"column":28}}],"line":161},"22":{"loc":{"start":{"line":178,"column":2},"end":{"line":178,"column":36}},"type":"default-arg","locations":[{"start":{"line":178,"column":26},"end":{"line":178,"column":36}}],"line":178},"23":{"loc":{"start":{"line":185,"column":2},"end":{"line":192,"column":3}},"type":"if","locations":[{"start":{"line":185,"column":2},"end":{"line":192,"column":3}},{"start":{},"end":{}}],"line":185},"24":{"loc":{"start":{"line":201,"column":2},"end":{"line":238,"column":3}},"type":"if","locations":[{"start":{"line":201,"column":2},"end":{"line":238,"column":3}},{"start":{"line":212,"column":9},"end":{"line":238,"column":3}}],"line":201},"25":{"loc":{"start":{"line":212,"column":9},"end":{"line":238,"column":3}},"type":"if","locations":[{"start":{"line":212,"column":9},"end":{"line":238,"column":3}},{"start":{},"end":{}}],"line":212},"26":{"loc":{"start":{"line":212,"column":13},"end":{"line":212,"column":78}},"type":"binary-expr","locations":[{"start":{"line":212,"column":13},"end":{"line":212,"column":43}},{"start":{"line":212,"column":47},"end":{"line":212,"column":78}}],"line":212},"27":{"loc":{"start":{"line":215,"column":28},"end":{"line":215,"column":89}},"type":"cond-expr","locations":[{"start":{"line":215,"column":48},"end":{"line":215,"column":85}},{"start":{"line":215,"column":88},"end":{"line":215,"column":89}}],"line":215},"28":{"loc":{"start":{"line":216,"column":27},"end":{"line":216,"column":47}},"type":"binary-expr","locations":[{"start":{"line":216,"column":27},"end":{"line":216,"column":42}},{"start":{"line":216,"column":46},"end":{"line":216,"column":47}}],"line":216},"29":{"loc":{"start":{"line":218,"column":4},"end":{"line":237,"column":5}},"type":"if","locations":[{"start":{"line":218,"column":4},"end":{"line":237,"column":5}},{"start":{},"end":{}}],"line":218},"30":{"loc":{"start":{"line":222,"column":26},"end":{"line":222,"column":94}},"type":"cond-expr","locations":[{"start":{"line":222,"column":46},"end":{"line":222,"column":87}},{"start":{"line":222,"column":90},"end":{"line":222,"column":94}}],"line":222},"31":{"loc":{"start":{"line":234,"column":6},"end":{"line":236,"column":7}},"type":"if","locations":[{"start":{"line":234,"column":6},"end":{"line":236,"column":7}},{"start":{},"end":{}}],"line":234},"32":{"loc":{"start":{"line":234,"column":10},"end":{"line":234,"column":70}},"type":"binary-expr","locations":[{"start":{"line":234,"column":10},"end":{"line":234,"column":27}},{"start":{"line":234,"column":31},"end":{"line":234,"column":70}}],"line":234},"33":{"loc":{"start":{"line":241,"column":2},"end":{"line":252,"column":3}},"type":"if","locations":[{"start":{"line":241,"column":2},"end":{"line":252,"column":3}},{"start":{},"end":{}}],"line":241},"34":{"loc":{"start":{"line":255,"column":2},"end":{"line":266,"column":3}},"type":"if","locations":[{"start":{"line":255,"column":2},"end":{"line":266,"column":3}},{"start":{},"end":{}}],"line":255},"35":{"loc":{"start":{"line":269,"column":2},"end":{"line":287,"column":3}},"type":"if","locations":[{"start":{"line":269,"column":2},"end":{"line":287,"column":3}},{"start":{},"end":{}}],"line":269},"36":{"loc":{"start":{"line":270,"column":33},"end":{"line":270,"column":63}},"type":"binary-expr","locations":[{"start":{"line":270,"column":33},"end":{"line":270,"column":50}},{"start":{"line":270,"column":54},"end":{"line":270,"column":63}}],"line":270},"37":{"loc":{"start":{"line":271,"column":35},"end":{"line":271,"column":67}},"type":"binary-expr","locations":[{"start":{"line":271,"column":35},"end":{"line":271,"column":54}},{"start":{"line":271,"column":58},"end":{"line":271,"column":67}}],"line":271},"38":{"loc":{"start":{"line":290,"column":24},"end":{"line":290,"column":84}},"type":"cond-expr","locations":[{"start":{"line":290,"column":42},"end":{"line":290,"column":77}},{"start":{"line":290,"column":80},"end":{"line":290,"column":84}}],"line":290},"39":{"loc":{"start":{"line":291,"column":2},"end":{"line":302,"column":3}},"type":"if","locations":[{"start":{"line":291,"column":2},"end":{"line":302,"column":3}},{"start":{},"end":{}}],"line":291},"40":{"loc":{"start":{"line":293,"column":22},"end":{"line":293,"column":86}},"type":"cond-expr","locations":[{"start":{"line":293,"column":40},"end":{"line":293,"column":79}},{"start":{"line":293,"column":82},"end":{"line":293,"column":86}}],"line":293},"41":{"loc":{"start":{"line":305,"column":26},"end":{"line":305,"column":90}},"type":"cond-expr","locations":[{"start":{"line":305,"column":46},"end":{"line":305,"column":83}},{"start":{"line":305,"column":86},"end":{"line":305,"column":90}}],"line":305},"42":{"loc":{"start":{"line":306,"column":2},"end":{"line":317,"column":3}},"type":"if","locations":[{"start":{"line":306,"column":2},"end":{"line":317,"column":3}},{"start":{},"end":{}}],"line":306},"43":{"loc":{"start":{"line":308,"column":24},"end":{"line":308,"column":92}},"type":"cond-expr","locations":[{"start":{"line":308,"column":44},"end":{"line":308,"column":85}},{"start":{"line":308,"column":88},"end":{"line":308,"column":92}}],"line":308},"44":{"loc":{"start":{"line":320,"column":28},"end":{"line":320,"column":96}},"type":"cond-expr","locations":[{"start":{"line":320,"column":50},"end":{"line":320,"column":89}},{"start":{"line":320,"column":92},"end":{"line":320,"column":96}}],"line":320},"45":{"loc":{"start":{"line":321,"column":2},"end":{"line":340,"column":3}},"type":"if","locations":[{"start":{"line":321,"column":2},"end":{"line":340,"column":3}},{"start":{},"end":{}}],"line":321},"46":{"loc":{"start":{"line":323,"column":26},"end":{"line":323,"column":98}},"type":"cond-expr","locations":[{"start":{"line":323,"column":48},"end":{"line":323,"column":91}},{"start":{"line":323,"column":94},"end":{"line":323,"column":98}}],"line":323},"47":{"loc":{"start":{"line":326,"column":4},"end":{"line":330,"column":5}},"type":"if","locations":[{"start":{"line":326,"column":4},"end":{"line":330,"column":5}},{"start":{"line":328,"column":11},"end":{"line":330,"column":5}}],"line":326},"48":{"loc":{"start":{"line":343,"column":2},"end":{"line":354,"column":3}},"type":"if","locations":[{"start":{"line":343,"column":2},"end":{"line":354,"column":3}},{"start":{},"end":{}}],"line":343},"49":{"loc":{"start":{"line":357,"column":2},"end":{"line":372,"column":3}},"type":"if","locations":[{"start":{"line":357,"column":2},"end":{"line":372,"column":3}},{"start":{},"end":{}}],"line":357},"50":{"loc":{"start":{"line":362,"column":6},"end":{"line":362,"column":78}},"type":"cond-expr","locations":[{"start":{"line":362,"column":41},"end":{"line":362,"column":57}},{"start":{"line":362,"column":60},"end":{"line":362,"column":78}}],"line":362},"51":{"loc":{"start":{"line":375,"column":2},"end":{"line":386,"column":3}},"type":"if","locations":[{"start":{"line":375,"column":2},"end":{"line":386,"column":3}},{"start":{},"end":{}}],"line":375},"52":{"loc":{"start":{"line":376,"column":31},"end":{"line":376,"column":79}},"type":"binary-expr","locations":[{"start":{"line":376,"column":31},"end":{"line":376,"column":52}},{"start":{"line":376,"column":56},"end":{"line":376,"column":79}}],"line":376},"53":{"loc":{"start":{"line":389,"column":2},"end":{"line":402,"column":3}},"type":"if","locations":[{"start":{"line":389,"column":2},"end":{"line":402,"column":3}},{"start":{},"end":{}}],"line":389},"54":{"loc":{"start":{"line":392,"column":26},"end":{"line":392,"column":87}},"type":"cond-expr","locations":[{"start":{"line":392,"column":61},"end":{"line":392,"column":72}},{"start":{"line":392,"column":75},"end":{"line":392,"column":87}}],"line":392},"55":{"loc":{"start":{"line":405,"column":2},"end":{"line":419,"column":3}},"type":"if","locations":[{"start":{"line":405,"column":2},"end":{"line":419,"column":3}},{"start":{},"end":{}}],"line":405},"56":{"loc":{"start":{"line":409,"column":6},"end":{"line":409,"column":80}},"type":"cond-expr","locations":[{"start":{"line":409,"column":41},"end":{"line":409,"column":58}},{"start":{"line":409,"column":61},"end":{"line":409,"column":80}}],"line":409},"57":{"loc":{"start":{"line":425,"column":2},"end":{"line":478,"column":3}},"type":"if","locations":[{"start":{"line":425,"column":2},"end":{"line":478,"column":3}},{"start":{},"end":{}}],"line":425},"58":{"loc":{"start":{"line":425,"column":6},"end":{"line":425,"column":92}},"type":"binary-expr","locations":[{"start":{"line":425,"column":6},"end":{"line":425,"column":34}},{"start":{"line":425,"column":38},"end":{"line":425,"column":92}}],"line":425},"59":{"loc":{"start":{"line":431,"column":4},"end":{"line":464,"column":5}},"type":"if","locations":[{"start":{"line":431,"column":4},"end":{"line":464,"column":5}},{"start":{"line":439,"column":11},"end":{"line":464,"column":5}}],"line":431},"60":{"loc":{"start":{"line":431,"column":8},"end":{"line":431,"column":36}},"type":"binary-expr","locations":[{"start":{"line":431,"column":8},"end":{"line":431,"column":19}},{"start":{"line":431,"column":23},"end":{"line":431,"column":36}}],"line":431},"61":{"loc":{"start":{"line":434,"column":35},"end":{"line":436,"column":14}},"type":"cond-expr","locations":[{"start":{"line":435,"column":10},"end":{"line":435,"column":58}},{"start":{"line":436,"column":10},"end":{"line":436,"column":14}}],"line":434},"62":{"loc":{"start":{"line":439,"column":11},"end":{"line":464,"column":5}},"type":"if","locations":[{"start":{"line":439,"column":11},"end":{"line":464,"column":5}},{"start":{"line":445,"column":11},"end":{"line":464,"column":5}}],"line":439},"63":{"loc":{"start":{"line":439,"column":15},"end":{"line":439,"column":43}},"type":"binary-expr","locations":[{"start":{"line":439,"column":15},"end":{"line":439,"column":27}},{"start":{"line":439,"column":31},"end":{"line":439,"column":43}}],"line":439},"64":{"loc":{"start":{"line":447,"column":27},"end":{"line":447,"column":63}},"type":"binary-expr","locations":[{"start":{"line":447,"column":27},"end":{"line":447,"column":51}},{"start":{"line":447,"column":55},"end":{"line":447,"column":63}}],"line":447},"65":{"loc":{"start":{"line":448,"column":28},"end":{"line":450,"column":18}},"type":"cond-expr","locations":[{"start":{"line":449,"column":10},"end":{"line":449,"column":56}},{"start":{"line":450,"column":10},"end":{"line":450,"column":18}}],"line":448},"66":{"loc":{"start":{"line":452,"column":6},"end":{"line":462,"column":7}},"type":"if","locations":[{"start":{"line":452,"column":6},"end":{"line":462,"column":7}},{"start":{"line":458,"column":13},"end":{"line":462,"column":7}}],"line":452},"67":{"loc":{"start":{"line":454,"column":37},"end":{"line":456,"column":16}},"type":"cond-expr","locations":[{"start":{"line":455,"column":12},"end":{"line":455,"column":60}},{"start":{"line":456,"column":12},"end":{"line":456,"column":16}}],"line":454},"68":{"loc":{"start":{"line":483,"column":2},"end":{"line":490,"column":3}},"type":"if","locations":[{"start":{"line":483,"column":2},"end":{"line":490,"column":3}},{"start":{},"end":{}}],"line":483},"69":{"loc":{"start":{"line":483,"column":6},"end":{"line":483,"column":77}},"type":"binary-expr","locations":[{"start":{"line":483,"column":6},"end":{"line":483,"column":17}},{"start":{"line":483,"column":21},"end":{"line":483,"column":33}},{"start":{"line":483,"column":37},"end":{"line":483,"column":54}},{"start":{"line":483,"column":58},"end":{"line":483,"column":77}}],"line":483},"70":{"loc":{"start":{"line":484,"column":4},"end":{"line":489,"column":5}},"type":"if","locations":[{"start":{"line":484,"column":4},"end":{"line":489,"column":5}},{"start":{},"end":{}}],"line":484},"71":{"loc":{"start":{"line":486,"column":6},"end":{"line":488,"column":7}},"type":"if","locations":[{"start":{"line":486,"column":6},"end":{"line":488,"column":7}},{"start":{},"end":{}}],"line":486},"72":{"loc":{"start":{"line":493,"column":2},"end":{"line":525,"column":3}},"type":"if","locations":[{"start":{"line":493,"column":2},"end":{"line":525,"column":3}},{"start":{},"end":{}}],"line":493},"73":{"loc":{"start":{"line":497,"column":4},"end":{"line":512,"column":5}},"type":"if","locations":[{"start":{"line":497,"column":4},"end":{"line":512,"column":5}},{"start":{"line":500,"column":11},"end":{"line":512,"column":5}}],"line":497},"74":{"loc":{"start":{"line":500,"column":11},"end":{"line":512,"column":5}},"type":"if","locations":[{"start":{"line":500,"column":11},"end":{"line":512,"column":5}},{"start":{"line":503,"column":11},"end":{"line":512,"column":5}}],"line":500},"75":{"loc":{"start":{"line":509,"column":8},"end":{"line":511,"column":69}},"type":"cond-expr","locations":[{"start":{"line":510,"column":12},"end":{"line":510,"column":74}},{"start":{"line":511,"column":12},"end":{"line":511,"column":69}}],"line":509},"76":{"loc":{"start":{"line":509,"column":8},"end":{"line":509,"column":65}},"type":"binary-expr","locations":[{"start":{"line":509,"column":8},"end":{"line":509,"column":36}},{"start":{"line":509,"column":40},"end":{"line":509,"column":65}}],"line":509},"77":{"loc":{"start":{"line":511,"column":12},"end":{"line":511,"column":69}},"type":"binary-expr","locations":[{"start":{"line":511,"column":12},"end":{"line":511,"column":40}},{"start":{"line":511,"column":44},"end":{"line":511,"column":69}}],"line":511},"78":{"loc":{"start":{"line":544,"column":2},"end":{"line":551,"column":3}},"type":"if","locations":[{"start":{"line":544,"column":2},"end":{"line":551,"column":3}},{"start":{},"end":{}}],"line":544},"79":{"loc":{"start":{"line":556,"column":2},"end":{"line":567,"column":3}},"type":"if","locations":[{"start":{"line":556,"column":2},"end":{"line":567,"column":3}},{"start":{},"end":{}}],"line":556},"80":{"loc":{"start":{"line":570,"column":2},"end":{"line":584,"column":3}},"type":"if","locations":[{"start":{"line":570,"column":2},"end":{"line":584,"column":3}},{"start":{},"end":{}}],"line":570},"81":{"loc":{"start":{"line":587,"column":2},"end":{"line":598,"column":3}},"type":"if","locations":[{"start":{"line":587,"column":2},"end":{"line":598,"column":3}},{"start":{},"end":{}}],"line":587},"82":{"loc":{"start":{"line":601,"column":2},"end":{"line":614,"column":3}},"type":"if","locations":[{"start":{"line":601,"column":2},"end":{"line":614,"column":3}},{"start":{},"end":{}}],"line":601},"83":{"loc":{"start":{"line":604,"column":25},"end":{"line":604,"column":84}},"type":"cond-expr","locations":[{"start":{"line":604,"column":60},"end":{"line":604,"column":70}},{"start":{"line":604,"column":73},"end":{"line":604,"column":84}}],"line":604},"84":{"loc":{"start":{"line":617,"column":2},"end":{"line":631,"column":3}},"type":"if","locations":[{"start":{"line":617,"column":2},"end":{"line":631,"column":3}},{"start":{},"end":{}}],"line":617},"85":{"loc":{"start":{"line":621,"column":6},"end":{"line":621,"column":96}},"type":"cond-expr","locations":[{"start":{"line":621,"column":41},"end":{"line":621,"column":66}},{"start":{"line":621,"column":69},"end":{"line":621,"column":96}}],"line":621},"86":{"loc":{"start":{"line":634,"column":2},"end":{"line":647,"column":3}},"type":"if","locations":[{"start":{"line":634,"column":2},"end":{"line":647,"column":3}},{"start":{},"end":{}}],"line":634},"87":{"loc":{"start":{"line":637,"column":29},"end":{"line":637,"column":97}},"type":"cond-expr","locations":[{"start":{"line":637,"column":64},"end":{"line":637,"column":78}},{"start":{"line":637,"column":81},"end":{"line":637,"column":97}}],"line":637},"88":{"loc":{"start":{"line":663,"column":2},"end":{"line":665,"column":3}},"type":"if","locations":[{"start":{"line":663,"column":2},"end":{"line":665,"column":3}},{"start":{},"end":{}}],"line":663},"89":{"loc":{"start":{"line":669,"column":25},"end":{"line":669,"column":50}},"type":"binary-expr","locations":[{"start":{"line":669,"column":25},"end":{"line":669,"column":45}},{"start":{"line":669,"column":49},"end":{"line":669,"column":50}}],"line":669},"90":{"loc":{"start":{"line":695,"column":2},"end":{"line":702,"column":3}},"type":"if","locations":[{"start":{"line":695,"column":2},"end":{"line":702,"column":3}},{"start":{},"end":{}}],"line":695},"91":{"loc":{"start":{"line":712,"column":2},"end":{"line":732,"column":3}},"type":"if","locations":[{"start":{"line":712,"column":2},"end":{"line":732,"column":3}},{"start":{},"end":{}}],"line":712},"92":{"loc":{"start":{"line":712,"column":6},"end":{"line":712,"column":87}},"type":"binary-expr","locations":[{"start":{"line":712,"column":6},"end":{"line":712,"column":40}},{"start":{"line":712,"column":44},"end":{"line":712,"column":87}}],"line":712},"93":{"loc":{"start":{"line":735,"column":2},"end":{"line":768,"column":3}},"type":"if","locations":[{"start":{"line":735,"column":2},"end":{"line":768,"column":3}},{"start":{},"end":{}}],"line":735},"94":{"loc":{"start":{"line":742,"column":18},"end":{"line":742,"column":74}},"type":"cond-expr","locations":[{"start":{"line":742,"column":31},"end":{"line":742,"column":46}},{"start":{"line":742,"column":49},"end":{"line":742,"column":74}}],"line":742},"95":{"loc":{"start":{"line":742,"column":49},"end":{"line":742,"column":74}},"type":"cond-expr","locations":[{"start":{"line":742,"column":62},"end":{"line":742,"column":70}},{"start":{"line":742,"column":73},"end":{"line":742,"column":74}}],"line":742},"96":{"loc":{"start":{"line":744,"column":4},"end":{"line":746,"column":5}},"type":"if","locations":[{"start":{"line":744,"column":4},"end":{"line":746,"column":5}},{"start":{},"end":{}}],"line":744},"97":{"loc":{"start":{"line":753,"column":4},"end":{"line":758,"column":5}},"type":"if","locations":[{"start":{"line":753,"column":4},"end":{"line":758,"column":5}},{"start":{},"end":{}}],"line":753},"98":{"loc":{"start":{"line":753,"column":8},"end":{"line":753,"column":90}},"type":"binary-expr","locations":[{"start":{"line":753,"column":9},"end":{"line":753,"column":21}},{"start":{"line":753,"column":25},"end":{"line":753,"column":37}},{"start":{"line":753,"column":43},"end":{"line":753,"column":56}},{"start":{"line":753,"column":60},"end":{"line":753,"column":73}},{"start":{"line":753,"column":77},"end":{"line":753,"column":89}}],"line":753},"99":{"loc":{"start":{"line":755,"column":6},"end":{"line":757,"column":7}},"type":"if","locations":[{"start":{"line":755,"column":6},"end":{"line":757,"column":7}},{"start":{},"end":{}}],"line":755},"100":{"loc":{"start":{"line":755,"column":10},"end":{"line":755,"column":38}},"type":"binary-expr","locations":[{"start":{"line":755,"column":10},"end":{"line":755,"column":22}},{"start":{"line":755,"column":26},"end":{"line":755,"column":38}}],"line":755},"101":{"loc":{"start":{"line":766,"column":22},"end":{"line":766,"column":80}},"type":"binary-expr","locations":[{"start":{"line":766,"column":22},"end":{"line":766,"column":32}},{"start":{"line":766,"column":36},"end":{"line":766,"column":80}}],"line":766},"102":{"loc":{"start":{"line":771,"column":2},"end":{"line":782,"column":3}},"type":"if","locations":[{"start":{"line":771,"column":2},"end":{"line":782,"column":3}},{"start":{},"end":{}}],"line":771},"103":{"loc":{"start":{"line":786,"column":2},"end":{"line":797,"column":3}},"type":"if","locations":[{"start":{"line":786,"column":2},"end":{"line":797,"column":3}},{"start":{},"end":{}}],"line":786},"104":{"loc":{"start":{"line":868,"column":4},"end":{"line":870,"column":5}},"type":"if","locations":[{"start":{"line":868,"column":4},"end":{"line":870,"column":5}},{"start":{},"end":{}}],"line":868},"105":{"loc":{"start":{"line":881,"column":4},"end":{"line":883,"column":5}},"type":"if","locations":[{"start":{"line":881,"column":4},"end":{"line":883,"column":5}},{"start":{},"end":{}}],"line":881},"106":{"loc":{"start":{"line":886,"column":4},"end":{"line":888,"column":5}},"type":"if","locations":[{"start":{"line":886,"column":4},"end":{"line":888,"column":5}},{"start":{},"end":{}}],"line":886},"107":{"loc":{"start":{"line":886,"column":8},"end":{"line":886,"column":41}},"type":"binary-expr","locations":[{"start":{"line":886,"column":8},"end":{"line":886,"column":22}},{"start":{"line":886,"column":26},"end":{"line":886,"column":41}}],"line":886},"108":{"loc":{"start":{"line":890,"column":4},"end":{"line":937,"column":5}},"type":"if","locations":[{"start":{"line":890,"column":4},"end":{"line":937,"column":5}},{"start":{"line":927,"column":11},"end":{"line":937,"column":5}}],"line":890},"109":{"loc":{"start":{"line":894,"column":6},"end":{"line":926,"column":7}},"type":"if","locations":[{"start":{"line":894,"column":6},"end":{"line":926,"column":7}},{"start":{"line":916,"column":13},"end":{"line":926,"column":7}}],"line":894},"110":{"loc":{"start":{"line":905,"column":25},"end":{"line":905,"column":44}},"type":"binary-expr","locations":[{"start":{"line":905,"column":25},"end":{"line":905,"column":38}},{"start":{"line":905,"column":42},"end":{"line":905,"column":44}}],"line":905},"111":{"loc":{"start":{"line":942,"column":4},"end":{"line":952,"column":5}},"type":"if","locations":[{"start":{"line":942,"column":4},"end":{"line":952,"column":5}},{"start":{},"end":{}}],"line":942}},"s":{"0":1,"1":1,"2":1,"3":45,"4":4,"5":41,"6":41,"7":41,"8":2,"9":2,"10":2,"11":8,"12":8,"13":8,"14":4,"15":4,"16":4,"17":12,"18":0,"19":12,"20":2,"21":10,"22":1,"23":9,"24":0,"25":9,"26":9,"27":9,"28":11,"29":2,"30":9,"31":0,"32":9,"33":13,"34":3,"35":10,"36":0,"37":10,"38":28,"39":28,"40":1,"41":28,"42":2,"43":2,"44":2,"45":1,"46":28,"47":1,"48":28,"49":29,"50":29,"51":29,"52":29,"53":1,"54":28,"55":28,"56":28,"57":8,"58":8,"59":8,"60":20,"61":1,"62":1,"63":1,"64":1,"65":1,"66":1,"67":1,"68":1,"69":0,"70":28,"71":2,"72":2,"73":2,"74":28,"75":3,"76":3,"77":3,"78":28,"79":2,"80":2,"81":2,"82":2,"83":2,"84":28,"85":28,"86":1,"87":1,"88":1,"89":28,"90":28,"91":1,"92":1,"93":1,"94":28,"95":28,"96":2,"97":2,"98":2,"99":0,"100":2,"101":2,"102":28,"103":5,"104":5,"105":5,"106":28,"107":0,"108":0,"109":0,"110":0,"111":0,"112":28,"113":1,"114":1,"115":1,"116":28,"117":0,"118":0,"119":0,"120":0,"121":0,"122":28,"123":0,"124":0,"125":0,"126":0,"127":0,"128":28,"129":28,"130":28,"131":4,"132":1,"133":1,"134":1,"135":1,"136":3,"137":1,"138":1,"139":1,"140":1,"141":2,"142":2,"143":2,"144":2,"145":2,"146":2,"147":0,"148":0,"149":0,"150":2,"151":4,"152":4,"153":4,"154":4,"155":28,"156":1,"157":1,"158":1,"159":28,"160":1,"161":0,"162":0,"163":1,"164":0,"165":0,"166":1,"167":1,"168":1,"169":1,"170":1,"171":28,"172":10,"173":10,"174":10,"175":10,"176":1,"177":9,"178":9,"179":4,"180":4,"181":4,"182":9,"183":2,"184":2,"185":2,"186":9,"187":1,"188":1,"189":1,"190":9,"191":2,"192":2,"193":2,"194":2,"195":2,"196":9,"197":0,"198":0,"199":0,"200":0,"201":0,"202":9,"203":0,"204":0,"205":0,"206":0,"207":0,"208":9,"209":13,"210":2,"211":11,"212":11,"213":11,"214":1,"215":10,"216":10,"217":10,"218":10,"219":10,"220":1,"221":9,"222":9,"223":9,"224":9,"225":9,"226":1,"227":1,"228":1,"229":8,"230":6,"231":6,"232":6,"233":6,"234":6,"235":6,"236":1,"237":6,"238":6,"239":6,"240":2,"241":1,"242":6,"243":8,"244":1,"245":1,"246":1,"247":8,"248":8,"249":7,"250":7,"251":7,"252":8,"253":9,"254":9,"255":9,"256":8,"257":9,"258":9,"259":8,"260":8,"261":9,"262":9,"263":9,"264":5,"265":9,"266":1,"267":9,"268":6,"269":6,"270":5,"271":5,"272":5,"273":5,"274":5,"275":1,"276":3,"277":9,"278":8,"279":2,"280":2,"281":9},"f":{"0":45,"1":2,"2":8,"3":4,"4":12,"5":11,"6":13,"7":28,"8":29,"9":10,"10":13,"11":10,"12":9},"b":{"0":[4,41],"1":[41,1],"2":[1,1],"3":[2,6],"4":[3,1],"5":[0,12],"6":[12,2],"7":[2,10],"8":[1,9],"9":[0,9],"10":[1,8],"11":[1,8],"12":[2,9],"13":[0,9],"14":[3,10],"15":[0,10],"16":[1,27],"17":[28,3,2,2,2],"18":[2,26],"19":[1,1],"20":[1,27],"21":[28,8,3,2],"22":[27],"23":[1,28],"24":[8,20],"25":[1,19],"26":[20,1],"27":[1,0],"28":[1,0],"29":[1,0],"30":[1,0],"31":[0,1],"32":[1,1],"33":[2,26],"34":[3,25],"35":[2,26],"36":[2,1],"37":[2,1],"38":[1,27],"39":[1,27],"40":[1,0],"41":[1,27],"42":[1,27],"43":[1,0],"44":[2,26],"45":[2,26],"46":[2,0],"47":[0,2],"48":[5,23],"49":[0,28],"50":[0,0],"51":[1,27],"52":[1,0],"53":[0,28],"54":[0,0],"55":[0,28],"56":[0,0],"57":[4,24],"58":[28,26],"59":[1,3],"60":[4,3],"61":[1,0],"62":[1,2],"63":[3,1],"64":[2,0],"65":[2,0],"66":[2,0],"67":[2,0],"68":[1,27],"69":[28,3,2,1],"70":[1,0],"71":[1,0],"72":[1,27],"73":[0,1],"74":[0,1],"75":[1,0],"76":[1,1],"77":[0,0],"78":[1,9],"79":[4,5],"80":[2,7],"81":[1,8],"82":[2,7],"83":[1,1],"84":[0,9],"85":[0,0],"86":[0,9],"87":[0,0],"88":[2,11],"89":[11,0],"90":[1,9],"91":[1,8],"92":[9,2],"93":[6,2],"94":[6,0],"95":[0,0],"96":[1,5],"97":[2,4],"98":[6,1,5,5,1],"99":[1,1],"100":[2,1],"101":[6,5],"102":[1,7],"103":[7,1],"104":[8,0],"105":[5,4],"106":[1,8],"107":[9,4],"108":[6,3],"109":[5,1],"110":[5,0],"111":[2,6]},"_coverageSchema":"1a1c01bbd47fc00a2c39e90264f33305004495a9","hash":"19c55170c2a97abd604416fc13a5c64abb2cfb32"}
[...]
,"/home/ubuntu/quarrycmms/src/services/sync/sync-queries.ts": {"path":"/home/ubuntu/quarrycmms/src/services/sync/sync-queries.ts","statementMap":{"0":{"start":{"line":155,"column":19},"end":{"line":155,"column":44}},"1":{"start":{"line":156,"column":2},"end":{"line":158,"column":3}},"2":{"start":{"line":157,"column":4},"end":{"line":157,"column":72}},"3":{"start":{"line":159,"column":2},"end":{"line":159,"column":25}},"4":{"start":{"line":166,"column":19},"end":{"line":166,"column":38}},"5":{"start":{"line":167,"column":17},"end":{"line":167,"column":34}},"6":{"start":{"line":169,"column":14},"end":{"line":173,"column":45}},"7":{"start":{"line":175,"column":2},"end":{"line":177,"column":3}},"8":{"start":{"line":176,"column":4},"end":{"line":176,"column":71}},"9":{"start":{"line":179,"column":26},"end":{"line":179,"column":37}},"10":{"start":{"line":181,"column":2},"end":{"line":184,"column":3}},"11":{"start":{"line":182,"column":4},"end":{"line":182,"column":70}},"12":{"start":{"line":183,"column":4},"end":{"line":183,"column":69}},"13":{"start":{"line":186,"column":2},"end":{"line":186,"column":20}},"14":{"start":{"line":193,"column":19},"end":{"line":193,"column":38}},"15":{"start":{"line":194,"column":17},"end":{"line":194,"column":34}},"16":{"start":{"line":196,"column":14},"end":{"line":200,"column":45}},"17":{"start":{"line":202,"column":2},"end":{"line":204,"column":3}},"18":{"start":{"line":203,"column":4},"end":{"line":203,"column":71}},"19":{"start":{"line":206,"column":26},"end":{"line":206,"column":37}},"20":{"start":{"line":208,"column":2},"end":{"line":211,"column":3}},"21":{"start":{"line":209,"column":4},"end":{"line":209,"column":66}},"22":{"start":{"line":210,"column":4},"end":{"line":210,"column":64}},"23":{"start":{"line":213,"column":2},"end":{"line":213,"column":20}},"24":{"start":{"line":223,"column":19},"end":{"line":223,"column":38}},"25":{"start":{"line":224,"column":17},"end":{"line":224,"column":34}},"26":{"start":{"line":227,"column":47},"end":{"line":230,"column":26}},"27":{"start":{"line":232,"column":2},"end":{"line":235,"column":3}},"28":{"start":{"line":233,"column":4},"end":{"line":233,"column":86}},"29":{"start":{"line":234,"column":4},"end":{"line":234,"column":89}},"30":{"start":{"line":237,"column":2},"end":{"line":239,"column":3}},"31":{"start":{"line":238,"column":4},"end":{"line":238,"column":14}},"32":{"start":{"line":241,"column":19},"end":{"line":241,"column":40}},"33":{"start":{"line":241,"column":35},"end":{"line":241,"column":39}},"34":{"start":{"line":243,"column":14},"end":{"line":247,"column":45}},"35":{"start":{"line":249,"column":2},"end":{"line":251,"column":3}},"36":{"start":{"line":250,"column":4},"end":{"line":250,"column":71}},"37":{"start":{"line":253,"column":26},"end":{"line":253,"column":37}},"38":{"start":{"line":255,"column":2},"end":{"line":258,"column":3}},"39":{"start":{"line":256,"column":4},"end":{"line":256,"column":73}},"40":{"start":{"line":257,"column":4},"end":{"line":257,"column":72}},"41":{"start":{"line":260,"column":2},"end":{"line":260,"column":20}},"42":{"start":{"line":270,"column":19},"end":{"line":270,"column":38}},"43":{"start":{"line":272,"column":26},"end":{"line":276,"column":13}},"44":{"start":{"line":278,"column":2},"end":{"line":281,"column":3}},"45":{"start":{"line":279,"column":4},"end":{"line":279,"column":65}},"46":{"start":{"line":280,"column":4},"end":{"line":280,"column":69}},"47":{"start":{"line":283,"column":2},"end":{"line":283,"column":14}},"48":{"start":{"line":293,"column":19},"end":{"line":293,"column":38}},"49":{"start":{"line":295,"column":26},"end":{"line":299,"column":13}},"50":{"start":{"line":301,"column":2},"end":{"line":304,"column":3}},"51":{"start":{"line":302,"column":4},"end":{"line":302,"column":61}},"52":{"start":{"line":303,"column":4},"end":{"line":303,"column":64}},"53":{"start":{"line":306,"column":2},"end":{"line":306,"column":14}},"54":{"start":{"line":316,"column":19},"end":{"line":316,"column":38}},"55":{"start":{"line":318,"column":26},"end":{"line":322,"column":13}},"56":{"start":{"line":324,"column":2},"end":{"line":327,"column":3}},"57":{"start":{"line":325,"column":4},"end":{"line":325,"column":68}},"58":{"start":{"line":326,"column":4},"end":{"line":326,"column":72}},"59":{"start":{"line":329,"column":2},"end":{"line":329,"column":14}},"60":{"start":{"line":339,"column":19},"end":{"line":339,"column":38}},"61":{"start":{"line":341,"column":14},"end":{"line":345,"column":45}},"62":{"start":{"line":347,"column":2},"end":{"line":349,"column":3}},"63":{"start":{"line":348,"column":4},"end":{"line":348,"column":71}},"64":{"start":{"line":351,"column":26},"end":{"line":351,"column":37}},"65":{"start":{"line":353,"column":2},"end":{"line":356,"column":3}},"66":{"start":{"line":354,"column":4},"end":{"line":354,"column":75}},"67":{"start":{"line":355,"column":4},"end":{"line":355,"column":75}},"68":{"start":{"line":358,"column":2},"end":{"line":358,"column":20}},"69":{"start":{"line":368,"column":19},"end":{"line":368,"column":38}},"70":{"start":{"line":369,"column":17},"end":{"line":369,"column":34}},"71":{"start":{"line":372,"column":47},"end":{"line":375,"column":26}},"72":{"start":{"line":377,"column":2},"end":{"line":380,"column":3}},"73":{"start":{"line":378,"column":4},"end":{"line":378,"column":92}},"74":{"start":{"line":379,"column":4},"end":{"line":379,"column":82}},"75":{"start":{"line":382,"column":2},"end":{"line":384,"column":3}},"76":{"start":{"line":383,"column":4},"end":{"line":383,"column":14}},"77":{"start":{"line":386,"column":23},"end":{"line":386,"column":50}},"78":{"start":{"line":386,"column":44},"end":{"line":386,"column":49}},"79":{"start":{"line":388,"column":14},"end":{"line":392,"column":45}},"80":{"start":{"line":394,"column":2},"end":{"line":396,"column":3}},"81":{"start":{"line":395,"column":4},"end":{"line":395,"column":71}},"82":{"start":{"line":398,"column":26},"end":{"line":398,"column":37}},"83":{"start":{"line":400,"column":2},"end":{"line":403,"column":3}},"84":{"start":{"line":401,"column":4},"end":{"line":401,"column":78}},"85":{"start":{"line":402,"column":4},"end":{"line":402,"column":75}},"86":{"start":{"line":405,"column":2},"end":{"line":405,"column":20}},"87":{"start":{"line":415,"column":19},"end":{"line":415,"column":38}},"88":{"start":{"line":417,"column":26},"end":{"line":421,"column":13}},"89":{"start":{"line":423,"column":2},"end":{"line":426,"column":3}},"90":{"start":{"line":424,"column":4},"end":{"line":424,"column":70}},"91":{"start":{"line":425,"column":4},"end":{"line":425,"column":75}},"92":{"start":{"line":428,"column":2},"end":{"line":428,"column":14}}},"fnMap":{"0":{"name":"getSiteId","decl":{"start":{"line":154,"column":15},"end":{"line":154,"column":24}},"loc":{"start":{"line":154,"column":44},"end":{"line":160,"column":1}},"line":154},"1":{"name":"fetchWorkOrdersSince","decl":{"start":{"line":165,"column":22},"end":{"line":165,"column":42}},"loc":{"start":{"line":165,"column":95},"end":{"line":187,"column":1}},"line":165},"2":{"name":"fetchAssetsSince","decl":{"start":{"line":192,"column":22},"end":{"line":192,"column":38}},"loc":{"start":{"line":192,"column":87},"end":{"line":214,"column":1}},"line":192},"3":{"name":"fetchMeterReadingsSince","decl":{"start":{"line":220,"column":22},"end":{"line":220,"column":45}},"loc":{"start":{"line":222,"column":30},"end":{"line":261,"column":1}},"line":222},"4":{"name":"(anonymous_4)","decl":{"start":{"line":241,"column":30},"end":{"line":241,"column":31}},"loc":{"start":{"line":241,"column":35},"end":{"line":241,"column":39}},"line":241},"5":{"name":"upsertWorkOrder","decl":{"start":{"line":267,"column":22},"end":{"line":267,"column":37}},"loc":{"start":{"line":269,"column":47},"end":{"line":284,"column":1}},"line":269},"6":{"name":"upsertAsset","decl":{"start":{"line":290,"column":22},"end":{"line":290,"column":33}},"loc":{"start":{"line":292,"column":47},"end":{"line":307,"column":1}},"line":292},"7":{"name":"upsertMeterReading","decl":{"start":{"line":313,"column":22},"end":{"line":313,"column":40}},"loc":{"start":{"line":315,"column":47},"end":{"line":330,"column":1}},"line":315},"8":{"name":"fetchWorkOrderPhotosSince","decl":{"start":{"line":335,"column":22},"end":{"line":335,"column":47}},"loc":{"start":{"line":338,"column":32},"end":{"line":359,"column":1}},"line":338},"9":{"name":"fetchAllWorkOrderPhotosSince","decl":{"start":{"line":365,"column":22},"end":{"line":365,"column":50}},"loc":{"start":{"line":367,"column":32},"end":{"line":406,"column":1}},"line":367},"10":{"name":"(anonymous_10)","decl":{"start":{"line":386,"column":38},"end":{"line":386,"column":39}},"loc":{"start":{"line":386,"column":44},"end":{"line":386,"column":49}},"line":386},"11":{"name":"upsertWorkOrderPhoto","decl":{"start":{"line":412,"column":22},"end":{"line":412,"column":42}},"loc":{"start":{"line":414,"column":47},"end":{"line":429,"column":1}},"line":414}},"branchMap":{"0":{"loc":{"start":{"line":156,"column":2},"end":{"line":158,"column":3}},"type":"if","locations":[{"start":{"line":156,"column":2},"end":{"line":158,"column":3}},{"start":{},"end":{}}],"line":156},"1":{"loc":{"start":{"line":175,"column":2},"end":{"line":177,"column":3}},"type":"if","locations":[{"start":{"line":175,"column":2},"end":{"line":177,"column":3}},{"start":{},"end":{}}],"line":175},"2":{"loc":{"start":{"line":181,"column":2},"end":{"line":184,"column":3}},"type":"if","locations":[{"start":{"line":181,"column":2},"end":{"line":184,"column":3}},{"start":{},"end":{}}],"line":181},"3":{"loc":{"start":{"line":186,"column":9},"end":{"line":186,"column":19}},"type":"binary-expr","locations":[{"start":{"line":186,"column":9},"end":{"line":186,"column":13}},{"start":{"line":186,"column":17},"end":{"line":186,"column":19}}],"line":186},"4":{"loc":{"start":{"line":202,"column":2},"end":{"line":204,"column":3}},"type":"if","locations":[{"start":{"line":202,"column":2},"end":{"line":204,"column":3}},{"start":{},"end":{}}],"line":202},"5":{"loc":{"start":{"line":208,"column":2},"end":{"line":211,"column":3}},"type":"if","locations":[{"start":{"line":208,"column":2},"end":{"line":211,"column":3}},{"start":{},"end":{}}],"line":208},"6":{"loc":{"start":{"line":213,"column":9},"end":{"line":213,"column":19}},"type":"binary-expr","locations":[{"start":{"line":213,"column":9},"end":{"line":213,"column":13}},{"start":{"line":213,"column":17},"end":{"line":213,"column":19}}],"line":213},"7":{"loc":{"start":{"line":232,"column":2},"end":{"line":235,"column":3}},"type":"if","locations":[{"start":{"line":232,"column":2},"end":{"line":235,"column":3}},{"start":{},"end":{}}],"line":232},"8":{"loc":{"start":{"line":237,"column":2},"end":{"line":239,"column":3}},"type":"if","locations":[{"start":{"line":237,"column":2},"end":{"line":239,"column":3}},{"start":{},"end":{}}],"line":237},"9":{"loc":{"start":{"line":237,"column":6},"end":{"line":237,"column":36}},"type":"binary-expr","locations":[{"start":{"line":237,"column":6},"end":{"line":237,"column":13}},{"start":{"line":237,"column":17},"end":{"line":237,"column":36}}],"line":237},"10":{"loc":{"start":{"line":249,"column":2},"end":{"line":251,"column":3}},"type":"if","locations":[{"start":{"line":249,"column":2},"end":{"line":251,"column":3}},{"start":{},"end":{}}],"line":249},"11":{"loc":{"start":{"line":255,"column":2},"end":{"line":258,"column":3}},"type":"if","locations":[{"start":{"line":255,"column":2},"end":{"line":258,"column":3}},{"start":{},"end":{}}],"line":255},"12":{"loc":{"start":{"line":260,"column":9},"end":{"line":260,"column":19}},"type":"binary-expr","locations":[{"start":{"line":260,"column":9},"end":{"line":260,"column":13}},{"start":{"line":260,"column":17},"end":{"line":260,"column":19}}],"line":260},"13":{"loc":{"start":{"line":278,"column":2},"end":{"line":281,"column":3}},"type":"if","locations":[{"start":{"line":278,"column":2},"end":{"line":281,"column":3}},{"start":{},"end":{}}],"line":278},"14":{"loc":{"start":{"line":301,"column":2},"end":{"line":304,"column":3}},"type":"if","locations":[{"start":{"line":301,"column":2},"end":{"line":304,"column":3}},{"start":{},"end":{}}],"line":301},"15":{"loc":{"start":{"line":324,"column":2},"end":{"line":327,"column":3}},"type":"if","locations":[{"start":{"line":324,"column":2},"end":{"line":327,"column":3}},{"start":{},"end":{}}],"line":324},"16":{"loc":{"start":{"line":347,"column":2},"end":{"line":349,"column":3}},"type":"if","locations":[{"start":{"line":347,"column":2},"end":{"line":349,"column":3}},{"start":{},"end":{}}],"line":347},"17":{"loc":{"start":{"line":353,"column":2},"end":{"line":356,"column":3}},"type":"if","locations":[{"start":{"line":353,"column":2},"end":{"line":356,"column":3}},{"start":{},"end":{}}],"line":353},"18":{"loc":{"start":{"line":358,"column":9},"end":{"line":358,"column":19}},"type":"binary-expr","locations":[{"start":{"line":358,"column":9},"end":{"line":358,"column":13}},{"start":{"line":358,"column":17},"end":{"line":358,"column":19}}],"line":358},"19":{"loc":{"start":{"line":377,"column":2},"end":{"line":380,"column":3}},"type":"if","locations":[{"start":{"line":377,"column":2},"end":{"line":380,"column":3}},{"start":{},"end":{}}],"line":377},"20":{"loc":{"start":{"line":382,"column":2},"end":{"line":384,"column":3}},"type":"if","locations":[{"start":{"line":382,"column":2},"end":{"line":384,"column":3}},{"start":{},"end":{}}],"line":382},"21":{"loc":{"start":{"line":382,"column":6},"end":{"line":382,"column":44}},"type":"binary-expr","locations":[{"start":{"line":382,"column":6},"end":{"line":382,"column":17}},{"start":{"line":382,"column":21},"end":{"line":382,"column":44}}],"line":382},"22":{"loc":{"start":{"line":394,"column":2},"end":{"line":396,"column":3}},"type":"if","locations":[{"start":{"line":394,"column":2},"end":{"line":396,"column":3}},{"start":{},"end":{}}],"line":394},"23":{"loc":{"start":{"line":400,"column":2},"end":{"line":403,"column":3}},"type":"if","locations":[{"start":{"line":400,"column":2},"end":{"line":403,"column":3}},{"start":{},"end":{}}],"line":400},"24":{"loc":{"start":{"line":405,"column":9},"end":{"line":405,"column":19}},"type":"binary-expr","locations":[{"start":{"line":405,"column":9},"end":{"line":405,"column":13}},{"start":{"line":405,"column":17},"end":{"line":405,"column":19}}],"line":405},"25":{"loc":{"start":{"line":423,"column":2},"end":{"line":426,"column":3}},"type":"if","locations":[{"start":{"line":423,"column":2},"end":{"line":426,"column":3}},{"start":{},"end":{}}],"line":423}},"s":{"0":14,"1":14,"2":1,"3":13,"4":5,"5":5,"6":4,"7":4,"8":1,"9":4,"10":4,"11":1,"12":1,"13":3,"14":3,"15":3,"16":3,"17":3,"18":0,"19":3,"20":3,"21":1,"22":1,"23":2,"24":3,"25":3,"26":3,"27":3,"28":1,"29":1,"30":2,"31":1,"32":1,"33":2,"34":1,"35":1,"36":0,"37":1,"38":1,"39":0,"40":0,"41":1,"42":2,"43":2,"44":2,"45":1,"46":1,"47":1,"48":2,"49":2,"50":2,"51":1,"52":1,"53":1,"54":2,"55":2,"56":2,"57":1,"58":1,"59":1,"60":3,"61":3,"62":3,"63":0,"64":3,"65":3,"66":1,"67":1,"68":2,"69":3,"70":3,"71":3,"72":3,"73":1,"74":1,"75":2,"76":1,"77":1,"78":2,"79":1,"80":1,"81":0,"82":1,"83":1,"84":0,"85":0,"86":1,"87":2,"88":2,"89":2,"90":1,"91":1,"92":1},"f":{"0":14,"1":5,"2":3,"3":3,"4":2,"5":2,"6":2,"7":2,"8":3,"9":3,"10":2,"11":2},"b":{"0":[1,13],"1":[1,3],"2":[1,3],"3":[3,1],"4":[0,3],"5":[1,2],"6":[2,1],"7":[1,2],"8":[1,1],"9":[2,2],"10":[0,1],"11":[0,1],"12":[1,0],"13":[1,1],"14":[1,1],"15":[1,1],"16":[0,3],"17":[1,2],"18":[2,1],"19":[1,2],"20":[1,1],"21":[2,2],"22":[0,1],"23":[0,1],"24":[1,0],"25":[1,1]},"_coverageSchema":"1a1c01bbd47fc00a2c39e90264f33305004495a9","hash":"652fdee3624adf658c74b59b334466facbbf98bd"}
,"/home/ubuntu/quarrycmms/src/services/sync/sync-storage.ts": {"path":"/home/ubuntu/quarrycmms/src/services/sync/sync-storage.ts","statementMap":{"0":{"start":{"line":13,"column":26},"end":{"line":16,"column":10}},"1":{"start":{"line":23,"column":2},"end":{"line":33,"column":3}},"2":{"start":{"line":24,"column":18},"end":{"line":24,"column":76}},"3":{"start":{"line":25,"column":4},"end":{"line":27,"column":5}},"4":{"start":{"line":26,"column":6},"end":{"line":26,"column":18}},"5":{"start":{"line":28,"column":22},"end":{"line":28,"column":41}},"6":{"start":{"line":29,"column":4},"end":{"line":29,"column":47}},"7":{"start":{"line":31,"column":4},"end":{"line":31,"column":68}},"8":{"start":{"line":32,"column":4},"end":{"line":32,"column":16}},"9":{"start":{"line":41,"column":2},"end":{"line":46,"column":3}},"10":{"start":{"line":42,"column":4},"end":{"line":42,"column":85}},"11":{"start":{"line":44,"column":4},"end":{"line":44,"column":68}},"12":{"start":{"line":45,"column":4},"end":{"line":45,"column":16}},"13":{"start":{"line":54,"column":2},"end":{"line":59,"column":3}},"14":{"start":{"line":55,"column":4},"end":{"line":55,"column":68}},"15":{"start":{"line":57,"column":4},"end":{"line":57,"column":67}},"16":{"start":{"line":58,"column":4},"end":{"line":58,"column":16}},"17":{"start":{"line":67,"column":2},"end":{"line":76,"column":3}},"18":{"start":{"line":68,"column":4},"end":{"line":72,"column":5}},"19":{"start":{"line":69,"column":6},"end":{"line":69,"column":66}},"20":{"start":{"line":71,"column":6},"end":{"line":71,"column":70}},"21":{"start":{"line":74,"column":4},"end":{"line":74,"column":63}},"22":{"start":{"line":75,"column":4},"end":{"line":75,"column":12}},"23":{"start":{"line":83,"column":2},"end":{"line":88,"column":3}},"24":{"start":{"line":84,"column":4},"end":{"line":84,"column":99}},"25":{"start":{"line":86,"column":4},"end":{"line":86,"column":73}},"26":{"start":{"line":87,"column":4},"end":{"line":87,"column":16}}},"fnMap":{"0":{"name":"getLastSyncAt","decl":{"start":{"line":22,"column":22},"end":{"line":22,"column":35}},"loc":{"start":{"line":22,"column":62},"end":{"line":34,"column":1}},"line":22},"1":{"name":"setLastSyncAt","decl":{"start":{"line":40,"column":22},"end":{"line":40,"column":35}},"loc":{"start":{"line":40,"column":70},"end":{"line":47,"column":1}},"line":40},"2":{"name":"getSyncError","decl":{"start":{"line":53,"column":22},"end":{"line":53,"column":34}},"loc":{"start":{"line":53,"column":61},"end":{"line":60,"column":1}},"line":53},"3":{"name":"setSyncError","decl":{"start":{"line":66,"column":22},"end":{"line":66,"column":34}},"loc":{"start":{"line":66,"column":72},"end":{"line":77,"column":1}},"line":66},"4":{"name":"clearSyncMetadata","decl":{"start":{"line":82,"column":22},"end":{"line":82,"column":39}},"loc":{"start":{"line":82,"column":57},"end":{"line":89,"column":1}},"line":82}},"branchMap":{"0":{"loc":{"start":{"line":25,"column":4},"end":{"line":27,"column":5}},"type":"if","locations":[{"start":{"line":25,"column":4},"end":{"line":27,"column":5}},{"start":{},"end":{}}],"line":25},"1":{"loc":{"start":{"line":29,"column":11},"end":{"line":29,"column":46}},"type":"cond-expr","locations":[{"start":{"line":29,"column":30},"end":{"line":29,"column":34}},{"start":{"line":29,"column":37},"end":{"line":29,"column":46}}],"line":29},"2":{"loc":{"start":{"line":68,"column":4},"end":{"line":72,"column":5}},"type":"if","locations":[{"start":{"line":68,"column":4},"end":{"line":72,"column":5}},{"start":{"line":70,"column":11},"end":{"line":72,"column":5}}],"line":68}},"s":{"0":1,"1":6,"2":6,"3":5,"4":2,"5":3,"6":3,"7":1,"8":1,"9":5,"10":5,"11":1,"12":1,"13":6,"14":6,"15":1,"16":1,"17":8,"18":8,"19":3,"20":5,"21":2,"22":2,"23":4,"24":4,"25":1,"26":1},"f":{"0":6,"1":5,"2":6,"3":8,"4":4},"b":{"0":[2,3],"1":[1,2],"2":[3,5]},"_coverageSchema":"1a1c01bbd47fc00a2c39e90264f33305004495a9","hash":"af6454662daa88efaf33af57982841e21ee913db"}
}
