TN:
SF:src/services/sync/background-sync.ts
FN:60,(anonymous_0)
FN:116,registerBackgroundSync
FN:154,unregisterBackgroundSync
FN:173,isBackgroundSyncAvailable
FN:213,getBackgroundSyncConfig
FN:221,triggerBackgroundSync
FNF:6
FNH:5
FNDA:0,(anonymous_0)
FNDA:6,registerBackgroundSync
FNDA:3,unregisterBackgroundSync
FNDA:5,isBackgroundSyncAvailable
FNDA:4,getBackgroundSyncConfig
FNDA:3,triggerBackgroundSync
DA:19,1
DA:36,1
DA:54,1
DA:60,1
DA:61,0
DA:63,0
DA:65,0
DA:66,0
DA:68,0
DA:69,0
DA:70,0
DA:74,0
DA:75,0
DA:76,0
DA:77,0
DA:81,0
DA:82,0
DA:83,0
DA:86,0
DA:87,0
DA:88,0
DA:89,0
DA:94,0
DA:95,0
DA:97,0
DA:98,0
DA:119,6
DA:121,6
DA:123,6
DA:125,6
DA:126,1
DA:127,1
DA:130,5
DA:131,1
DA:132,1
DA:136,4
DA:142,3
DA:146,1
DA:147,1
DA:155,3
DA:156,3
DA:158,3
DA:159,2
DA:160,1
DA:163,1
DA:164,1
DA:174,5
DA:175,5
DA:181,4
DA:183,1
DA:184,1
DA:186,1
DA:187,1
DA:189,1
DA:190,1
DA:192,1
DA:195,4
DA:201,1
DA:202,1
DA:214,4
DA:222,3
DA:224,3
DA:225,3
DA:226,3
DA:228,3
DA:229,2
DA:231,1
DA:232,1
LF:68
LH:46
BRDA:68,0,0,0
BRDA:68,0,1,0
BRDA:68,1,0,0
BRDA:68,1,1,0
BRDA:68,1,2,0
BRDA:75,2,0,0
BRDA:75,2,1,0
BRDA:86,3,0,0
BRDA:86,3,1,0
BRDA:86,4,0,0
BRDA:86,4,1,0
BRDA:125,5,0,1
BRDA:125,5,1,5
BRDA:130,6,0,1
BRDA:130,6,1,4
BRDA:158,7,0,2
BRDA:158,7,1,1
BRDA:181,8,0,1
BRDA:181,8,1,1
BRDA:181,8,2,1
BRDA:181,8,3,1
BRF:21
BRH:10
end_of_record
TN:
SF:src/services/sync/backoff.ts
FN:55,calculateBackoff
FN:86,getNextRetryTime
FN:109,isReadyForRetry
FN:137,getTimeUntilRetry
FN:164,formatBackoffDelay
FNF:5
FNH:5
FNDA:19,calculateBackoff
FNDA:5,getNextRetryTime
FNDA:23,isReadyForRetry
FNDA:7,getTimeUntilRetry
FNDA:21,formatBackoffDelay
DA:27,2
DA:59,19
DA:62,19
DA:65,19
DA:68,19
DA:70,19
DA:90,5
DA:115,23
DA:116,12
DA:120,11
DA:121,11
DA:126,11
DA:142,7
DA:143,2
DA:146,5
DA:147,5
DA:152,5
DA:153,5
DA:155,5
DA:165,21
DA:166,4
DA:167,17
DA:168,8
DA:169,8
DA:171,9
DA:172,9
LF:26
LH:26
BRDA:115,0,0,12
BRDA:115,0,1,11
BRDA:115,1,0,23
BRDA:115,1,1,12
BRDA:142,2,0,2
BRDA:142,2,1,5
BRDA:142,3,0,7
BRDA:142,3,1,6
BRDA:165,4,0,4
BRDA:165,4,1,17
BRDA:167,5,0,8
BRDA:167,5,1,9
BRDA:169,6,0,4
BRDA:169,6,1,4
BRDA:172,7,0,4
BRDA:172,7,1,5
BRF:16
BRH:16
end_of_record
TN:
SF:src/services/sync/conflict-log.ts
FN:57,generateLogId
FN:66,loadLog
FN:80,saveLog
FN:93,logConflict
FN:135,getRecentConflicts
FN:146,getConflictsForRecord
FN:151,(anonymous_6)
FN:157,getEscalatedConflicts
FN:159,(anonymous_8)
FN:168,getConflictsByTimeRange
FN:173,(anonymous_10)
FN:179,getConflictStats
FN:233,pruneConflictLogs
FN:238,(anonymous_13)
FN:252,clearConflictLogs
FN:264,markConflictReviewed
FN:270,(anonymous_16)
FNF:17
FNH:17
FNDA:3,generateLogId
FNDA:155,loadLog
FNDA:132,saveLog
FNDA:129,logConflict
FNDA:7,getRecentConflicts
FNDA:3,getConflictsForRecord
FNDA:12,(anonymous_6)
FNDA:2,getEscalatedConflicts
FNDA:5,(anonymous_8)
FNDA:3,getConflictsByTimeRange
FNDA:9,(anonymous_10)
FNDA:3,getConflictStats
FNDA:4,pruneConflictLogs
FNDA:5,(anonymous_13)
FNDA:2,clearConflictLogs
FNDA:4,markConflictReviewed
FNDA:2,(anonymous_16)
DA:16,1
DA:21,1
DA:26,1
DA:58,3
DA:59,3
DA:60,3
DA:67,155
DA:68,155
DA:69,154
DA:70,123
DA:72,2
DA:73,2
DA:81,132
DA:82,132
DA:84,1
DA:96,129
DA:109,129
DA:112,129
DA:115,129
DA:117,129
DA:120,129
DA:127,129
DA:136,7
DA:137,7
DA:150,3
DA:151,12
DA:158,2
DA:159,5
DA:172,3
DA:173,9
DA:187,3
DA:188,3
DA:189,3
DA:190,3
DA:192,3
DA:193,3
DA:194,3
DA:195,3
DA:196,3
DA:198,3
DA:200,9
DA:203,9
DA:204,7
DA:206,2
DA:210,9
DA:211,6
DA:213,9
DA:214,8
DA:218,3
DA:234,4
DA:235,4
DA:237,4
DA:238,5
DA:239,4
DA:241,4
DA:242,1
DA:243,1
DA:246,4
DA:253,2
DA:254,2
DA:269,4
DA:270,4
DA:272,4
DA:273,2
DA:274,2
DA:278,2
DA:284,2
DA:285,2
DA:286,2
DA:287,1
DA:290,2
DA:291,2
DA:292,2
LF:73
LH:73
BRDA:69,0,0,31
BRDA:69,0,1,123
BRDA:97,1,0,129
BRDA:97,1,1,3
BRDA:98,2,0,129
BRDA:98,2,1,3
BRDA:120,3,0,121
BRDA:120,3,1,8
BRDA:135,4,0,6
BRDA:151,5,0,12
BRDA:151,5,1,7
BRDA:173,6,0,9
BRDA:173,6,1,4
BRDA:200,7,0,9
BRDA:200,7,1,4
BRDA:203,8,0,7
BRDA:203,8,1,2
BRDA:210,9,0,6
BRDA:210,9,1,3
BRDA:213,10,0,8
BRDA:213,10,1,1
BRDA:241,11,0,1
BRDA:241,11,1,3
BRDA:272,12,0,2
BRDA:272,12,1,2
BRDA:286,13,0,1
BRDA:286,13,1,1
BRF:27
BRH:27
end_of_record
TN:
SF:src/services/sync/conflict-resolver.ts
FN:49,hasConflict
FN:67,resolvePriority
FN:76,resolveWorkOrderStatus
FN:85,resolveAssetStatus
FN:94,appendText
FN:114,resolveEarlierTimestamp
FN:123,resolveHigherNumber
FN:132,detectWorkOrderEscalations
FN:175,resolveWorkOrderConflict
FN:538,resolveAssetConflict
FN:661,hasMeterReadingConflict
FN:685,resolveMeterReadingConflict
FN:841,resolveWorkOrderPhotoConflict
FNF:13
FNH:13
FNDA:45,hasConflict
FNDA:2,resolvePriority
FNDA:8,resolveWorkOrderStatus
FNDA:4,resolveAssetStatus
FNDA:12,appendText
FNDA:11,resolveEarlierTimestamp
FNDA:13,resolveHigherNumber
FNDA:28,detectWorkOrderEscalations
FNDA:29,resolveWorkOrderConflict
FNDA:10,resolveAssetConflict
FNDA:13,hasMeterReadingConflict
FNDA:10,resolveMeterReadingConflict
FNDA:9,resolveWorkOrderPhotoConflict
DA:34,1
DA:39,1
DA:44,1
DA:54,45
DA:55,4
DA:58,41
DA:59,41
DA:61,41
DA:68,2
DA:69,2
DA:70,2
DA:77,8
DA:78,8
DA:79,8
DA:86,4
DA:87,4
DA:88,4
DA:100,12
DA:101,12
DA:102,10
DA:103,9
DA:105,9
DA:106,9
DA:108,9
DA:115,11
DA:116,9
DA:117,9
DA:124,13
DA:125,10
DA:126,10
DA:137,28
DA:140,28
DA:147,1
DA:151,28
DA:152,2
DA:153,2
DA:154,2
DA:155,1
DA:160,28
DA:166,1
DA:169,28
DA:180,29
DA:181,29
DA:182,29
DA:185,29
DA:186,1
DA:194,28
DA:197,28
DA:201,28
DA:202,8
DA:203,8
DA:204,8
DA:212,20
DA:215,1
DA:216,1
DA:218,1
DA:220,1
DA:221,1
DA:222,1
DA:224,1
DA:234,1
DA:235,0
DA:241,28
DA:242,2
DA:243,2
DA:244,2
DA:255,28
DA:256,3
DA:257,3
DA:258,3
DA:269,28
DA:270,2
DA:271,2
DA:272,2
DA:278,2
DA:279,2
DA:290,28
DA:291,28
DA:292,1
DA:293,1
DA:294,1
DA:305,28
DA:306,28
DA:307,1
DA:308,1
DA:309,1
DA:320,28
DA:321,28
DA:322,2
DA:323,2
DA:326,2
DA:327,0
DA:329,2
DA:332,2
DA:343,28
DA:344,5
DA:345,5
DA:346,5
DA:357,28
DA:359,0
DA:360,0
DA:362,0
DA:363,0
DA:364,0
DA:375,28
DA:376,1
DA:377,1
DA:378,1
DA:389,28
DA:390,0
DA:391,0
DA:392,0
DA:393,0
DA:394,0
DA:405,28
DA:406,0
DA:407,0
DA:409,0
DA:410,0
DA:411,0
DA:422,28
DA:423,28
DA:425,28
DA:431,4
DA:433,1
DA:434,1
DA:437,1
DA:438,1
DA:439,3
DA:441,1
DA:442,1
DA:443,1
DA:444,1
DA:447,2
DA:448,2
DA:452,2
DA:453,2
DA:454,2
DA:457,2
DA:459,0
DA:460,0
DA:461,0
DA:463,2
DA:466,4
DA:467,4
DA:468,4
DA:470,4
DA:483,28
DA:484,1
DA:486,1
DA:487,1
DA:493,28
DA:497,1
DA:498,0
DA:499,0
DA:500,1
DA:501,0
DA:502,0
DA:506,1
DA:508,1
DA:514,1
DA:515,1
DA:517,1
DA:527,28
DA:539,10
DA:540,10
DA:541,10
DA:544,10
DA:545,1
DA:553,9
DA:556,9
DA:557,4
DA:558,4
DA:559,4
DA:570,9
DA:571,2
DA:575,2
DA:576,2
DA:587,9
DA:588,1
DA:589,1
DA:590,1
DA:601,9
DA:602,2
DA:603,2
DA:604,2
DA:605,2
DA:606,2
DA:617,9
DA:618,0
DA:619,0
DA:621,0
DA:622,0
DA:623,0
DA:634,9
DA:635,0
DA:636,0
DA:637,0
DA:638,0
DA:639,0
DA:649,9
DA:663,13
DA:664,2
DA:668,11
DA:669,11
DA:671,11
DA:677,1
DA:689,10
DA:690,10
DA:691,10
DA:692,10
DA:695,10
DA:696,1
DA:704,9
DA:707,9
DA:708,9
DA:709,9
DA:712,9
DA:713,1
DA:715,1
DA:726,1
DA:735,8
DA:736,6
DA:737,6
DA:740,6
DA:741,6
DA:742,6
DA:744,6
DA:745,1
DA:750,6
DA:751,6
DA:753,6
DA:755,2
DA:756,1
DA:760,6
DA:771,8
DA:772,1
DA:773,1
DA:774,1
DA:785,8
DA:786,8
DA:787,7
DA:788,7
DA:789,7
DA:799,8
DA:852,9
DA:860,9
DA:861,9
DA:862,8
DA:866,9
DA:867,9
DA:868,8
DA:869,8
DA:874,9
DA:877,9
DA:881,9
DA:882,5
DA:886,9
DA:887,1
DA:890,9
DA:892,6
DA:894,6
DA:896,5
DA:897,5
DA:899,5
DA:901,5
DA:908,5
DA:918,1
DA:929,3
DA:941,9
DA:942,8
DA:943,2
DA:944,2
DA:955,9
LF:274
LH:240
BRDA:54,0,0,4
BRDA:54,0,1,41
BRDA:59,1,0,41
BRDA:59,1,1,1
BRDA:70,2,0,1
BRDA:70,2,1,1
BRDA:79,3,0,2
BRDA:79,3,1,6
BRDA:88,4,0,3
BRDA:88,4,1,1
BRDA:100,5,0,0
BRDA:100,5,1,12
BRDA:100,6,0,12
BRDA:100,6,1,2
BRDA:101,7,0,2
BRDA:101,7,1,10
BRDA:102,8,0,1
BRDA:102,8,1,9
BRDA:103,9,0,0
BRDA:103,9,1,9
BRDA:105,10,0,1
BRDA:105,10,1,8
BRDA:106,11,0,1
BRDA:106,11,1,8
BRDA:115,12,0,2
BRDA:115,12,1,9
BRDA:116,13,0,0
BRDA:116,13,1,9
BRDA:124,14,0,3
BRDA:124,14,1,10
BRDA:125,15,0,0
BRDA:125,15,1,10
BRDA:140,16,0,1
BRDA:140,16,1,27
BRDA:141,17,0,28
BRDA:141,17,1,3
BRDA:141,17,2,2
BRDA:141,17,3,2
BRDA:141,17,4,2
BRDA:151,18,0,2
BRDA:151,18,1,26
BRDA:154,19,0,1
BRDA:154,19,1,1
BRDA:160,20,0,1
BRDA:160,20,1,27
BRDA:161,21,0,28
BRDA:161,21,1,8
BRDA:161,21,2,3
BRDA:161,21,3,2
BRDA:178,22,0,27
BRDA:185,23,0,1
BRDA:185,23,1,28
BRDA:201,24,0,8
BRDA:201,24,1,20
BRDA:212,25,0,1
BRDA:212,25,1,19
BRDA:212,26,0,20
BRDA:212,26,1,1
BRDA:215,27,0,1
BRDA:215,27,1,0
BRDA:216,28,0,1
BRDA:216,28,1,0
BRDA:218,29,0,1
BRDA:218,29,1,0
BRDA:222,30,0,1
BRDA:222,30,1,0
BRDA:234,31,0,0
BRDA:234,31,1,1
BRDA:234,32,0,1
BRDA:234,32,1,1
BRDA:241,33,0,2
BRDA:241,33,1,26
BRDA:255,34,0,3
BRDA:255,34,1,25
BRDA:269,35,0,2
BRDA:269,35,1,26
BRDA:270,36,0,2
BRDA:270,36,1,1
BRDA:271,37,0,2
BRDA:271,37,1,1
BRDA:290,38,0,1
BRDA:290,38,1,27
BRDA:291,39,0,1
BRDA:291,39,1,27
BRDA:293,40,0,1
BRDA:293,40,1,0
BRDA:305,41,0,1
BRDA:305,41,1,27
BRDA:306,42,0,1
BRDA:306,42,1,27
BRDA:308,43,0,1
BRDA:308,43,1,0
BRDA:320,44,0,2
BRDA:320,44,1,26
BRDA:321,45,0,2
BRDA:321,45,1,26
BRDA:323,46,0,2
BRDA:323,46,1,0
BRDA:326,47,0,0
BRDA:326,47,1,2
BRDA:343,48,0,5
BRDA:343,48,1,23
BRDA:357,49,0,0
BRDA:357,49,1,28
BRDA:362,50,0,0
BRDA:362,50,1,0
BRDA:375,51,0,1
BRDA:375,51,1,27
BRDA:376,52,0,1
BRDA:376,52,1,0
BRDA:389,53,0,0
BRDA:389,53,1,28
BRDA:392,54,0,0
BRDA:392,54,1,0
BRDA:405,55,0,0
BRDA:405,55,1,28
BRDA:409,56,0,0
BRDA:409,56,1,0
BRDA:425,57,0,4
BRDA:425,57,1,24
BRDA:425,58,0,28
BRDA:425,58,1,26
BRDA:431,59,0,1
BRDA:431,59,1,3
BRDA:431,60,0,4
BRDA:431,60,1,3
BRDA:434,61,0,1
BRDA:434,61,1,0
BRDA:439,62,0,1
BRDA:439,62,1,2
BRDA:439,63,0,3
BRDA:439,63,1,1
BRDA:447,64,0,2
BRDA:447,64,1,0
BRDA:448,65,0,2
BRDA:448,65,1,0
BRDA:452,66,0,2
BRDA:452,66,1,0
BRDA:454,67,0,2
BRDA:454,67,1,0
BRDA:483,68,0,1
BRDA:483,68,1,27
BRDA:483,69,0,28
BRDA:483,69,1,3
BRDA:483,69,2,2
BRDA:483,69,3,1
BRDA:484,70,0,1
BRDA:484,70,1,0
BRDA:486,71,0,1
BRDA:486,71,1,0
BRDA:493,72,0,1
BRDA:493,72,1,27
BRDA:497,73,0,0
BRDA:497,73,1,1
BRDA:500,74,0,0
BRDA:500,74,1,1
BRDA:509,75,0,1
BRDA:509,75,1,0
BRDA:509,76,0,1
BRDA:509,76,1,1
BRDA:511,77,0,0
BRDA:511,77,1,0
BRDA:544,78,0,1
BRDA:544,78,1,9
BRDA:556,79,0,4
BRDA:556,79,1,5
BRDA:570,80,0,2
BRDA:570,80,1,7
BRDA:587,81,0,1
BRDA:587,81,1,8
BRDA:601,82,0,2
BRDA:601,82,1,7
BRDA:604,83,0,1
BRDA:604,83,1,1
BRDA:617,84,0,0
BRDA:617,84,1,9
BRDA:621,85,0,0
BRDA:621,85,1,0
BRDA:634,86,0,0
BRDA:634,86,1,9
BRDA:637,87,0,0
BRDA:637,87,1,0
BRDA:663,88,0,2
BRDA:663,88,1,11
BRDA:669,89,0,11
BRDA:669,89,1,0
BRDA:695,90,0,1
BRDA:695,90,1,9
BRDA:712,91,0,1
BRDA:712,91,1,8
BRDA:712,92,0,9
BRDA:712,92,1,2
BRDA:735,93,0,6
BRDA:735,93,1,2
BRDA:742,94,0,6
BRDA:742,94,1,0
BRDA:742,95,0,0
BRDA:742,95,1,0
BRDA:744,96,0,1
BRDA:744,96,1,5
BRDA:753,97,0,2
BRDA:753,97,1,4
BRDA:753,98,0,6
BRDA:753,98,1,1
BRDA:753,98,2,5
BRDA:753,98,3,5
BRDA:753,98,4,1
BRDA:755,99,0,1
BRDA:755,99,1,1
BRDA:755,100,0,2
BRDA:755,100,1,1
BRDA:766,101,0,6
BRDA:766,101,1,5
BRDA:771,102,0,1
BRDA:771,102,1,7
BRDA:786,103,0,7
BRDA:786,103,1,1
BRDA:868,104,0,8
BRDA:868,104,1,0
BRDA:881,105,0,5
BRDA:881,105,1,4
BRDA:886,106,0,1
BRDA:886,106,1,8
BRDA:886,107,0,9
BRDA:886,107,1,4
BRDA:890,108,0,6
BRDA:890,108,1,3
BRDA:894,109,0,5
BRDA:894,109,1,1
BRDA:905,110,0,5
BRDA:905,110,1,0
BRDA:942,111,0,2
BRDA:942,111,1,6
BRF:233
BRH:186
end_of_record
TN:
SF:src/services/sync/error-classifier.ts
FN:61,extractHttpStatus
FN:111,isNetworkError
FN:135,(anonymous_2)
FN:144,isRateLimitError
FN:164,(anonymous_4)
FN:173,isAuthError
FN:197,(anonymous_6)
FN:206,isValidationError
FN:229,(anonymous_8)
FN:238,isTimeoutError
FN:253,(anonymous_10)
FN:262,getErrorMessage
FN:313,classifyError
FN:438,isRetryableError
FN:448,getMaxRetries
FNF:15
FNH:15
FNDA:296,extractHttpStatus
FNDA:74,isNetworkError
FNDA:633,(anonymous_2)
FNDA:58,isRateLimitError
FNDA:183,(anonymous_4)
FNDA:62,isAuthError
FNDA:340,(anonymous_6)
FNDA:49,isValidationError
FNDA:226,(anonymous_8)
FNDA:59,isTimeoutError
FNDA:146,(anonymous_10)
FNDA:53,getErrorMessage
FNDA:53,classifyError
FNDA:10,isRetryableError
FNDA:9,getMaxRetries
DA:62,296
DA:65,281
DA:66,236
DA:69,236
DA:70,138
DA:74,98
DA:75,9
DA:76,9
DA:77,9
DA:82,89
DA:83,6
DA:84,6
DA:85,1
DA:90,88
DA:91,11
DA:92,11
DA:94,10
DA:95,10
DA:96,8
DA:102,125
DA:112,74
DA:115,71
DA:121,71
DA:135,633
DA:145,58
DA:146,58
DA:148,52
DA:151,49
DA:157,49
DA:164,183
DA:174,62
DA:175,62
DA:177,53
DA:180,50
DA:186,50
DA:197,340
DA:207,49
DA:208,49
DA:210,42
DA:213,39
DA:219,39
DA:229,226
DA:239,59
DA:240,59
DA:242,55
DA:245,52
DA:251,52
DA:253,146
DA:263,53
DA:265,52
DA:266,17
DA:269,35
DA:270,1
DA:273,34
DA:274,34
DA:275,34
DA:276,6
DA:278,28
DA:279,0
DA:281,28
DA:286,1
DA:290,27
DA:314,53
DA:315,53
DA:318,53
DA:319,8
DA:332,45
DA:333,5
DA:346,40
DA:347,8
DA:360,32
DA:361,6
DA:374,26
DA:376,14
DA:378,10
DA:379,4
DA:392,6
DA:405,4
DA:406,4
DA:420,12
DA:439,10
DA:449,9
LF:82
LH:81
BRDA:62,0,0,15
BRDA:62,0,1,281
BRDA:65,1,0,236
BRDA:65,1,1,45
BRDA:65,2,0,281
BRDA:65,2,1,236
BRDA:69,3,0,138
BRDA:69,3,1,98
BRDA:74,4,0,9
BRDA:74,4,1,89
BRDA:74,5,0,98
BRDA:74,5,1,9
BRDA:76,6,0,9
BRDA:76,6,1,0
BRDA:82,7,0,6
BRDA:82,7,1,83
BRDA:82,8,0,89
BRDA:82,8,1,6
BRDA:84,9,0,1
BRDA:84,9,1,5
BRDA:90,10,0,11
BRDA:90,10,1,77
BRDA:92,11,0,10
BRDA:92,11,1,1
BRDA:95,12,0,8
BRDA:95,12,1,2
BRDA:95,13,0,10
BRDA:95,13,1,8
BRDA:112,14,0,3
BRDA:112,14,1,71
BRDA:115,15,0,23
BRDA:115,15,1,48
BRDA:117,16,0,14
BRDA:117,16,1,34
BRDA:146,17,0,6
BRDA:146,17,1,52
BRDA:148,18,0,3
BRDA:148,18,1,49
BRDA:151,19,0,11
BRDA:151,19,1,38
BRDA:153,20,0,8
BRDA:153,20,1,30
BRDA:175,21,0,9
BRDA:175,21,1,53
BRDA:175,22,0,62
BRDA:175,22,1,56
BRDA:177,23,0,3
BRDA:177,23,1,50
BRDA:180,24,0,10
BRDA:180,24,1,40
BRDA:182,25,0,16
BRDA:182,25,1,24
BRDA:208,26,0,7
BRDA:208,26,1,42
BRDA:208,27,0,49
BRDA:208,27,1,45
BRDA:210,28,0,3
BRDA:210,28,1,39
BRDA:213,29,0,7
BRDA:213,29,1,32
BRDA:215,30,0,13
BRDA:215,30,1,19
BRDA:240,31,0,4
BRDA:240,31,1,55
BRDA:240,32,0,59
BRDA:240,32,1,58
BRDA:242,33,0,3
BRDA:242,33,1,52
BRDA:245,34,0,14
BRDA:245,34,1,38
BRDA:247,35,0,5
BRDA:247,35,1,33
BRDA:263,36,0,1
BRDA:263,36,1,52
BRDA:265,37,0,17
BRDA:265,37,1,35
BRDA:269,38,0,1
BRDA:269,38,1,34
BRDA:273,39,0,34
BRDA:273,39,1,0
BRDA:275,40,0,6
BRDA:275,40,1,28
BRDA:278,41,0,0
BRDA:278,41,1,28
BRDA:281,42,0,1
BRDA:281,42,1,27
BRDA:282,43,0,28
BRDA:282,43,1,1
BRDA:282,43,2,1
BRDA:318,44,0,8
BRDA:318,44,1,45
BRDA:318,45,0,53
BRDA:318,45,1,49
BRDA:321,46,0,6
BRDA:321,46,1,2
BRDA:332,47,0,5
BRDA:332,47,1,40
BRDA:335,48,0,2
BRDA:335,48,1,3
BRDA:336,49,0,5
BRDA:336,49,1,1
BRDA:346,50,0,8
BRDA:346,50,1,32
BRDA:349,51,0,2
BRDA:349,51,1,6
BRDA:350,52,0,8
BRDA:350,52,1,2
BRDA:360,53,0,6
BRDA:360,53,1,26
BRDA:363,54,0,1
BRDA:363,54,1,5
BRDA:364,55,0,6
BRDA:364,55,1,1
BRDA:374,56,0,14
BRDA:374,56,1,12
BRDA:376,57,0,10
BRDA:376,57,1,4
BRDA:376,58,0,14
BRDA:376,58,1,10
BRDA:378,59,0,4
BRDA:378,59,1,6
BRDA:381,60,0,0
BRDA:381,60,1,4
BRDA:394,61,0,0
BRDA:394,61,1,6
BRDA:405,62,0,4
BRDA:405,62,1,0
BRDA:408,63,0,0
BRDA:408,63,1,4
BRDA:422,64,0,6
BRDA:422,64,1,6
BRF:131
BRH:124
end_of_record
TN:
SF:src/services/sync/photo-sync.ts
FN:44,emptyResult
FN:52,uploadPendingPhotos
FN:133,downloadMissingPhotos
FN:167,(anonymous_3)
FN:168,(anonymous_4)
FN:194,retryFailedUploads
FN:295,syncPhotos
FN:332,getPendingPhotoUploadCount
FN:348,getPendingPhotoDownloadCount
FNF:9
FNH:0
FNDA:0,emptyResult
FNDA:0,uploadPendingPhotos
FNDA:0,downloadMissingPhotos
FNDA:0,(anonymous_3)
FNDA:0,(anonymous_4)
FNDA:0,retryFailedUploads
FNDA:0,syncPhotos
FNDA:0,getPendingPhotoUploadCount
FNDA:0,getPendingPhotoDownloadCount
DA:45,0
DA:53,0
DA:55,0
DA:59,0
DA:60,0
DA:67,0
DA:69,0
DA:70,0
DA:72,0
DA:73,0
DA:76,0
DA:78,0
DA:79,0
DA:80,0
DA:81,0
DA:85,0
DA:86,0
DA:87,0
DA:88,0
DA:89,0
DA:93,0
DA:94,0
DA:97,0
DA:98,0
DA:99,0
DA:100,0
DA:102,0
DA:104,0
DA:105,0
DA:106,0
DA:107,0
DA:108,0
DA:110,0
DA:111,0
DA:112,0
DA:113,0
DA:116,0
DA:117,0
DA:118,0
DA:119,0
DA:123,0
DA:126,0
DA:134,0
DA:136,0
DA:138,0
DA:139,0
DA:143,0
DA:145,0
DA:146,0
DA:148,0
DA:149,0
DA:150,0
DA:151,0
DA:154,0
DA:155,0
DA:156,0
DA:159,0
DA:162,0
DA:164,0
DA:166,0
DA:167,0
DA:168,0
DA:169,0
DA:173,0
DA:174,0
DA:176,0
DA:177,0
DA:180,0
DA:181,0
DA:185,0
DA:188,0
DA:195,0
DA:197,0
DA:199,0
DA:202,0
DA:204,0
DA:206,0
DA:208,0
DA:209,0
DA:210,0
DA:211,0
DA:214,0
DA:216,0
DA:217,0
DA:220,0
DA:222,0
DA:223,0
DA:224,0
DA:225,0
DA:226,0
DA:230,0
DA:231,0
DA:232,0
DA:233,0
DA:234,0
DA:238,0
DA:239,0
DA:242,0
DA:244,0
DA:245,0
DA:246,0
DA:247,0
DA:251,0
DA:252,0
DA:253,0
DA:254,0
DA:255,0
DA:256,0
DA:260,0
DA:261,0
DA:262,0
DA:263,0
DA:264,0
DA:266,0
DA:267,0
DA:268,0
DA:269,0
DA:270,0
DA:271,0
DA:273,0
DA:274,0
DA:275,0
DA:276,0
DA:279,0
DA:280,0
DA:281,0
DA:282,0
DA:286,0
DA:289,0
DA:296,0
DA:298,0
DA:301,0
DA:302,0
DA:303,0
DA:304,0
DA:307,0
DA:308,0
DA:309,0
DA:310,0
DA:313,0
DA:314,0
DA:315,0
DA:316,0
DA:318,0
DA:326,0
DA:333,0
DA:334,0
DA:341,0
DA:349,0
DA:350,0
DA:354,0
DA:355,0
DA:356,0
DA:357,0
DA:358,0
DA:362,0
LF:156
LH:0
BRDA:78,0,0,0
BRDA:78,0,1,0
BRDA:86,1,0,0
BRDA:86,1,1,0
BRDA:102,2,0,0
BRDA:102,2,1,0
BRDA:102,3,0,0
BRDA:102,3,1,0
BRDA:107,4,0,0
BRDA:107,4,1,0
BRDA:110,5,0,0
BRDA:110,5,1,0
BRDA:113,6,0,0
BRDA:113,6,1,0
BRDA:116,7,0,0
BRDA:116,7,1,0
BRDA:149,8,0,0
BRDA:149,8,1,0
BRDA:154,9,0,0
BRDA:154,9,1,0
BRDA:164,10,0,0
BRDA:164,10,1,0
BRDA:166,11,0,0
BRDA:166,11,1,0
BRDA:208,12,0,0
BRDA:208,12,1,0
BRDA:222,13,0,0
BRDA:222,13,1,0
BRDA:230,14,0,0
BRDA:230,14,1,0
BRDA:244,15,0,0
BRDA:244,15,1,0
BRDA:252,16,0,0
BRDA:252,16,1,0
BRDA:266,17,0,0
BRDA:266,17,1,0
BRDA:266,18,0,0
BRDA:266,18,1,0
BRDA:270,19,0,0
BRDA:270,19,1,0
BRDA:273,20,0,0
BRDA:273,20,1,0
BRDA:276,21,0,0
BRDA:276,21,1,0
BRDA:279,22,0,0
BRDA:279,22,1,0
BRDA:357,23,0,0
BRDA:357,23,1,0
BRF:48
BRH:0
end_of_record
TN:
SF:src/services/sync/retry-queue.ts
FN:117,generateQueueId
FN:124,loadQueue
FN:138,saveQueue
FN:158,calculateWorkOrderPriority
FN:178,getDefaultPriority
FN:210,enqueue
FN:215,(anonymous_6)
FN:248,(anonymous_7)
FN:270,getRetryableItems
FN:274,(anonymous_9)
FN:294,(anonymous_10)
FN:305,getPendingItems
FN:308,(anonymous_12)
FN:315,getInProgressItems
FN:317,(anonymous_14)
FN:325,markInProgress
FN:327,(anonymous_16)
FN:346,markCompleted
FN:348,(anonymous_18)
FN:370,markFailed
FN:375,(anonymous_20)
FN:407,markAbandoned
FN:412,(anonymous_22)
FN:434,recoverStaleItems
FN:465,findQueueItem
FN:473,(anonymous_25)
FN:486,removeFromQueue
FN:488,(anonymous_27)
FN:498,pruneQueue
FN:505,(anonymous_29)
FN:531,getQueueStats
FN:600,clearQueue
FN:608,getRetryCount
FN:621,getBlockingIssues
FN:624,(anonymous_34)
FNF:35
FNH:34
FNDA:5,generateQueueId
FNDA:50,loadQueue
FNDA:20,saveQueue
FNDA:12,calculateWorkOrderPriority
FNDA:8,getDefaultPriority
FNDA:6,enqueue
FNDA:4,(anonymous_6)
FNDA:0,(anonymous_7)
FNDA:11,getRetryableItems
FNDA:16,(anonymous_9)
FNDA:9,(anonymous_10)
FNDA:1,getPendingItems
FNDA:4,(anonymous_12)
FNDA:1,getInProgressItems
FNDA:2,(anonymous_14)
FNDA:2,markInProgress
FNDA:1,(anonymous_16)
FNDA:2,markCompleted
FNDA:2,(anonymous_18)
FNDA:3,markFailed
FNDA:3,(anonymous_20)
FNDA:1,markAbandoned
FNDA:1,(anonymous_22)
FNDA:4,recoverStaleItems
FNDA:4,findQueueItem
FNDA:3,(anonymous_25)
FNDA:2,removeFromQueue
FNDA:3,(anonymous_27)
FNDA:5,pruneQueue
FNDA:6,(anonymous_29)
FNDA:3,getQueueStats
FNDA:1,clearQueue
FNDA:1,getRetryCount
FNDA:5,getBlockingIssues
FNDA:7,(anonymous_34)
DA:15,1
DA:18,1
DA:21,1
DA:118,5
DA:125,50
DA:126,50
DA:127,50
DA:128,46
DA:130,0
DA:131,0
DA:139,20
DA:140,20
DA:142,0
DA:163,12
DA:166,9
DA:169,7
DA:172,4
DA:179,8
DA:181,5
DA:183,1
DA:185,1
DA:187,1
DA:189,0
DA:211,6
DA:214,6
DA:216,4
DA:222,6
DA:223,1
DA:226,1
DA:229,5
DA:244,5
DA:245,5
DA:247,0
DA:248,0
DA:250,0
DA:251,0
DA:253,5
DA:256,5
DA:260,5
DA:271,11
DA:272,11
DA:274,11
DA:276,16
DA:277,4
DA:281,12
DA:282,1
DA:286,11
DA:287,1
DA:290,10
DA:294,11
DA:295,9
DA:296,4
DA:298,5
DA:306,1
DA:307,1
DA:308,4
DA:316,1
DA:317,2
DA:326,2
DA:327,2
DA:329,2
DA:330,1
DA:331,1
DA:334,1
DA:335,1
DA:336,1
DA:338,1
DA:347,2
DA:348,2
DA:350,2
DA:351,1
DA:352,1
DA:356,1
DA:357,1
DA:359,1
DA:374,3
DA:375,3
DA:377,3
DA:378,0
DA:379,0
DA:382,3
DA:383,3
DA:385,3
DA:386,2
DA:387,2
DA:391,1
DA:392,1
DA:393,1
DA:398,3
DA:411,1
DA:412,1
DA:414,1
DA:415,0
DA:416,0
DA:419,1
DA:420,1
DA:422,1
DA:423,1
DA:437,4
DA:438,4
DA:439,4
DA:441,4
DA:442,5
DA:443,3
DA:444,3
DA:445,2
DA:446,2
DA:447,2
DA:448,2
DA:455,4
DA:456,2
DA:459,4
DA:470,4
DA:471,4
DA:474,3
DA:487,2
DA:488,3
DA:489,2
DA:501,5
DA:502,5
DA:503,5
DA:505,5
DA:507,6
DA:508,2
DA:511,4
DA:512,1
DA:515,3
DA:518,5
DA:519,5
DA:521,5
DA:522,3
DA:525,5
DA:532,3
DA:533,3
DA:535,3
DA:557,3
DA:559,3
DA:561,8
DA:563,3
DA:564,3
DA:566,1
DA:567,1
DA:569,2
DA:570,2
DA:572,2
DA:573,2
DA:577,8
DA:580,8
DA:583,8
DA:588,3
DA:592,3
DA:594,3
DA:601,1
DA:602,1
DA:609,1
DA:610,1
DA:622,5
DA:623,5
DA:625,7
LF:159
LH:147
BRDA:127,0,0,4
BRDA:127,0,1,46
BRDA:163,1,0,3
BRDA:163,1,1,9
BRDA:166,2,0,2
BRDA:166,2,1,7
BRDA:169,3,0,3
BRDA:169,3,1,4
BRDA:169,4,0,7
BRDA:169,4,1,6
BRDA:179,5,0,5
BRDA:179,5,1,1
BRDA:179,5,2,1
BRDA:179,5,3,1
BRDA:179,5,4,0
BRDA:216,6,0,4
BRDA:216,6,1,4
BRDA:216,6,2,4
BRDA:216,6,3,3
BRDA:216,6,4,2
BRDA:216,6,5,2
BRDA:222,7,0,1
BRDA:222,7,1,5
BRDA:235,8,0,5
BRDA:235,8,1,4
BRDA:237,9,0,5
BRDA:237,9,1,4
BRDA:245,10,0,0
BRDA:245,10,1,5
BRDA:248,11,0,0
BRDA:248,11,1,0
BRDA:276,12,0,4
BRDA:276,12,1,12
BRDA:276,13,0,16
BRDA:276,13,1,7
BRDA:281,14,0,1
BRDA:281,14,1,11
BRDA:286,15,0,1
BRDA:286,15,1,10
BRDA:286,16,0,11
BRDA:286,16,1,1
BRDA:295,17,0,4
BRDA:295,17,1,5
BRDA:308,18,0,4
BRDA:308,18,1,3
BRDA:329,19,0,1
BRDA:329,19,1,1
BRDA:350,20,0,1
BRDA:350,20,1,1
BRDA:377,21,0,0
BRDA:377,21,1,3
BRDA:385,22,0,2
BRDA:385,22,1,1
BRDA:385,23,0,3
BRDA:385,23,1,2
BRDA:414,24,0,0
BRDA:414,24,1,1
BRDA:435,25,0,3
BRDA:442,26,0,3
BRDA:442,26,1,2
BRDA:442,27,0,5
BRDA:442,27,1,3
BRDA:444,28,0,2
BRDA:444,28,1,1
BRDA:455,29,0,2
BRDA:455,29,1,2
BRDA:472,30,0,4
BRDA:472,30,1,3
BRDA:474,31,0,3
BRDA:474,31,1,3
BRDA:474,31,2,3
BRDA:474,31,3,3
BRDA:474,31,4,2
BRDA:499,32,0,4
BRDA:507,33,0,2
BRDA:507,33,1,4
BRDA:507,34,0,6
BRDA:507,34,1,4
BRDA:511,35,0,1
BRDA:511,35,1,3
BRDA:521,36,0,3
BRDA:521,36,1,2
BRDA:561,37,0,3
BRDA:561,37,1,1
BRDA:561,37,2,2
BRDA:561,37,3,2
BRDA:583,38,0,3
BRDA:583,38,1,5
BRDA:584,39,0,8
BRDA:584,39,1,8
BRDA:584,39,2,6
BRDA:584,39,3,4
BRDA:592,40,0,2
BRDA:592,40,1,1
BRDA:625,41,0,7
BRDA:625,41,1,2
BRDA:625,41,2,6
BRDA:625,41,3,5
BRDA:625,41,4,4
BRF:99
BRH:93
end_of_record
TN:
SF:src/services/sync/sync-diagnostics.ts
FN:87,getDirectorySize
FN:114,getStorageInfo
FN:149,logSyncError
FN:179,getRecentSyncErrors
FN:195,clearSyncErrorLog
FN:214,collectDiagnostics
FN:231,(anonymous_6)
FN:278,isStorageLow
FN:291,formatBytes
FN:304,formatRelativeTime
FNF:10
FNH:10
FNDA:26,getDirectorySize
FNDA:12,getStorageInfo
FNDA:70,logSyncError
FNDA:13,getRecentSyncErrors
FNDA:2,clearSyncErrorLog
FNDA:8,collectDiagnostics
FNDA:8,(anonymous_6)
FNDA:2,isStorageLow
FNDA:8,formatBytes
FNDA:13,formatRelativeTime
DA:21,1
DA:24,1
DA:88,26
DA:89,26
DA:90,8
DA:92,6
DA:93,2
DA:94,2
DA:95,2
DA:96,2
DA:98,2
DA:100,4
DA:103,18
DA:104,18
DA:115,12
DA:116,12
DA:117,12
DA:119,12
DA:127,12
DA:134,0
DA:135,0
DA:150,70
DA:151,70
DA:156,70
DA:157,70
DA:160,70
DA:163,70
DA:164,1
DA:167,70
DA:169,1
DA:180,13
DA:181,13
DA:182,13
DA:184,5
DA:185,4
DA:187,1
DA:188,1
DA:196,2
DA:224,8
DA:231,8
DA:234,8
DA:285,2
DA:292,8
DA:294,7
DA:295,7
DA:296,7
DA:298,7
DA:305,13
DA:307,12
DA:308,12
DA:309,12
DA:311,12
DA:312,11
DA:314,8
DA:315,8
DA:317,5
DA:318,5
DA:319,3
DA:321,1
LF:59
LH:57
BRDA:90,0,0,2
BRDA:90,0,1,6
BRDA:92,1,0,2
BRDA:92,1,1,4
BRDA:100,2,0,4
BRDA:100,2,1,0
BRDA:120,3,0,12
BRDA:120,3,1,0
BRDA:121,4,0,12
BRDA:121,4,1,0
BRDA:157,5,0,62
BRDA:157,5,1,8
BRDA:163,6,0,1
BRDA:163,6,1,69
BRDA:179,7,0,11
BRDA:182,8,0,8
BRDA:182,8,1,5
BRDA:236,9,0,8
BRDA:236,9,1,0
BRDA:238,10,0,8
BRDA:238,10,1,0
BRDA:239,11,0,8
BRDA:239,11,1,0
BRDA:240,12,0,8
BRDA:240,12,1,0
BRDA:251,13,0,8
BRDA:251,13,1,0
BRDA:254,14,0,1
BRDA:254,14,1,7
BRDA:255,15,0,1
BRDA:255,15,1,0
BRDA:280,16,0,1
BRDA:292,17,0,1
BRDA:292,17,1,7
BRDA:305,18,0,1
BRDA:305,18,1,12
BRDA:311,19,0,1
BRDA:311,19,1,11
BRDA:312,20,0,3
BRDA:312,20,1,8
BRDA:315,21,0,3
BRDA:315,21,1,5
BRDA:318,22,0,2
BRDA:318,22,1,3
BRDA:319,23,0,2
BRDA:319,23,1,1
BRF:46
BRH:37
end_of_record
TN:
SF:src/services/sync/sync-engine.ts
FN:115,isOnline
FN:124,isOnWiFi
FN:138,checkQuickLogBacklog
FN:184,pullChanges
FN:206,(anonymous_4)
FN:229,(anonymous_5)
FN:232,(anonymous_6)
FN:254,applyAssetChanges
FN:271,(anonymous_8)
FN:288,(anonymous_9)
FN:321,(anonymous_10)
FN:340,(anonymous_11)
FN:368,applyWorkOrderChanges
FN:388,(anonymous_13)
FN:405,(anonymous_14)
FN:475,(anonymous_15)
FN:507,(anonymous_16)
FN:549,applyMeterReadingChanges
FN:570,(anonymous_18)
FN:585,(anonymous_19)
FN:606,(anonymous_20)
FN:623,(anonymous_21)
FN:649,(anonymous_22)
FN:661,(anonymous_23)
FN:683,applyWorkOrderPhotoChanges
FN:707,(anonymous_25)
FN:726,(anonymous_26)
FN:740,(anonymous_27)
FN:743,(anonymous_28)
FN:753,(anonymous_29)
FN:758,(anonymous_30)
FN:779,(anonymous_31)
FN:792,(anonymous_32)
FN:809,pushChanges
FN:832,(anonymous_34)
FN:856,(anonymous_35)
FN:857,(anonymous_36)
FN:912,(anonymous_37)
FN:913,(anonymous_38)
FN:948,(anonymous_39)
FN:949,(anonymous_40)
FN:1000,(anonymous_41)
FN:1001,(anonymous_42)
FN:1042,getPendingChangesCount
FN:1062,getSyncStatus
FN:1091,processRetryQueue
FN:1128,syncQueuedRecord
FN:1164,(anonymous_47)
FN:1165,(anonymous_48)
FN:1192,(anonymous_49)
FN:1193,(anonymous_50)
FN:1214,(anonymous_51)
FN:1215,(anonymous_52)
FN:1242,(anonymous_53)
FN:1243,(anonymous_54)
FN:1262,performSync
FNF:56
FNH:27
FNDA:17,isOnline
FNDA:14,isOnWiFi
FNDA:19,checkQuickLogBacklog
FNDA:21,pullChanges
FNDA:19,(anonymous_4)
FNDA:0,(anonymous_5)
FNDA:0,(anonymous_6)
FNDA:19,applyAssetChanges
FNDA:1,(anonymous_8)
FNDA:0,(anonymous_9)
FNDA:0,(anonymous_10)
FNDA:1,(anonymous_11)
FNDA:19,applyWorkOrderChanges
FNDA:0,(anonymous_13)
FNDA:1,(anonymous_14)
FNDA:0,(anonymous_15)
FNDA:0,(anonymous_16)
FNDA:19,applyMeterReadingChanges
FNDA:0,(anonymous_18)
FNDA:0,(anonymous_19)
FNDA:0,(anonymous_20)
FNDA:0,(anonymous_21)
FNDA:0,(anonymous_22)
FNDA:0,(anonymous_23)
FNDA:19,applyWorkOrderPhotoChanges
FNDA:0,(anonymous_25)
FNDA:0,(anonymous_26)
FNDA:0,(anonymous_27)
FNDA:0,(anonymous_28)
FNDA:0,(anonymous_29)
FNDA:0,(anonymous_30)
FNDA:0,(anonymous_31)
FNDA:0,(anonymous_32)
FNDA:19,pushChanges
FNDA:1,(anonymous_34)
FNDA:1,(anonymous_35)
FNDA:1,(anonymous_36)
FNDA:2,(anonymous_37)
FNDA:2,(anonymous_38)
FNDA:1,(anonymous_39)
FNDA:1,(anonymous_40)
FNDA:0,(anonymous_41)
FNDA:0,(anonymous_42)
FNDA:17,getPendingChangesCount
FNDA:4,getSyncStatus
FNDA:12,processRetryQueue
FNDA:2,syncQueuedRecord
FNDA:1,(anonymous_47)
FNDA:1,(anonymous_48)
FNDA:0,(anonymous_49)
FNDA:0,(anonymous_50)
FNDA:0,(anonymous_51)
FNDA:0,(anonymous_52)
FNDA:0,(anonymous_53)
FNDA:0,(anonymous_54)
FNDA:13,performSync
DA:104,1
DA:110,1
DA:116,17
DA:117,17
DA:125,14
DA:126,14
DA:139,19
DA:140,19
DA:143,19
DA:150,19
DA:152,17
DA:153,0
DA:158,0
DA:169,2
DA:185,21
DA:187,21
DA:188,21
DA:189,21
DA:190,21
DA:192,21
DA:194,21
DA:201,19
DA:206,19
DA:208,19
DA:209,19
DA:210,19
DA:213,19
DA:214,19
DA:215,19
DA:218,19
DA:219,19
DA:220,19
DA:223,19
DA:224,19
DA:225,19
DA:229,19
DA:232,19
DA:233,0
DA:236,19
DA:238,19
DA:245,2
DA:246,2
DA:247,2
DA:255,19
DA:256,19
DA:257,19
DA:259,19
DA:260,2
DA:262,2
DA:263,2
DA:265,1
DA:267,1
DA:269,1
DA:271,1
DA:272,1
DA:276,1
DA:285,1
DA:286,0
DA:288,0
DA:290,0
DA:291,0
DA:292,0
DA:293,0
DA:294,0
DA:295,0
DA:296,0
DA:297,0
DA:298,0
DA:299,0
DA:302,0
DA:303,0
DA:307,0
DA:316,0
DA:317,0
DA:319,0
DA:321,0
DA:322,0
DA:323,0
DA:324,0
DA:325,0
DA:326,0
DA:327,0
DA:328,0
DA:329,0
DA:330,0
DA:331,0
DA:332,0
DA:333,0
DA:335,0
DA:340,1
DA:341,1
DA:342,1
DA:343,1
DA:344,1
DA:345,1
DA:346,1
DA:347,1
DA:348,1
DA:349,1
DA:350,1
DA:351,1
DA:352,1
DA:353,1
DA:354,1
DA:355,1
DA:356,1
DA:358,1
DA:362,19
DA:372,19
DA:373,19
DA:374,19
DA:376,19
DA:377,1
DA:379,1
DA:380,1
DA:382,1
DA:384,1
DA:386,1
DA:388,0
DA:389,0
DA:393,0
DA:402,0
DA:403,1
DA:405,1
DA:407,1
DA:408,0
DA:409,1
DA:410,0
DA:411,1
DA:412,1
DA:413,1
DA:414,0
DA:415,1
DA:416,0
DA:419,1
DA:420,0
DA:423,1
DA:424,0
DA:427,1
DA:428,0
DA:429,1
DA:430,0
DA:431,1
DA:432,0
DA:433,1
DA:434,0
DA:435,1
DA:436,1
DA:437,0
DA:440,1
DA:441,0
DA:442,1
DA:443,0
DA:446,1
DA:447,0
DA:450,1
DA:451,0
DA:452,1
DA:453,0
DA:456,1
DA:457,1
DA:461,1
DA:470,1
DA:471,1
DA:473,0
DA:475,0
DA:476,0
DA:477,0
DA:478,0
DA:479,0
DA:480,0
DA:481,0
DA:482,0
DA:483,0
DA:484,0
DA:485,0
DA:486,0
DA:487,0
DA:488,0
DA:489,0
DA:490,0
DA:491,0
DA:494,0
DA:495,0
DA:496,0
DA:497,0
DA:498,0
DA:499,0
DA:500,0
DA:502,0
DA:507,0
DA:508,0
DA:509,0
DA:510,0
DA:511,0
DA:512,0
DA:513,0
DA:514,0
DA:515,0
DA:516,0
DA:517,0
DA:518,0
DA:519,0
DA:520,0
DA:521,0
DA:522,0
DA:523,0
DA:524,0
DA:525,0
DA:526,0
DA:527,0
DA:530,0
DA:531,0
DA:532,0
DA:533,0
DA:534,0
DA:535,0
DA:536,0
DA:537,0
DA:539,0
DA:543,19
DA:553,19
DA:554,19
DA:555,19
DA:557,19
DA:558,0
DA:560,0
DA:561,0
DA:563,0
DA:565,0
DA:568,0
DA:570,0
DA:571,0
DA:572,0
DA:573,0
DA:574,0
DA:575,0
DA:576,0
DA:577,0
DA:580,0
DA:581,0
DA:585,0
DA:586,0
DA:587,0
DA:593,0
DA:602,0
DA:603,0
DA:604,0
DA:606,0
DA:607,0
DA:611,0
DA:620,0
DA:621,0
DA:623,0
DA:625,0
DA:626,0
DA:627,0
DA:628,0
DA:629,0
DA:631,0
DA:635,0
DA:644,0
DA:645,0
DA:647,0
DA:649,0
DA:650,0
DA:651,0
DA:652,0
DA:653,0
DA:654,0
DA:656,0
DA:661,0
DA:662,0
DA:663,0
DA:664,0
DA:665,0
DA:666,0
DA:667,0
DA:668,0
DA:669,0
DA:670,0
DA:672,0
DA:676,19
DA:687,19
DA:688,19
DA:689,19
DA:692,19
DA:693,19
DA:694,0
DA:695,0
DA:696,0
DA:700,19
DA:702,0
DA:707,0
DA:717,0
DA:719,0
DA:720,0
DA:723,0
DA:724,0
DA:726,0
DA:727,0
DA:728,0
DA:729,0
DA:730,0
DA:731,0
DA:732,0
DA:733,0
DA:734,0
DA:736,0
DA:737,0
DA:739,0
DA:740,0
DA:742,0
DA:743,0
DA:744,0
DA:745,0
DA:747,0
DA:753,0
DA:754,0
DA:758,0
DA:772,0
DA:773,0
DA:777,0
DA:779,0
DA:780,0
DA:781,0
DA:782,0
DA:783,0
DA:784,0
DA:785,0
DA:786,0
DA:787,0
DA:789,0
DA:790,0
DA:792,0
DA:793,0
DA:794,0
DA:795,0
DA:797,0
DA:803,19
DA:810,19
DA:812,19
DA:813,19
DA:814,19
DA:816,19
DA:818,19
DA:827,18
DA:832,18
DA:833,1
DA:834,1
DA:835,1
DA:839,18
DA:840,2
DA:841,2
DA:856,1
DA:857,1
DA:858,1
DA:859,1
DA:860,1
DA:863,1
DA:865,1
DA:866,1
DA:867,1
DA:868,1
DA:875,1
DA:881,18
DA:882,2
DA:883,2
DA:912,2
DA:913,2
DA:914,2
DA:915,2
DA:916,2
DA:919,2
DA:921,0
DA:922,0
DA:923,0
DA:924,0
DA:931,0
DA:937,18
DA:938,1
DA:939,1
DA:948,1
DA:949,1
DA:950,1
DA:951,1
DA:954,1
DA:956,0
DA:957,0
DA:958,0
DA:959,0
DA:966,0
DA:972,18
DA:977,18
DA:979,18
DA:980,0
DA:982,0
DA:983,0
DA:984,0
DA:986,0
DA:987,0
DA:988,0
DA:991,0
DA:1000,0
DA:1001,0
DA:1002,0
DA:1003,0
DA:1006,0
DA:1008,0
DA:1009,0
DA:1010,0
DA:1011,0
DA:1018,0
DA:1023,18
DA:1025,18
DA:1033,1
DA:1034,1
DA:1035,1
DA:1043,17
DA:1056,17
DA:1063,4
DA:1071,4
DA:1072,1
DA:1073,3
DA:1074,1
DA:1076,2
DA:1079,4
DA:1092,12
DA:1094,12
DA:1095,12
DA:1098,12
DA:1099,12
DA:1100,0
DA:1104,12
DA:1105,12
DA:1107,12
DA:1108,2
DA:1109,2
DA:1110,2
DA:1111,1
DA:1112,1
DA:1113,1
DA:1115,1
DA:1116,1
DA:1117,1
DA:1118,1
DA:1122,12
DA:1129,2
DA:1131,2
DA:1132,1
DA:1134,0
DA:1136,1
DA:1164,1
DA:1165,1
DA:1166,1
DA:1167,1
DA:1168,1
DA:1171,1
DA:1174,0
DA:1175,0
DA:1176,0
DA:1178,0
DA:1192,0
DA:1193,0
DA:1194,0
DA:1195,0
DA:1196,0
DA:1199,0
DA:1202,0
DA:1203,0
DA:1204,0
DA:1206,0
DA:1214,0
DA:1215,0
DA:1216,0
DA:1217,0
DA:1220,0
DA:1223,0
DA:1224,0
DA:1225,0
DA:1228,0
DA:1229,0
DA:1230,0
DA:1231,0
DA:1232,0
DA:1234,0
DA:1242,0
DA:1243,0
DA:1244,0
DA:1245,0
DA:1248,0
DA:1263,13
DA:1264,13
DA:1267,13
DA:1270,13
DA:1271,13
DA:1272,1
DA:1273,1
DA:1274,1
DA:1283,12
DA:1285,12
DA:1287,12
DA:1290,12
DA:1291,12
DA:1294,11
DA:1295,11
DA:1297,11
DA:1298,10
DA:1299,10
DA:1301,1
DA:1305,11
DA:1306,11
DA:1308,11
DA:1310,11
DA:1324,11
DA:1325,11
DA:1326,11
DA:1327,11
DA:1328,11
DA:1331,11
DA:1332,11
DA:1334,11
DA:1342,11
DA:1344,1
DA:1345,1
DA:1347,1
DA:1348,1
DA:1349,1
DA:1350,1
DA:1352,1
DA:1353,1
DA:1355,1
LF:532
LH:251
BRDA:117,0,0,17
BRDA:117,0,1,0
BRDA:152,1,0,0
BRDA:152,1,1,17
BRDA:245,2,0,2
BRDA:245,2,1,0
BRDA:263,3,0,1
BRDA:263,3,1,1
BRDA:265,4,0,1
BRDA:265,4,1,0
BRDA:269,5,0,1
BRDA:269,5,1,0
BRDA:286,6,0,0
BRDA:286,6,1,0
BRDA:290,7,0,0
BRDA:290,7,1,0
BRDA:292,8,0,0
BRDA:292,8,1,0
BRDA:294,9,0,0
BRDA:294,9,1,0
BRDA:296,10,0,0
BRDA:296,10,1,0
BRDA:297,11,0,0
BRDA:297,11,1,0
BRDA:299,12,0,0
BRDA:299,12,1,0
BRDA:319,13,0,0
BRDA:319,13,1,0
BRDA:380,14,0,1
BRDA:380,14,1,0
BRDA:382,15,0,1
BRDA:382,15,1,0
BRDA:386,16,0,0
BRDA:386,16,1,1
BRDA:403,17,0,1
BRDA:403,17,1,0
BRDA:407,18,0,0
BRDA:407,18,1,1
BRDA:409,19,0,0
BRDA:409,19,1,1
BRDA:411,20,0,1
BRDA:411,20,1,0
BRDA:413,21,0,0
BRDA:413,21,1,1
BRDA:415,22,0,0
BRDA:415,22,1,1
BRDA:416,23,0,0
BRDA:416,23,1,0
BRDA:419,24,0,0
BRDA:419,24,1,1
BRDA:420,25,0,0
BRDA:420,25,1,0
BRDA:423,26,0,0
BRDA:423,26,1,1
BRDA:424,27,0,0
BRDA:424,27,1,0
BRDA:427,28,0,0
BRDA:427,28,1,1
BRDA:429,29,0,0
BRDA:429,29,1,1
BRDA:431,30,0,0
BRDA:431,30,1,1
BRDA:433,31,0,0
BRDA:433,31,1,1
BRDA:435,32,0,0
BRDA:435,32,1,1
BRDA:436,33,0,0
BRDA:436,33,1,1
BRDA:440,34,0,0
BRDA:440,34,1,1
BRDA:442,35,0,0
BRDA:442,35,1,1
BRDA:443,36,0,0
BRDA:443,36,1,0
BRDA:446,37,0,0
BRDA:446,37,1,1
BRDA:450,38,0,0
BRDA:450,38,1,1
BRDA:452,39,0,0
BRDA:452,39,1,1
BRDA:473,40,0,0
BRDA:473,40,1,0
BRDA:483,41,0,0
BRDA:483,41,1,0
BRDA:484,42,0,0
BRDA:484,42,1,0
BRDA:485,43,0,0
BRDA:485,43,1,0
BRDA:491,44,0,0
BRDA:491,44,1,0
BRDA:519,45,0,0
BRDA:519,45,1,0
BRDA:520,46,0,0
BRDA:520,46,1,0
BRDA:521,47,0,0
BRDA:521,47,1,0
BRDA:527,48,0,0
BRDA:527,48,1,0
BRDA:561,49,0,0
BRDA:561,49,1,0
BRDA:563,50,0,0
BRDA:563,50,1,0
BRDA:568,51,0,0
BRDA:568,51,1,0
BRDA:577,52,0,0
BRDA:577,52,1,0
BRDA:587,53,0,0
BRDA:587,53,1,0
BRDA:604,54,0,0
BRDA:604,54,1,0
BRDA:621,55,0,0
BRDA:621,55,1,0
BRDA:625,56,0,0
BRDA:625,56,1,0
BRDA:627,57,0,0
BRDA:627,57,1,0
BRDA:629,58,0,0
BRDA:629,58,1,0
BRDA:647,59,0,0
BRDA:647,59,1,0
BRDA:694,60,0,0
BRDA:694,60,1,0
BRDA:719,61,0,0
BRDA:719,61,1,0
BRDA:724,62,0,0
BRDA:724,62,1,0
BRDA:730,63,0,0
BRDA:730,63,1,0
BRDA:737,64,0,0
BRDA:737,64,1,0
BRDA:740,65,0,0
BRDA:740,65,1,0
BRDA:742,66,0,0
BRDA:742,66,1,0
BRDA:753,67,0,0
BRDA:753,67,1,0
BRDA:753,68,0,0
BRDA:753,68,1,0
BRDA:777,69,0,0
BRDA:777,69,1,0
BRDA:783,70,0,0
BRDA:783,70,1,0
BRDA:790,71,0,0
BRDA:790,71,1,0
BRDA:842,72,0,2
BRDA:842,72,1,0
BRDA:867,73,0,1
BRDA:867,73,1,0
BRDA:884,74,0,2
BRDA:884,74,1,0
BRDA:894,75,0,2
BRDA:894,75,1,0
BRDA:895,76,0,0
BRDA:895,76,1,2
BRDA:896,77,0,0
BRDA:896,77,1,2
BRDA:902,78,0,0
BRDA:902,78,1,2
BRDA:923,79,0,0
BRDA:923,79,1,0
BRDA:940,80,0,1
BRDA:940,80,1,0
BRDA:958,81,0,0
BRDA:958,81,1,0
BRDA:986,82,0,0
BRDA:986,82,1,0
BRDA:992,83,0,0
BRDA:992,83,1,0
BRDA:1010,84,0,0
BRDA:1010,84,1,0
BRDA:1033,85,0,1
BRDA:1033,85,1,0
BRDA:1071,86,0,1
BRDA:1071,86,1,3
BRDA:1073,87,0,1
BRDA:1073,87,1,2
BRDA:1099,88,0,0
BRDA:1099,88,1,12
BRDA:1129,89,0,2
BRDA:1129,89,1,0
BRDA:1129,89,2,0
BRDA:1129,89,3,0
BRDA:1132,90,0,0
BRDA:1132,90,1,1
BRDA:1137,91,0,1
BRDA:1137,91,1,0
BRDA:1147,92,0,1
BRDA:1147,92,1,0
BRDA:1148,93,0,0
BRDA:1148,93,1,1
BRDA:1149,94,0,0
BRDA:1149,94,1,1
BRDA:1155,95,0,0
BRDA:1155,95,1,1
BRDA:1175,96,0,0
BRDA:1175,96,1,0
BRDA:1179,97,0,0
BRDA:1179,97,1,0
BRDA:1203,98,0,0
BRDA:1203,98,1,0
BRDA:1207,99,0,0
BRDA:1207,99,1,0
BRDA:1224,100,0,0
BRDA:1224,100,1,0
BRDA:1231,101,0,0
BRDA:1231,101,1,0
BRDA:1235,102,0,0
BRDA:1235,102,1,0
BRDA:1271,103,0,1
BRDA:1271,103,1,12
BRDA:1297,104,0,10
BRDA:1297,104,1,1
BRDA:1311,105,0,11
BRDA:1311,105,1,11
BRDA:1344,106,0,1
BRDA:1344,106,1,0
BRF:216
BRH:57
end_of_record
TN:
SF:src/services/sync/sync-export.ts
FN:83,ensureExportDirectory
FN:93,generateExportFileName
FN:102,cleanupOldExports
FN:130,formatSyncError
FN:144,formatConflict
FN:172,exportLogsForSupport
FN:200,(anonymous_6)
FN:252,shareExportedLogs
FN:280,getExportFiles
FN:304,(anonymous_9)
FN:314,deleteExport
FN:322,clearAllExports
FNF:12
FNH:0
FNDA:0,ensureExportDirectory
FNDA:0,generateExportFileName
FNDA:0,cleanupOldExports
FNDA:0,formatSyncError
FNDA:0,formatConflict
FNDA:0,exportLogsForSupport
FNDA:0,(anonymous_6)
FNDA:0,shareExportedLogs
FNDA:0,getExportFiles
FNDA:0,(anonymous_9)
FNDA:0,deleteExport
FNDA:0,clearAllExports
DA:22,0
DA:25,0
DA:84,0
DA:85,0
DA:86,0
DA:94,0
DA:95,0
DA:96,0
DA:103,0
DA:104,0
DA:105,0
DA:107,0
DA:108,0
DA:110,0
DA:111,0
DA:112,0
DA:114,0
DA:115,0
DA:116,0
DA:117,0
DA:118,0
DA:123,0
DA:131,0
DA:145,0
DA:173,0
DA:175,0
DA:176,0
DA:179,0
DA:188,0
DA:200,0
DA:217,0
DA:218,0
DA:219,0
DA:221,0
DA:226,0
DA:227,0
DA:229,0
DA:231,0
DA:238,0
DA:239,0
DA:256,0
DA:258,0
DA:259,0
DA:263,0
DA:264,0
DA:265,0
DA:268,0
DA:274,0
DA:281,0
DA:282,0
DA:283,0
DA:285,0
DA:286,0
DA:288,0
DA:289,0
DA:290,0
DA:291,0
DA:292,0
DA:293,0
DA:304,0
DA:306,0
DA:307,0
DA:315,0
DA:316,0
DA:323,0
DA:324,0
DA:325,0
DA:326,0
DA:327,0
DA:330,0
LF:70
LH:0
BRDA:85,0,0,0
BRDA:85,0,1,0
BRDA:105,1,0,0
BRDA:105,1,1,0
BRDA:114,2,0,0
BRDA:114,2,1,0
BRDA:114,3,0,0
BRDA:114,3,1,0
BRDA:116,4,0,0
BRDA:116,4,1,0
BRDA:137,5,0,0
BRDA:137,5,1,0
BRDA:227,6,0,0
BRDA:227,6,1,0
BRDA:227,7,0,0
BRDA:227,7,1,0
BRDA:241,8,0,0
BRDA:241,8,1,0
BRDA:254,9,0,0
BRDA:258,10,0,0
BRDA:258,10,1,0
BRDA:264,11,0,0
BRDA:264,11,1,0
BRDA:283,12,0,0
BRDA:283,12,1,0
BRDA:289,13,0,0
BRDA:289,13,1,0
BRDA:292,14,0,0
BRDA:292,14,1,0
BRDA:296,15,0,0
BRDA:296,15,1,0
BRDA:297,16,0,0
BRDA:297,16,1,0
BRDA:325,17,0,0
BRDA:325,17,1,0
BRF:35
BRH:0
end_of_record
TN:
SF:src/services/sync/sync-queries.ts
FN:154,getSiteId
FN:165,fetchWorkOrdersSince
FN:192,fetchAssetsSince
FN:220,fetchMeterReadingsSince
FN:241,(anonymous_4)
FN:267,upsertWorkOrder
FN:290,upsertAsset
FN:313,upsertMeterReading
FN:335,fetchWorkOrderPhotosSince
FN:365,fetchAllWorkOrderPhotosSince
FN:386,(anonymous_10)
FN:412,upsertWorkOrderPhoto
FNF:12
FNH:12
FNDA:14,getSiteId
FNDA:5,fetchWorkOrdersSince
FNDA:3,fetchAssetsSince
FNDA:3,fetchMeterReadingsSince
FNDA:2,(anonymous_4)
FNDA:2,upsertWorkOrder
FNDA:2,upsertAsset
FNDA:2,upsertMeterReading
FNDA:3,fetchWorkOrderPhotosSince
FNDA:3,fetchAllWorkOrderPhotosSince
FNDA:2,(anonymous_10)
FNDA:2,upsertWorkOrderPhoto
DA:155,14
DA:156,14
DA:157,1
DA:159,13
DA:166,5
DA:167,5
DA:169,4
DA:175,4
DA:176,1
DA:179,4
DA:181,4
DA:182,1
DA:183,1
DA:186,3
DA:193,3
DA:194,3
DA:196,3
DA:202,3
DA:203,0
DA:206,3
DA:208,3
DA:209,1
DA:210,1
DA:213,2
DA:223,3
DA:224,3
DA:227,3
DA:232,3
DA:233,1
DA:234,1
DA:237,2
DA:238,1
DA:241,2
DA:243,1
DA:249,1
DA:250,0
DA:253,1
DA:255,1
DA:256,0
DA:257,0
DA:260,1
DA:270,2
DA:272,2
DA:278,2
DA:279,1
DA:280,1
DA:283,1
DA:293,2
DA:295,2
DA:301,2
DA:302,1
DA:303,1
DA:306,1
DA:316,2
DA:318,2
DA:324,2
DA:325,1
DA:326,1
DA:329,1
DA:339,3
DA:341,3
DA:347,3
DA:348,0
DA:351,3
DA:353,3
DA:354,1
DA:355,1
DA:358,2
DA:368,3
DA:369,3
DA:372,3
DA:377,3
DA:378,1
DA:379,1
DA:382,2
DA:383,1
DA:386,2
DA:388,1
DA:394,1
DA:395,0
DA:398,1
DA:400,1
DA:401,0
DA:402,0
DA:405,1
DA:415,2
DA:417,2
DA:423,2
DA:424,1
DA:425,1
DA:428,1
LF:91
LH:83
BRDA:156,0,0,1
BRDA:156,0,1,13
BRDA:175,1,0,1
BRDA:175,1,1,3
BRDA:181,2,0,1
BRDA:181,2,1,3
BRDA:186,3,0,3
BRDA:186,3,1,1
BRDA:202,4,0,0
BRDA:202,4,1,3
BRDA:208,5,0,1
BRDA:208,5,1,2
BRDA:213,6,0,2
BRDA:213,6,1,1
BRDA:232,7,0,1
BRDA:232,7,1,2
BRDA:237,8,0,1
BRDA:237,8,1,1
BRDA:237,9,0,2
BRDA:237,9,1,2
BRDA:249,10,0,0
BRDA:249,10,1,1
BRDA:255,11,0,0
BRDA:255,11,1,1
BRDA:260,12,0,1
BRDA:260,12,1,0
BRDA:278,13,0,1
BRDA:278,13,1,1
BRDA:301,14,0,1
BRDA:301,14,1,1
BRDA:324,15,0,1
BRDA:324,15,1,1
BRDA:347,16,0,0
BRDA:347,16,1,3
BRDA:353,17,0,1
BRDA:353,17,1,2
BRDA:358,18,0,2
BRDA:358,18,1,1
BRDA:377,19,0,1
BRDA:377,19,1,2
BRDA:382,20,0,1
BRDA:382,20,1,1
BRDA:382,21,0,2
BRDA:382,21,1,2
BRDA:394,22,0,0
BRDA:394,22,1,1
BRDA:400,23,0,0
BRDA:400,23,1,1
BRDA:405,24,0,1
BRDA:405,24,1,0
BRDA:423,25,0,1
BRDA:423,25,1,1
BRF:52
BRH:44
end_of_record
TN:
SF:src/services/sync/sync-storage.ts
FN:22,getLastSyncAt
FN:40,setLastSyncAt
FN:53,getSyncError
FN:66,setSyncError
FN:82,clearSyncMetadata
FNF:5
FNH:5
FNDA:6,getLastSyncAt
FNDA:5,setLastSyncAt
FNDA:6,getSyncError
FNDA:8,setSyncError
FNDA:4,clearSyncMetadata
DA:13,1
DA:23,6
DA:24,6
DA:25,5
DA:26,2
DA:28,3
DA:29,3
DA:31,1
DA:32,1
DA:41,5
DA:42,5
DA:44,1
DA:45,1
DA:54,6
DA:55,6
DA:57,1
DA:58,1
DA:67,8
DA:68,8
DA:69,3
DA:71,5
DA:74,2
DA:75,2
DA:83,4
DA:84,4
DA:86,1
DA:87,1
LF:27
LH:27
BRDA:25,0,0,2
BRDA:25,0,1,3
BRDA:29,1,0,1
BRDA:29,1,1,2
BRDA:68,2,0,3
BRDA:68,2,1,5
BRF:6
BRH:6
end_of_record
